MSBuild-Version 17.14.18+a338add32 für .NET Framework

  1>Checking Build System
  CMake is re-running because C:/TrinityBots/TrinityCore/build/src/server/modules/Playerbot/CMakeFiles/generate.stamp is out-of-date.
    the file 'C:/TrinityBots/TrinityCore/src/modules/Playerbot/CMakeLists.txt'
    is newer than 'C:/TrinityBots/TrinityCore/build/src/server/modules/Playerbot/CMakeFiles/generate.stamp.depend'
    result='-1'
  -- Detected 64-bit platform
  -- Detected amd64 processor architecture
  -- MSVC: Minimum version required is 19.32, found 19.44.35214.0 - ok!
  -- MSVC: Enabled increased number of sections in object files
  -- MSVC: Overloaded standard names
  -- MSVC: Disabled NON-SECURE warnings
  -- MSVC: Disabled POSIX warnings
  -- MSVC: Disabled generic compiletime warnings
  -- Found MySQL:   found components: binary
  -- Found MySQL executable: C:/Program Files/MySQL/MySQL Server 9.4/bin/mysql.exe
  
  * TrinityCore revision   : 3e77970902e8+ 2025-10-03 00:07:24 +0200 (playerbot-dev branch)
  
  * Install core to        : C:/Program Files (x86)/TrinityCore
  * Install configs to     : C:/Program Files (x86)/TrinityCore
  
  * Build world/auth       : Yes (default)
  * Build with scripts     : Yes (static)
  * Build map/vmap tools   : Yes (default)
  * Build unit tests       : No (default)
  * Build core w/PCH       : Yes (default)
  * Build scripts w/PCH    : Yes (default)
  * Show all warnings      : No  (default)
CUSTOMBUILD : * Stop build on warning : No  (default) [C:\TrinityBots\TrinityCore\build\ZERO_CHECK.vcxproj]
  * Use coreside debug     : No  (default)
  * Show source tree       : Yes (hierarchical)
  * Use GIT revision hash  : Yes (default)
  
  -- Using system Boost 1.78 for Playerbot compatibility
  -- Forcing system Boost 1.78 from: C:/libs/boost_1_78_0-bin-msvc-all-32-64/boost_1_78_0
  -- Ô£à System Boost 1.78 found at: C:/libs/boost_1_78_0-bin-msvc-all-32-64/boost_1_78_0
  -- Ô£à Boost libraries: C:/libs/boost_1_78_0-bin-msvc-all-32-64/boost_1_78_0/lib64-msvc-14.3/libboost_system-vc143-mt-x64-1_78.lib;C:/libs/boost_1_78_0-bin-msvc-all-32-64/boost_1_78_0/lib64-msvc-14.3/libboost_thread-vc143-mt-x64-1_78.lib;C:/libs/boost_1_78_0-bin-msvc-all-32-64/boost_1_78_0/lib64-msvc-14.3/libboost_filesystem-vc143-mt-x64-1_78.lib;C:/libs/boost_1_78_0-bin-msvc-all-32-64/boost_1_78_0/lib64-msvc-14.3/libboost_program_options-vc143-mt-x64-1_78.lib;C:/libs/boost_1_78_0-bin-msvc-all-32-64/boost_1_78_0/lib64-msvc-14.3/libboost_regex-vc143-mt-x64-1_78.lib;C:/libs/boost_1_78_0-bin-msvc-all-32-64/boost_1_78_0/lib64-msvc-14.3/libboost_locale-vc143-mt-x64-1_78.lib
  -- Found MySQL: C:/Program Files/MySQL/MySQL Server 9.4/lib/libmysql.lib  found components: lib
  -- Found MySQL version: "9.4.0", minimum required is "8.0.34"
  -- Found MySQL library: C:/Program Files/MySQL/MySQL Server 9.4/lib/libmysql.lib
  -- Found MySQL headers: C:/Program Files/MySQL/MySQL Server 9.4/include
  
  * Script configuration (static):
      |
      +- worldserver
      |   +- Argus
      |   +- Battlefield
      |   +- Battlegrounds
      |   +- BrokenIsles
      |   +- Commands
      |   +- Custom
      |   +- Draenor
      |   +- DragonIsles
      |   +- EasternKingdoms
      |   +- Events
      |   +- ExilesReach
      |   +- Kalimdor
      |   +- KhazAlgar
      |   +- KulTiras
      |   +- Maelstrom
      |   +- Northrend
      |   +- OutdoorPvP
      |   +- Outland
      |   +- Pandaria
      |   +- Pet
      |   +- Shadowlands
      |   +- Spells
      |   +- World
      |   +- Zandalar
      |
  
  -- === Building TrinityCore Playerbot Enterprise Module ===
  -- === Playerbot Enterprise Dependency Detection ===
  -- Ô£à MSVC 19.44.35214.0 (C++20 capable)
  -- TBB dependency removed - using standard C++ threading
  -- Ô£à Intel TBB found at: C:/libs/vcpkg/packages/tbb_x64-windows/include
  -- Ô£à TBB library: C:/libs/vcpkg/packages/tbb_x64-windows/lib/tbb12.lib
  -- Ô£à TBB dependency skipped - using std:: threading primitives
  -- Ô£à Intel TBB enterprise components verified
  -- Detecting Parallel Hashmap...
  -- Ô£à Parallel Hashmap enterprise components verified
  -- Detecting Boost libraries...
  -- Forcing system Boost 1.78 from: C:/libs/boost_1_78_0-bin-msvc-all-32-64/boost_1_78_0
  -- Ô£à System Boost 1.78 found at: C:/libs/boost_1_78_0-bin-msvc-all-32-64/boost_1_78_0
  -- Ô£à Boost libraries: C:/libs/boost_1_78_0-bin-msvc-all-32-64/boost_1_78_0/lib64-msvc-14.3/libboost_system-vc143-mt-x64-1_78.lib;C:/libs/boost_1_78_0-bin-msvc-all-32-64/boost_1_78_0/lib64-msvc-14.3/libboost_thread-vc143-mt-x64-1_78.lib;C:/libs/boost_1_78_0-bin-msvc-all-32-64/boost_1_78_0/lib64-msvc-14.3/libboost_filesystem-vc143-mt-x64-1_78.lib;C:/libs/boost_1_78_0-bin-msvc-all-32-64/boost_1_78_0/lib64-msvc-14.3/libboost_program_options-vc143-mt-x64-1_78.lib;C:/libs/boost_1_78_0-bin-msvc-all-32-64/boost_1_78_0/lib64-msvc-14.3/libboost_regex-vc143-mt-x64-1_78.lib;C:/libs/boost_1_78_0-bin-msvc-all-32-64/boost_1_78_0/lib64-msvc-14.3/libboost_locale-vc143-mt-x64-1_78.lib
  -- Ô£à Boost  enterprise components verified
  -- Detecting MySQL client libraries...
  CMake Warning at cmake/modules/FindPlayerbotDependencies.cmake:248 (message):
    ÔÜá´©Å MySQL functional test failed, but library was found - proceeding
    with build
  Call Stack (most recent call first):
    src/modules/Playerbot/CMakeLists.txt:22 (include)
  
  -- Ô£à MySQL client library enterprise components verified
  
  -- Ô£à OpenSSL 3.5.1 found
  -- === Playerbot Dependency Summary ===
  -- Intel TBB:        Ô£à Available
  -- Parallel Hashmap: Ô£à Available
  -- Boost:            Ô£à 
  -- MySQL:            Ô£à Available
  -- OpenSSL:          Ô£à 3.5.1
  -- Compiler:         Ô£à MSVC 19.44.35214.0
  -- Platform:         Windows 10.0.26100
  -- Architecture:     AMD64
  -- Windows optimizations: Enabled
  -- ­ƒÜÇ All enterprise dependencies validated - Playerbot ready!
  -- Enterprise dependencies validated by FindPlayerbotDependencies.cmake
  -- Ô£à All enterprise dependencies validated
  -- Playerbot module: ENABLED with enterprise optimizations
  -- Configuring enterprise performance optimizations
  -- === Playerbot Enterprise Configuration Summary ===
  --   -> Build Type: RelWithDebInfo
  --   -> C++ Standard: C++20
  --   -> Intel TBB: 
  --   -> Parallel Hashmap: 
  --   -> Boost: 
  --   -> MySQL: 
  --   -> Performance Optimizations: $<$<CONFIG:Release>:Enabled>
  --   -> Source files: C:/TrinityBots/TrinityCore/src/modules/Playerbot/PlayerbotModule.cpp;C:/TrinityBots/TrinityCore/src/modules/Playerbot/PlayerbotModule.h;C:/TrinityBots/TrinityCore/src/modules/Playerbot/PlayerbotModuleAdapter.cpp;C:/TrinityBots/TrinityCore/src/modules/Playerbot/PlayerbotModuleAdapter.h;C:/TrinityBots/TrinityCore/src/modules/Playerbot/Config/PlayerbotConfig.cpp;C:/TrinityBots/TrinityCore/src/modules/Playerbot/Config/PlayerbotConfig.h;C:/TrinityBots/TrinityCore/src/modules/Playerbot/Config/PlayerbotLog.cpp;C:/TrinityBots/TrinityCore/src/modules/Playerbot/Config/PlayerbotLog.h;C:/TrinityBots/TrinityCore/src/modules/Playerbot/Session/BotSession.cpp;C:/TrinityBots/TrinityCore/src/modules/Playerbot/Session/BotSession.h;C:/TrinityBots/TrinityCore/src/modules/Playerbot/Session/BotSessionMgr.cpp;C:/TrinityBots/TrinityCore/src/modules/Playerbot/Session/BotSessionMgr.h;C:/TrinityBots/TrinityCore/src/modules/Playerbot/Session/BotWorldSessionMgr.cpp;C:/TrinityBots/TrinityCore/src/modules/Playerbot/Session/BotWorldSessionMgr.h;C:/TrinityBots/TrinityCore/src/modules/Playerbot/AI/BotAI.cpp;C:/TrinityBots/TrinityCore/src/modules/Playerbot/AI/BotAI.h;C:/TrinityBots/TrinityCore/src/modules/Playerbot/AI/BotAIFactory.cpp;C:/TrinityBots/TrinityCore/src/modules/Playerbot/AI/Strategy/Strategy.cpp;C:/TrinityBots/TrinityCore/src/modules/Playerbot/AI/Strategy/Strategy.h;C:/TrinityBots/TrinityCore/src/modules/Playerbot/AI/Strategy/GroupCombatStrategy.cpp;C:/TrinityBots/TrinityCore/src/modules/Playerbot/AI/Strategy/GroupCombatStrategy.h;C:/TrinityBots/TrinityCore/src/modules/Playerbot/AI/Actions/Action.cpp;C:/TrinityBots/TrinityCore/src/modules/Playerbot/AI/Actions/Action.h;C:/TrinityBots/TrinityCore/src/modules/Playerbot/AI/Actions/CommonActions.cpp;C:/TrinityBots/TrinityCore/src/modules/Playerbot/AI/Actions/CommonActions.h;C:/TrinityBots/TrinityCore/src/modules/Playerbot/AI/Triggers/Trigger.cpp;C:/TrinityBots/TrinityCore/src/modules/Playerbot/AI/Triggers/Trigger.h;C:/TrinityBots/TrinityCore/src/modules/Playerbot/AI/Values/Value.cpp;C:/TrinityBots/TrinityCore/src/modules/Playerbot/AI/Values/Value.h;C:/TrinityBots/TrinityCore/src/modules/Playerbot/AI/ResourceManager.cpp;C:/TrinityBots/TrinityCore/src/modules/Playerbot/AI/ResourceManager.h;C:/TrinityBots/TrinityCore/src/modules/Playerbot/AI/CooldownManager.cpp;C:/TrinityBots/TrinityCore/src/modules/Playerbot/AI/CooldownManager.h;C:/TrinityBots/TrinityCore/src/modules/Playerbot/AI/InterruptManager.cpp;C:/TrinityBots/TrinityCore/src/modules/Playerbot/AI/InterruptManager.h;C:/TrinityBots/TrinityCore/src/modules/Playerbot/AI/ClassAI/ClassAI.cpp;C:/TrinityBots/TrinityCore/src/modules/Playerbot/AI/ClassAI/ClassAI.h;C:/TrinityBots/TrinityCore/src/modules/Playerbot/AI/ClassAI/ActionPriority.cpp;C:/TrinityBots/TrinityCore/src/modules/Playerbot/AI/ClassAI/ActionPriority.h;C:/TrinityBots/TrinityCore/src/modules/Playerbot/AI/ClassAI/CooldownManager.cpp;C:/TrinityBots/TrinityCore/src/modules/Playerbot/AI/ClassAI/CooldownManager.h;C:/TrinityBots/TrinityCore/src/modules/Playerbot/AI/ClassAI/ResourceManager.cpp;C:/TrinityBots/TrinityCore/src/modules/Playerbot/AI/ClassAI/ResourceManager.h;C:/TrinityBots/TrinityCore/src/modules/Playerbot/AI/ClassAI/CombatSpecializationTemplates.h;C:/TrinityBots/TrinityCore/src/modules/Playerbot/AI/ClassAI/ResourceTypes.h;C:/TrinityBots/TrinityCore/src/modules/Playerbot/AI/ClassAI/RoleSpecializations.h;C:/TrinityBots/TrinityCore/src/modules/Playerbot/AI/ClassAI/BaselineRotationManager.cpp;C:/TrinityBots/TrinityCore/src/modules/Playerbot/AI/ClassAI/BaselineRotationManager.h;C:/TrinityBots/TrinityCore/src/modules/Playerbot/AI/ClassAI/DeathKnights/DeathKnightAI.h;C:/TrinityBots/TrinityCore/src/modules/Playerbot/AI/ClassAI/DeathKnights/DiseaseManager.cpp;C:/TrinityBots/TrinityCore/src/modules/Playerbot/AI/ClassAI/DeathKnights/DiseaseManager.h;C:/TrinityBots/TrinityCore/src/modules/Playerbot/AI/ClassAI/DeathKnights/RuneManager.cpp;C:/TrinityBots/TrinityCore/src/modules/Playerbot/AI/ClassAI/DeathKnights/RuneManager.h;C:/TrinityBots/TrinityCore/src/modules/Playerbot/AI/ClassAI/DeathKnights/DeathKnightTypes.h;C:/TrinityBots/TrinityCore/src/modules/Playerbot/AI/ClassAI/DeathKnights/UnholySpecialization.cpp;C:/TrinityBots/TrinityCore/src/modules/Playerbot/AI/ClassAI/DeathKnights/BloodSpecialization.cpp;C:/TrinityBots/TrinityCore/src/modules/Playerbot/AI/ClassAI/DeathKnights/FrostSpecialization.cpp;C:/TrinityBots/TrinityCore/src/modules/Playerbot/AI/ClassAI/DeathKnights/DeathKnightAI_Specialization.cpp;C:/TrinityBots/TrinityCore/src/modules/Playerbot/AI/ClassAI/DeathKnights/DeathKnightSpecialization.cpp;C:/TrinityBots/TrinityCore/src/modules/Playerbot/AI/ClassAI/DeathKnights/BloodDeathKnightRefactored.h;C:/TrinityBots/TrinityCore/src/modules/Playerbot/AI/ClassAI/DeathKnights/FrostDeathKnightRefactored.h;C:/TrinityBots/TrinityCore/src/modules/Playerbot/AI/ClassAI/DeathKnights/UnholyDeathKnightRefactored.h;C:/TrinityBots/TrinityCore/src/modules/Playerbot/AI/ClassAI/DemonHunters/DemonHunterAI.cpp;C:/TrinityBots/TrinityCore/src/modules/Playerbot/AI/ClassAI/DemonHunters/DemonHunterAI.h;C:/TrinityBots/TrinityCore/src/modules/Playerbot/AI/ClassAI/Druids/DruidAI.cpp;C:/TrinityBots/TrinityCore/src/modules/Playerbot/AI/ClassAI/Druids/DruidAI.h;C:/TrinityBots/TrinityCore/src/modules/Playerbot/AI/ClassAI/Druids/BalanceDruidRefactored.h;C:/TrinityBots/TrinityCore/src/modules/Playerbot/AI/ClassAI/Druids/FeralDruidRefactored.h;C:/TrinityBots/TrinityCore/src/modules/Playerbot/AI/ClassAI/Druids/GuardianDruidRefactored.h;C:/TrinityBots/TrinityCore/src/modules/Playerbot/AI/ClassAI/Druids/RestorationDruidRefactored.h;C:/TrinityBots/TrinityCore/src/modules/Playerbot/AI/ClassAI/Evokers/EvokerAI.cpp;C:/TrinityBots/TrinityCore/src/modules/Playerbot/AI/ClassAI/Evokers/EvokerAI.h;C:/TrinityBots/TrinityCore/src/modules/Playerbot/AI/ClassAI/Evokers/DevastationEvokerRefactored.h;C:/TrinityBots/TrinityCore/src/modules/Playerbot/AI/ClassAI/Evokers/PreservationEvokerRefactored.h;C:/TrinityBots/TrinityCore/src/modules/Playerbot/AI/ClassAI/Hunters/HunterAI.cpp;C:/TrinityBots/TrinityCore/src/modules/Playerbot/AI/ClassAI/Hunters/HunterAI.h;C:/TrinityBots/TrinityCore/src/modules/Playerbot/AI/ClassAI/Hunters/HunterSpecializationBase.cpp;C:/TrinityBots/TrinityCore/src/modules/Playerbot/AI/ClassAI/Hunters/HunterSpecialization.h;C:/TrinityBots/TrinityCore/src/modules/Playerbot/AI/ClassAI/Hunters/BeastMasteryHunterRefactored.h;C:/TrinityBots/TrinityCore/src/modules/Playerbot/AI/ClassAI/Hunters/MarksmanshipHunterRefactored.h;C:/TrinityBots/TrinityCore/src/modules/Playerbot/AI/ClassAI/Hunters/SurvivalHunterRefactored.h;C:/TrinityBots/TrinityCore/src/modules/Playerbot/AI/ClassAI/DemonHunters/HavocDemonHunterRefactored.h;C:/TrinityBots/TrinityCore/src/modules/Playerbot/AI/ClassAI/DemonHunters/VengeanceDemonHunterRefactored.h;C:/TrinityBots/TrinityCore/src/modules/Playerbot/AI/ClassAI/Mages/MageAI.h;C:/TrinityBots/TrinityCore/src/modules/Playerbot/AI/ClassAI/Mages/FireSpecialization.cpp;C:/TrinityBots/TrinityCore/src/modules/Playerbot/AI/ClassAI/Mages/ArcaneSpecialization.cpp;C:/TrinityBots/TrinityCore/src/modules/Playerbot/AI/ClassAI/Mages/FrostSpecialization.cpp;C:/TrinityBots/TrinityCore/src/modules/Playerbot/AI/ClassAI/Mages/MageAI_Specialization.cpp;C:/TrinityBots/TrinityCore/src/modules/Playerbot/AI/ClassAI/Mages/MageSpecialization.cpp;C:/TrinityBots/TrinityCore/src/modules/Playerbot/AI/ClassAI/Mages/ArcaneMageRefactored.h;C:/TrinityBots/TrinityCore/src/modules/Playerbot/AI/ClassAI/Mages/FireMageRefactored.h;C:/TrinityBots/TrinityCore/src/modules/Playerbot/AI/ClassAI/Mages/FrostMageRefactored.h;C:/TrinityBots/TrinityCore/src/modules/Playerbot/AI/ClassAI/Priests/DisciplinePriestRefactored.h;C:/TrinityBots/TrinityCore/src/modules/Playerbot/AI/ClassAI/Priests/HolyPriestRefactored.h;C:/TrinityBots/TrinityCore/src/modules/Playerbot/AI/ClassAI/Priests/ShadowPriestRefactored.h;C:/TrinityBots/TrinityCore/src/modules/Playerbot/AI/ClassAI/Monks/MonkAI.cpp;C:/TrinityBots/TrinityCore/src/modules/Playerbot/AI/ClassAI/Monks/MonkAI.h;C:/TrinityBots/TrinityCore/src/modules/Playerbot/AI/ClassAI/Monks/BrewmasterMonkRefactored.h;C:/TrinityBots/TrinityCore/src/modules/Playerbot/AI/ClassAI/Monks/MistweaverMonkRefactored.h;C:/TrinityBots/TrinityCore/src/modules/Playerbot/AI/ClassAI/Monks/WindwalkerMonkRefactored.h;C:/TrinityBots/TrinityCore/src/modules/Playerbot/AI/ClassAI/Paladins/PaladinAI.cpp;C:/TrinityBots/TrinityCore/src/modules/Playerbot/AI/ClassAI/Paladins/PaladinAI.h;C:/TrinityBots/TrinityCore/src/modules/Playerbot/AI/ClassAI/Paladins/HolyPaladinRefactored.h;C:/TrinityBots/TrinityCore/src/modules/Playerbot/AI/ClassAI/Paladins/ProtectionPaladinRefactored.h;C:/TrinityBots/TrinityCore/src/modules/Playerbot/AI/ClassAI/Paladins/RetributionSpecializationRefactored.h;C:/TrinityBots/TrinityCore/src/modules/Playerbot/AI/ClassAI/Priests/PriestAI.h;C:/TrinityBots/TrinityCore/src/modules/Playerbot/AI/ClassAI/Priests/PriestSpecialization.cpp;C:/TrinityBots/TrinityCore/src/modules/Playerbot/AI/ClassAI/Priests/PriestSpecialization.h;C:/TrinityBots/TrinityCore/src/modules/Playerbot/AI/ClassAI/Priests/DisciplineSpecialization.cpp;C:/TrinityBots/TrinityCore/src/modules/Playerbot/AI/ClassAI/Priests/HolySpecialization.cpp;C:/TrinityBots/TrinityCore/src/modules/Playerbot/AI/ClassAI/Priests/ShadowSpecialization.cpp;C:/TrinityBots/TrinityCore/src/modules/Playerbot/AI/ClassAI/Priests/PriestAI_Specialization.cpp;C:/TrinityBots/TrinityCore/src/modules/Playerbot/AI/ClassAI/Rogues/RogueAI.h;C:/TrinityBots/TrinityCore/src/modules/Playerbot/AI/ClassAI/Rogues/RogueCombatPositioning.cpp;C:/TrinityBots/TrinityCore/src/modules/Playerbot/AI/ClassAI/Rogues/EnergyManager.cpp;C:/TrinityBots/TrinityCore/src/modules/Playerbot/AI/ClassAI/Rogues/EnergyManager.h;C:/TrinityBots/TrinityCore/src/modules/Playerbot/AI/ClassAI/Rogues/AssassinationSpecialization.cpp;C:/TrinityBots/TrinityCore/src/modules/Playerbot/AI/ClassAI/Rogues/SubtletySpecialization.cpp;C:/TrinityBots/TrinityCore/src/modules/Playerbot/AI/ClassAI/Rogues/CombatSpecialization.cpp;C:/TrinityBots/TrinityCore/src/modules/Playerbot/AI/ClassAI/Rogues/RogueAI_Specialization.cpp;C:/TrinityBots/TrinityCore/src/modules/Playerbot/AI/ClassAI/Rogues/AssassinationRogueRefactored.h;C:/TrinityBots/TrinityCore/src/modules/Playerbot/AI/ClassAI/Rogues/OutlawRogueRefactored.h;C:/TrinityBots/TrinityCore/src/modules/Playerbot/AI/ClassAI/Rogues/SubtletyRogueRefactored.h;C:/TrinityBots/TrinityCore/src/modules/Playerbot/AI/ClassAI/Rogues/RogueSpecialization.cpp;C:/TrinityBots/TrinityCore/src/modules/Playerbot/AI/ClassAI/Shamans/ShamanAI.h;C:/TrinityBots/TrinityCore/src/modules/Playerbot/AI/ClassAI/Shamans/ShamanSpecialization.cpp;C:/TrinityBots/TrinityCore/src/modules/Playerbot/AI/ClassAI/Shamans/ShamanSpecialization.h;C:/TrinityBots/TrinityCore/src/modules/Playerbot/AI/ClassAI/Shamans/ElementalShamanRefactored.h;C:/TrinityBots/TrinityCore/src/modules/Playerbot/AI/ClassAI/Shamans/EnhancementShamanRefactored.h;C:/TrinityBots/TrinityCore/src/modules/Playerbot/AI/ClassAI/Shamans/RestorationShamanRefactored.h;C:/TrinityBots/TrinityCore/src/modules/Playerbot/AI/ClassAI/Shamans/RestorationSpecialization.cpp;C:/TrinityBots/TrinityCore/src/modules/Playerbot/AI/ClassAI/Shamans/EnhancementSpecialization.cpp;C:/TrinityBots/TrinityCore/src/modules/Playerbot/AI/ClassAI/Shamans/ElementalSpecialization.cpp;C:/TrinityBots/TrinityCore/src/modules/Playerbot/AI/ClassAI/Shamans/ShamanAI_Specialization.cpp;C:/TrinityBots/TrinityCore/src/modules/Playerbot/AI/ClassAI/Warlocks/WarlockAI.h;C:/TrinityBots/TrinityCore/src/modules/Playerbot/AI/ClassAI/Warlocks/AfflictionSpecialization.cpp;C:/TrinityBots/TrinityCore/src/modules/Playerbot/AI/ClassAI/Warlocks/DestructionSpecialization.cpp;C:/TrinityBots/TrinityCore/src/modules/Playerbot/AI/ClassAI/Warlocks/DemonologySpecialization.cpp;C:/TrinityBots/TrinityCore/src/modules/Playerbot/AI/ClassAI/Warlocks/WarlockAI_Specialization.cpp;C:/TrinityBots/TrinityCore/src/modules/Playerbot/AI/ClassAI/Warlocks/WarlockSpecialization.cpp;C:/TrinityBots/TrinityCore/src/modules/Playerbot/AI/ClassAI/Warlocks/AfflictionWarlockRefactored.h;C:/TrinityBots/TrinityCore/src/modules/Playerbot/AI/ClassAI/Warlocks/DemonologyWarlockRefactored.h;C:/TrinityBots/TrinityCore/src/modules/Playerbot/AI/ClassAI/Warlocks/DestructionWarlockRefactored.h;C:/TrinityBots/TrinityCore/src/modules/Playerbot/AI/ClassAI/Warriors/WarriorAI.cpp;C:/TrinityBots/TrinityCore/src/modules/Playerbot/AI/ClassAI/Warriors/WarriorAI.h;C:/TrinityBots/TrinityCore/src/modules/Playerbot/AI/ClassAI/Warriors/ArmsWarriorRefactored.h;C:/TrinityBots/TrinityCore/src/modules/Playerbot/AI/ClassAI/Warriors/FuryWarriorRefactored.h;C:/TrinityBots/TrinityCore/src/modules/Playerbot/AI/ClassAI/Warriors/ProtectionWarriorRefactored.h;C:/TrinityBots/TrinityCore/src/modules/Playerbot/Group/GroupInvitationHandler.cpp;C:/TrinityBots/TrinityCore/src/modules/Playerbot/Group/GroupInvitationHandler.h;C:/TrinityBots/TrinityCore/src/modules/Playerbot/Movement/LeaderFollowBehavior.cpp;C:/TrinityBots/TrinityCore/src/modules/Playerbot/Movement/LeaderFollowBehavior.h;C:/TrinityBots/TrinityCore/src/modules/Playerbot/Account/BotAccountMgr.cpp;C:/TrinityBots/TrinityCore/src/modules/Playerbot/Account/BotAccountMgr.h;C:/TrinityBots/TrinityCore/src/modules/Playerbot/Character/BotNameMgr.cpp;C:/TrinityBots/TrinityCore/src/modules/Playerbot/Character/BotNameMgr.h;C:/TrinityBots/TrinityCore/src/modules/Playerbot/Character/BotCharacterDistribution.cpp;C:/TrinityBots/TrinityCore/src/modules/Playerbot/Character/BotCharacterDistribution.h;C:/TrinityBots/TrinityCore/src/modules/Playerbot/Character/BotCustomizationGenerator.cpp;C:/TrinityBots/TrinityCore/src/modules/Playerbot/Character/BotCustomizationGenerator.h;C:/TrinityBots/TrinityCore/src/modules/Playerbot/Lifecycle/BotSpawner.cpp;C:/TrinityBots/TrinityCore/src/modules/Playerbot/Lifecycle/BotSpawner.h;C:/TrinityBots/TrinityCore/src/modules/Playerbot/Lifecycle/BotCharacterCreator.cpp;C:/TrinityBots/TrinityCore/src/modules/Playerbot/Lifecycle/BotCharacterCreator.h;C:/TrinityBots/TrinityCore/src/modules/Playerbot/Lifecycle/BotScheduler.cpp;C:/TrinityBots/TrinityCore/src/modules/Playerbot/Lifecycle/BotScheduler.h;C:/TrinityBots/TrinityCore/src/modules/Playerbot/Lifecycle/BotLifecycleMgr.cpp;C:/TrinityBots/TrinityCore/src/modules/Playerbot/Lifecycle/BotLifecycleMgr.h;C:/TrinityBots/TrinityCore/src/modules/Playerbot/Data/WoW112CharacterCreation.h;C:/TrinityBots/TrinityCore/src/modules/Playerbot/Lifecycle/BotSpawnOrchestrator.cpp;C:/TrinityBots/TrinityCore/src/modules/Playerbot/Lifecycle/BotSpawnOrchestrator.h;C:/TrinityBots/TrinityCore/src/modules/Playerbot/Lifecycle/BotResourcePool.cpp;C:/TrinityBots/TrinityCore/src/modules/Playerbot/Lifecycle/BotResourcePool.h;C:/TrinityBots/TrinityCore/src/modules/Playerbot/Lifecycle/BotPerformanceMonitor.cpp;C:/TrinityBots/TrinityCore/src/modules/Playerbot/Lifecycle/BotPerformanceMonitor.h;C:/TrinityBots/TrinityCore/src/modules/Playerbot/Lifecycle/BotSpawnEventBus.cpp;C:/TrinityBots/TrinityCore/src/modules/Playerbot/Lifecycle/BotSpawnEventBus.h;C:/TrinityBots/TrinityCore/src/modules/Playerbot/Session/BotSessionFactory.cpp;C:/TrinityBots/TrinityCore/src/modules/Playerbot/Session/BotSessionFactory.h;C:/TrinityBots/TrinityCore/src/modules/Playerbot/AI/Combat/GroupCombatTrigger.cpp;C:/TrinityBots/TrinityCore/src/modules/Playerbot/AI/Combat/GroupCombatTrigger.h;C:/TrinityBots/TrinityCore/src/modules/Playerbot/AI/Combat/RoleBasedCombatPositioning.cpp;C:/TrinityBots/TrinityCore/src/modules/Playerbot/AI/Combat/RoleBasedCombatPositioning.h;C:/TrinityBots/TrinityCore/src/modules/Playerbot/AI/Combat/PositionManager.cpp;C:/TrinityBots/TrinityCore/src/modules/Playerbot/AI/Combat/PositionManager.h;C:/TrinityBots/TrinityCore/src/modules/Playerbot/AI/Combat/MechanicAwareness.cpp;C:/TrinityBots/TrinityCore/src/modules/Playerbot/AI/Combat/MechanicAwareness.h;C:/TrinityBots/TrinityCore/src/modules/Playerbot/AI/Combat/InterruptCoordinator.cpp;C:/TrinityBots/TrinityCore/src/modules/Playerbot/AI/Combat/InterruptCoordinator.h;C:/TrinityBots/TrinityCore/src/modules/Playerbot/AI/Combat/InterruptAwareness.cpp;C:/TrinityBots/TrinityCore/src/modules/Playerbot/AI/Combat/InterruptAwareness.h;C:/TrinityBots/TrinityCore/src/modules/Playerbot/AI/Combat/InterruptManager.cpp;C:/TrinityBots/TrinityCore/src/modules/Playerbot/AI/Combat/InterruptManager.h;C:/TrinityBots/TrinityCore/src/modules/Playerbot/AI/Combat/TargetSelector.cpp;C:/TrinityBots/TrinityCore/src/modules/Playerbot/AI/Combat/TargetSelector.h;C:/TrinityBots/TrinityCore/src/modules/Playerbot/AI/Actions/TargetAssistAction.cpp;C:/TrinityBots/TrinityCore/src/modules/Playerbot/AI/Actions/TargetAssistAction.h;C:/TrinityBots/TrinityCore/src/modules/Playerbot/AI/Actions/SpellInterruptAction.cpp;C:/TrinityBots/TrinityCore/src/modules/Playerbot/AI/Actions/SpellInterruptAction.h;C:/TrinityBots/TrinityCore/src/modules/Playerbot/AI/Combat/BotThreatManager.cpp;C:/TrinityBots/TrinityCore/src/modules/Playerbot/AI/Combat/BotThreatManager.h;C:/TrinityBots/TrinityCore/src/modules/Playerbot/Interfaces/IBotSpawner.h;C:/TrinityBots/TrinityCore/src/modules/Playerbot/Interfaces/IBotSession.h;C:/TrinityBots/TrinityCore/src/modules/Playerbot/Interfaces/IBotPerformance.h;C:/TrinityBots/TrinityCore/src/modules/Playerbot/Adapters/BotSpawnerAdapter.cpp;C:/TrinityBots/TrinityCore/src/modules/Playerbot/Adapters/BotSpawnerAdapter.h;C:/TrinityBots/TrinityCore/src/modules/Playerbot/Database/PlayerbotCharacterDBInterface.cpp;C:/TrinityBots/TrinityCore/src/modules/Playerbot/Database/PlayerbotCharacterDBInterface.h;C:/TrinityBots/TrinityCore/src/modules/Playerbot/Database/PlayerbotDatabase.cpp;C:/TrinityBots/TrinityCore/src/modules/Playerbot/Database/PlayerbotDatabase.h;C:/TrinityBots/TrinityCore/src/modules/Playerbot/Database/PlayerbotDatabaseConnection.cpp;C:/TrinityBots/TrinityCore/src/modules/Playerbot/Database/PlayerbotDatabaseConnection.h;C:/TrinityBots/TrinityCore/src/modules/Playerbot/Database/PlayerbotResultSet.cpp;C:/TrinityBots/TrinityCore/src/modules/Playerbot/Database/PlayerbotResultSet.h;C:/TrinityBots/TrinityCore/src/modules/Playerbot/Database/PlayerbotDatabaseStatements.cpp;C:/TrinityBots/TrinityCore/src/modules/Playerbot/Database/PlayerbotDatabaseStatements.h;C:/TrinityBots/TrinityCore/src/modules/Playerbot/Database/PlayerbotMigrationMgr.cpp;C:/TrinityBots/TrinityCore/src/modules/Playerbot/Database/PlayerbotMigrationMgr.h;C:/TrinityBots/TrinityCore/src/modules/Playerbot/Scripts/PlayerbotWorldScript.cpp;C:/TrinityBots/TrinityCore/src/modules/Playerbot/Scripts/PlayerbotWorldScript.h;C:/TrinityBots/TrinityCore/src/modules/Playerbot/Social/AuctionAutomation.cpp;C:/TrinityBots/TrinityCore/src/modules/Playerbot/Social/AuctionAutomation.h;C:/TrinityBots/TrinityCore/src/modules/Playerbot/Social/TradeAutomation.cpp;C:/TrinityBots/TrinityCore/src/modules/Playerbot/Social/TradeAutomation.h;C:/TrinityBots/TrinityCore/src/modules/Playerbot/Social/MarketAnalysis.cpp;C:/TrinityBots/TrinityCore/src/modules/Playerbot/Social/MarketAnalysis.h;C:/TrinityBots/TrinityCore/src/modules/Playerbot/Social/GuildIntegration.cpp;C:/TrinityBots/TrinityCore/src/modules/Playerbot/Social/GuildIntegration.h;C:/TrinityBots/TrinityCore/src/modules/Playerbot/Social/LootDistribution.cpp;C:/TrinityBots/TrinityCore/src/modules/Playerbot/Social/LootDistribution.h;C:/TrinityBots/TrinityCore/src/modules/Playerbot/Quest/QuestAutomation.cpp;C:/TrinityBots/TrinityCore/src/modules/Playerbot/Quest/QuestAutomation.h;C:/TrinityBots/TrinityCore/src/modules/Playerbot/Quest/QuestPickup.cpp;C:/TrinityBots/TrinityCore/src/modules/Playerbot/Quest/QuestPickup.h;C:/TrinityBots/TrinityCore/src/modules/Playerbot/Quest/DynamicQuestSystem.cpp;C:/TrinityBots/TrinityCore/src/modules/Playerbot/Quest/DynamicQuestSystem.h;C:/TrinityBots/TrinityCore/src/modules/Playerbot/Quest/ObjectiveTracker.cpp;C:/TrinityBots/TrinityCore/src/modules/Playerbot/Quest/ObjectiveTracker.h;C:/TrinityBots/TrinityCore/src/modules/Playerbot/Commands/PlayerbotCommands.cpp
  -- ­ƒÜÇ TrinityCore Playerbot enterprise module ready for compilation
  -- Configuring done (2.4s)
  -- Generating done (2.6s)
  -- Build files have been written to: C:/TrinityBots/TrinityCore/build
  zlib.vcxproj -> C:\TrinityBots\TrinityCore\build\dep\zlib\Release\zlib.lib
  Detour.vcxproj -> C:\TrinityBots\TrinityCore\build\dep\recastnavigation\Detour\Release\Detour.lib
  argon2.vcxproj -> C:\TrinityBots\TrinityCore\build\dep\argon2\Release\argon2.lib
  fmt.vcxproj -> C:\TrinityBots\TrinityCore\build\dep\fmt\Release\fmt.lib
  g3dlib.vcxproj -> C:\TrinityBots\TrinityCore\build\dep\g3dlite\Release\g3dlib.lib
  openssl_ed25519.vcxproj -> C:\TrinityBots\TrinityCore\build\bin\Release\openssl_ed25519.dll
  sfmt.vcxproj -> C:\TrinityBots\TrinityCore\build\dep\SFMT\Release\sfmt.lib
  protobuf.vcxproj -> C:\TrinityBots\TrinityCore\build\dep\protobuf\Release\protobuf.lib
  GitRevision.cpp
  common.vcxproj -> C:\TrinityBots\TrinityCore\build\src\common\Release\common.lib
  database.vcxproj -> C:\TrinityBots\TrinityCore\build\src\server\database\Release\database.lib
  network.vcxproj -> C:\TrinityBots\TrinityCore\build\src\common\network\Release\trinity_network.lib
  proto.vcxproj -> C:\TrinityBots\TrinityCore\build\src\server\proto\Release\proto.lib
  shared.vcxproj -> C:\TrinityBots\TrinityCore\build\src\server\shared\Release\shared.lib
  modules-common.vcxproj -> C:\TrinityBots\TrinityCore\build\src\server\modules\Common\Release\modules-common.lib
  PlayerbotCommands.cpp
  BotSpawner.cpp
C:\TrinityBots\TrinityCore\src\modules\Playerbot\Lifecycle\BotSpawner.cpp(10,9): warning C4005: "_USE_MATH_DEFINES": Makro-Neudefinition [c:\TrinityBots\TrinityCore\build\src\server\modules\Playerbot\playerbot.vcxproj]
      C:\TrinityBots\TrinityCore\src\modules\Playerbot\Lifecycle\BotSpawner.cpp(10,9):
      „_USE_MATH_DEFINES“ wurde zuvor in der Befehlszeile deklariert
  
C:\TrinityBots\TrinityCore\src\modules\Playerbot\Lifecycle\BotSpawner.h(143,23): warning C4099: "std::default_delete<Playerbot::BotSpawner>": Geben Sie den zuerst unter Verwendung von "struct" und jetzt unter Verwendung von "class" gesehenen Namen ein [c:\TrinityBots\TrinityCore\build\src\server\modules\Playerbot\playerbot.vcxproj]
  (Quelldatei „../../../../../src/modules/Playerbot/Lifecycle/BotSpawner.cpp“ wird kompiliert)
      C:\Program Files\Microsoft Visual Studio\2022\Enterprise\VC\Tools\MSVC\14.44.35207\include\memory(3301,8):
      Siehe Deklaration von "std::default_delete<Playerbot::BotSpawner>"
  
C:\TrinityBots\TrinityCore\src\modules\Playerbot\Lifecycle\BotSpawner.h(143,23): warning C4099: "std::default_delete<Playerbot::BotSpawner>": Geben Sie den zuerst unter Verwendung von "struct" und jetzt unter Verwendung von "class" gesehenen Namen ein [c:\TrinityBots\TrinityCore\build\src\server\modules\Playerbot\playerbot.vcxproj]
  (Quelldatei „../../../../../src/modules/Playerbot/Commands/PlayerbotCommands.cpp“ wird kompiliert)
      C:\Program Files\Microsoft Visual Studio\2022\Enterprise\VC\Tools\MSVC\14.44.35207\include\memory(3301,8):
      Siehe Deklaration von "std::default_delete<Playerbot::BotSpawner>"
  
C:\TrinityBots\TrinityCore\src\modules\Playerbot\AI\Actions\Action.h(80,34): warning C4100: „ai“: nicht referenzierter Parameter [c:\TrinityBots\TrinityCore\build\src\server\modules\Playerbot\playerbot.vcxproj]
  (Quelldatei „../../../../../src/modules/Playerbot/Commands/PlayerbotCommands.cpp“ wird kompiliert)
  
C:\TrinityBots\TrinityCore\src\modules\Playerbot\AI\Actions\Action.h(102,29): warning C4100: „cooldownMs“: nicht referenzierter Parameter [c:\TrinityBots\TrinityCore\build\src\server\modules\Playerbot\playerbot.vcxproj]
  (Quelldatei „../../../../../src/modules/Playerbot/Commands/PlayerbotCommands.cpp“ wird kompiliert)
  
C:\TrinityBots\TrinityCore\src\modules\Playerbot\AI\Actions\Action.h(163,36): warning C4100: „ai“: nicht referenzierter Parameter [c:\TrinityBots\TrinityCore\build\src\server\modules\Playerbot\playerbot.vcxproj]
  (Quelldatei „../../../../../src/modules/Playerbot/Commands/PlayerbotCommands.cpp“ wird kompiliert)
  
C:\TrinityBots\TrinityCore\src\modules\Playerbot\AI\Triggers\Trigger.h(82,43): warning C4100: „ai“: nicht referenzierter Parameter [c:\TrinityBots\TrinityCore\build\src\server\modules\Playerbot\playerbot.vcxproj]
  (Quelldatei „../../../../../src/modules/Playerbot/Commands/PlayerbotCommands.cpp“ wird kompiliert)
  
C:\TrinityBots\TrinityCore\src\modules\Playerbot\AI\Strategy\Strategy.h(65,34): warning C4100: „ai“: nicht referenzierter Parameter [c:\TrinityBots\TrinityCore\build\src\server\modules\Playerbot\playerbot.vcxproj]
  (Quelldatei „../../../../../src/modules/Playerbot/Commands/PlayerbotCommands.cpp“ wird kompiliert)
  
C:\TrinityBots\TrinityCore\src\modules\Playerbot\AI\Strategy\Strategy.h(86,36): warning C4100: „ai“: nicht referenzierter Parameter [c:\TrinityBots\TrinityCore\build\src\server\modules\Playerbot\playerbot.vcxproj]
  (Quelldatei „../../../../../src/modules/Playerbot/Commands/PlayerbotCommands.cpp“ wird kompiliert)
  
C:\TrinityBots\TrinityCore\src\modules\Playerbot\AI\Strategy\Strategy.h(87,38): warning C4100: „ai“: nicht referenzierter Parameter [c:\TrinityBots\TrinityCore\build\src\server\modules\Playerbot\playerbot.vcxproj]
  (Quelldatei „../../../../../src/modules/Playerbot/Commands/PlayerbotCommands.cpp“ wird kompiliert)
  
C:\TrinityBots\TrinityCore\src\modules\Playerbot\AI\Strategy\Strategy.h(93,51): warning C4100: „diff“: nicht referenzierter Parameter [c:\TrinityBots\TrinityCore\build\src\server\modules\Playerbot\playerbot.vcxproj]
  (Quelldatei „../../../../../src/modules/Playerbot/Commands/PlayerbotCommands.cpp“ wird kompiliert)
  
C:\TrinityBots\TrinityCore\src\modules\Playerbot\AI\Strategy\Strategy.h(93,40): warning C4100: „ai“: nicht referenzierter Parameter [c:\TrinityBots\TrinityCore\build\src\server\modules\Playerbot\playerbot.vcxproj]
  (Quelldatei „../../../../../src/modules/Playerbot/Commands/PlayerbotCommands.cpp“ wird kompiliert)
  
C:\TrinityBots\TrinityCore\src\modules\Playerbot\AI\BotAI.h(106,40): warning C4100: „diff“: nicht referenzierter Parameter [c:\TrinityBots\TrinityCore\build\src\server\modules\Playerbot\playerbot.vcxproj]
  (Quelldatei „../../../../../src/modules/Playerbot/Commands/PlayerbotCommands.cpp“ wird kompiliert)
  
C:\TrinityBots\TrinityCore\src\modules\Playerbot\Commands\PlayerbotCommands.cpp(552,33): error C2065: "RACE_EARTHEN": nichtdeklarierter Bezeichner [c:\TrinityBots\TrinityCore\build\src\server\modules\Playerbot\playerbot.vcxproj]
C:\TrinityBots\TrinityCore\src\modules\Playerbot\Commands\PlayerbotCommands.cpp(554,85): error C2065: "RACE_EARTHEN": nichtdeklarierter Bezeichner [c:\TrinityBots\TrinityCore\build\src\server\modules\Playerbot\playerbot.vcxproj]
C:\TrinityBots\TrinityCore\src\modules\Playerbot\Lifecycle\BotSpawner.cpp(576,98): warning C4100: „request“: nicht referenzierter Parameter [c:\TrinityBots\TrinityCore\build\src\server\modules\Playerbot\playerbot.vcxproj]
C:\TrinityBots\TrinityCore\src\modules\Playerbot\Lifecycle\BotSpawner.cpp(909,61): warning C4100: „mapId“: nicht referenzierter Parameter [c:\TrinityBots\TrinityCore\build\src\server\modules\Playerbot\playerbot.vcxproj]
C:\TrinityBots\TrinityCore\src\modules\Playerbot\Lifecycle\BotSpawner.cpp(960,65): warning C4100: „mapId“: nicht referenzierter Parameter [c:\TrinityBots\TrinityCore\build\src\server\modules\Playerbot\playerbot.vcxproj]
C:\TrinityBots\TrinityCore\src\modules\Playerbot\Lifecycle\BotSpawner.cpp(1213,88): warning C4100: „request“: nicht referenzierter Parameter [c:\TrinityBots\TrinityCore\build\src\server\modules\Playerbot\playerbot.vcxproj]
