MSBuild-Version 17.14.18+a338add32 für .NET Framework

  argon2.vcxproj -> C:\TrinityBots\TrinityCore\build\dep\argon2\Release\argon2.lib
  zlib.vcxproj -> C:\TrinityBots\TrinityCore\build\dep\zlib\Release\zlib.lib
  Detour.vcxproj -> C:\TrinityBots\TrinityCore\build\dep\recastnavigation\Detour\Release\Detour.lib
  fmt.vcxproj -> C:\TrinityBots\TrinityCore\build\dep\fmt\Release\fmt.lib
  g3dlib.vcxproj -> C:\TrinityBots\TrinityCore\build\dep\g3dlite\Release\g3dlib.lib
  openssl_ed25519.vcxproj -> C:\TrinityBots\TrinityCore\build\bin\Release\openssl_ed25519.dll
  sfmt.vcxproj -> C:\TrinityBots\TrinityCore\build\dep\SFMT\Release\sfmt.lib
  protobuf.vcxproj -> C:\TrinityBots\TrinityCore\build\dep\protobuf\Release\protobuf.lib
  common.vcxproj -> C:\TrinityBots\TrinityCore\build\src\common\Release\common.lib
  database.vcxproj -> C:\TrinityBots\TrinityCore\build\src\server\database\Release\database.lib
  network.vcxproj -> C:\TrinityBots\TrinityCore\build\src\common\network\Release\trinity_network.lib
  proto.vcxproj -> C:\TrinityBots\TrinityCore\build\src\server\proto\Release\proto.lib
  shared.vcxproj -> C:\TrinityBots\TrinityCore\build\src\server\shared\Release\shared.lib
  modules-common.vcxproj -> C:\TrinityBots\TrinityCore\build\src\server\modules\Common\Release\modules-common.lib
  PlayerbotCommands.cpp
C:\TrinityBots\TrinityCore\src\modules\Playerbot\AI\Actions\Action.h(80,34): warning C4100: „ai“: nicht referenzierter Parameter [c:\TrinityBots\TrinityCore\build\src\server\modules\Playerbot\playerbot.vcxproj]
  (Quelldatei „../../../../../src/modules/Playerbot/Commands/PlayerbotCommands.cpp“ wird kompiliert)
  
C:\TrinityBots\TrinityCore\src\modules\Playerbot\AI\Actions\Action.h(102,29): warning C4100: „cooldownMs“: nicht referenzierter Parameter [c:\TrinityBots\TrinityCore\build\src\server\modules\Playerbot\playerbot.vcxproj]
  (Quelldatei „../../../../../src/modules/Playerbot/Commands/PlayerbotCommands.cpp“ wird kompiliert)
  
C:\TrinityBots\TrinityCore\src\modules\Playerbot\AI\Actions\Action.h(163,36): warning C4100: „ai“: nicht referenzierter Parameter [c:\TrinityBots\TrinityCore\build\src\server\modules\Playerbot\playerbot.vcxproj]
  (Quelldatei „../../../../../src/modules/Playerbot/Commands/PlayerbotCommands.cpp“ wird kompiliert)
  
C:\TrinityBots\TrinityCore\src\modules\Playerbot\AI\Triggers\Trigger.h(82,43): warning C4100: „ai“: nicht referenzierter Parameter [c:\TrinityBots\TrinityCore\build\src\server\modules\Playerbot\playerbot.vcxproj]
  (Quelldatei „../../../../../src/modules/Playerbot/Commands/PlayerbotCommands.cpp“ wird kompiliert)
  
C:\TrinityBots\TrinityCore\src\modules\Playerbot\AI\Strategy\Strategy.h(65,34): warning C4100: „ai“: nicht referenzierter Parameter [c:\TrinityBots\TrinityCore\build\src\server\modules\Playerbot\playerbot.vcxproj]
  (Quelldatei „../../../../../src/modules/Playerbot/Commands/PlayerbotCommands.cpp“ wird kompiliert)
  
C:\TrinityBots\TrinityCore\src\modules\Playerbot\AI\Strategy\Strategy.h(86,36): warning C4100: „ai“: nicht referenzierter Parameter [c:\TrinityBots\TrinityCore\build\src\server\modules\Playerbot\playerbot.vcxproj]
  (Quelldatei „../../../../../src/modules/Playerbot/Commands/PlayerbotCommands.cpp“ wird kompiliert)
  
C:\TrinityBots\TrinityCore\src\modules\Playerbot\AI\Strategy\Strategy.h(87,38): warning C4100: „ai“: nicht referenzierter Parameter [c:\TrinityBots\TrinityCore\build\src\server\modules\Playerbot\playerbot.vcxproj]
  (Quelldatei „../../../../../src/modules/Playerbot/Commands/PlayerbotCommands.cpp“ wird kompiliert)
  
C:\TrinityBots\TrinityCore\src\modules\Playerbot\AI\Strategy\Strategy.h(93,51): warning C4100: „diff“: nicht referenzierter Parameter [c:\TrinityBots\TrinityCore\build\src\server\modules\Playerbot\playerbot.vcxproj]
  (Quelldatei „../../../../../src/modules/Playerbot/Commands/PlayerbotCommands.cpp“ wird kompiliert)
  
C:\TrinityBots\TrinityCore\src\modules\Playerbot\AI\Strategy\Strategy.h(93,40): warning C4100: „ai“: nicht referenzierter Parameter [c:\TrinityBots\TrinityCore\build\src\server\modules\Playerbot\playerbot.vcxproj]
  (Quelldatei „../../../../../src/modules/Playerbot/Commands/PlayerbotCommands.cpp“ wird kompiliert)
  
C:\TrinityBots\TrinityCore\src\modules\Playerbot\AI\BotAI.h(106,40): warning C4100: „diff“: nicht referenzierter Parameter [c:\TrinityBots\TrinityCore\build\src\server\modules\Playerbot\playerbot.vcxproj]
  (Quelldatei „../../../../../src/modules/Playerbot/Commands/PlayerbotCommands.cpp“ wird kompiliert)
  
C:\TrinityBots\TrinityCore\src\modules\Playerbot\Lifecycle\BotSpawner.h(143,23): warning C4099: "std::default_delete<Playerbot::BotSpawner>": Geben Sie den zuerst unter Verwendung von "struct" und jetzt unter Verwendung von "class" gesehenen Namen ein [c:\TrinityBots\TrinityCore\build\src\server\modules\Playerbot\playerbot.vcxproj]
  (Quelldatei „../../../../../src/modules/Playerbot/Commands/PlayerbotCommands.cpp“ wird kompiliert)
      C:\Program Files\Microsoft Visual Studio\2022\Enterprise\VC\Tools\MSVC\14.44.35207\include\memory(3301,8):
      Siehe Deklaration von "std::default_delete<Playerbot::BotSpawner>"
  
C:\TrinityBots\TrinityCore\src\modules\Playerbot\Commands\PlayerbotCommands.cpp(517,106): warning C4100: „name“: nicht referenzierter Parameter [c:\TrinityBots\TrinityCore\build\src\server\modules\Playerbot\playerbot.vcxproj]
C:\TrinityBots\TrinityCore\src\modules\Playerbot\Commands\PlayerbotCommands.cpp(517,88): warning C4100: „race“: nicht referenzierter Parameter [c:\TrinityBots\TrinityCore\build\src\server\modules\Playerbot\playerbot.vcxproj]
C:\TrinityBots\TrinityCore\src\modules\Playerbot\Commands\PlayerbotCommands.cpp(517,73): warning C4100: „classId“: nicht referenzierter Parameter [c:\TrinityBots\TrinityCore\build\src\server\modules\Playerbot\playerbot.vcxproj]
FrostSpecialization.cpp.obj : warning LNK4006: "public: virtual float __cdecl Playerbot::FrostSpecialization::GetOptimalRange(class Unit *)" (?GetOptimalRange@FrostSpecialization@Playerbot@@UEAAMPEAVUnit@@@Z) ist bereits in "FrostSpecialization.cpp.obj" definiert; zweite Definition wird ignoriert. [c:\TrinityBots\TrinityCore\build\src\server\modules\Playerbot\playerbot.vcxproj]
FrostSpecialization.cpp.obj : warning LNK4006: "public: virtual struct Position __cdecl Playerbot::FrostSpecialization::GetOptimalPosition(class Unit *)" (?GetOptimalPosition@FrostSpecialization@Playerbot@@UEAA?AUPosition@@PEAVUnit@@@Z) ist bereits in "FrostSpecialization.cpp.obj" definiert; zweite Definition wird ignoriert. [c:\TrinityBots\TrinityCore\build\src\server\modules\Playerbot\playerbot.vcxproj]
FrostSpecialization.cpp.obj : warning LNK4006: "public: virtual void __cdecl Playerbot::FrostSpecialization::ConsumeResource(unsigned int)" (?ConsumeResource@FrostSpecialization@Playerbot@@UEAAXI@Z) ist bereits in "FrostSpecialization.cpp.obj" definiert; zweite Definition wird ignoriert. [c:\TrinityBots\TrinityCore\build\src\server\modules\Playerbot\playerbot.vcxproj]
FrostSpecialization.cpp.obj : warning LNK4006: "public: virtual bool __cdecl Playerbot::FrostSpecialization::HasEnoughResource(unsigned int)" (?HasEnoughResource@FrostSpecialization@Playerbot@@UEAA_NI@Z) ist bereits in "FrostSpecialization.cpp.obj" definiert; zweite Definition wird ignoriert. [c:\TrinityBots\TrinityCore\build\src\server\modules\Playerbot\playerbot.vcxproj]
FrostSpecialization.cpp.obj : warning LNK4006: "public: virtual void __cdecl Playerbot::FrostSpecialization::OnCombatEnd(void)" (?OnCombatEnd@FrostSpecialization@Playerbot@@UEAAXXZ) ist bereits in "FrostSpecialization.cpp.obj" definiert; zweite Definition wird ignoriert. [c:\TrinityBots\TrinityCore\build\src\server\modules\Playerbot\playerbot.vcxproj]
FrostSpecialization.cpp.obj : warning LNK4006: "public: virtual void __cdecl Playerbot::FrostSpecialization::OnCombatStart(class Unit *)" (?OnCombatStart@FrostSpecialization@Playerbot@@UEAAXPEAVUnit@@@Z) ist bereits in "FrostSpecialization.cpp.obj" definiert; zweite Definition wird ignoriert. [c:\TrinityBots\TrinityCore\build\src\server\modules\Playerbot\playerbot.vcxproj]
FrostSpecialization.cpp.obj : warning LNK4006: "public: virtual bool __cdecl Playerbot::FrostSpecialization::CanUseAbility(unsigned int)" (?CanUseAbility@FrostSpecialization@Playerbot@@UEAA_NI@Z) ist bereits in "FrostSpecialization.cpp.obj" definiert; zweite Definition wird ignoriert. [c:\TrinityBots\TrinityCore\build\src\server\modules\Playerbot\playerbot.vcxproj]
FrostSpecialization.cpp.obj : warning LNK4006: "public: virtual void __cdecl Playerbot::FrostSpecialization::UpdateCooldowns(unsigned int)" (?UpdateCooldowns@FrostSpecialization@Playerbot@@UEAAXI@Z) ist bereits in "FrostSpecialization.cpp.obj" definiert; zweite Definition wird ignoriert. [c:\TrinityBots\TrinityCore\build\src\server\modules\Playerbot\playerbot.vcxproj]
FrostSpecialization.cpp.obj : warning LNK4006: "public: virtual void __cdecl Playerbot::FrostSpecialization::UpdateBuffs(void)" (?UpdateBuffs@FrostSpecialization@Playerbot@@UEAAXXZ) ist bereits in "FrostSpecialization.cpp.obj" definiert; zweite Definition wird ignoriert. [c:\TrinityBots\TrinityCore\build\src\server\modules\Playerbot\playerbot.vcxproj]
FrostSpecialization.cpp.obj : warning LNK4006: "public: virtual void __cdecl Playerbot::FrostSpecialization::UpdateRotation(class Unit *)" (?UpdateRotation@FrostSpecialization@Playerbot@@UEAAXPEAVUnit@@@Z) ist bereits in "FrostSpecialization.cpp.obj" definiert; zweite Definition wird ignoriert. [c:\TrinityBots\TrinityCore\build\src\server\modules\Playerbot\playerbot.vcxproj]
FrostSpecialization.cpp.obj : warning LNK4006: "public: __cdecl Playerbot::FrostSpecialization::FrostSpecialization(class Player *)" (??0FrostSpecialization@Playerbot@@QEAA@PEAVPlayer@@@Z) ist bereits in "FrostSpecialization.cpp.obj" definiert; zweite Definition wird ignoriert. [c:\TrinityBots\TrinityCore\build\src\server\modules\Playerbot\playerbot.vcxproj]
InterruptManager.cpp.obj : warning LNK4006: "public: __cdecl Playerbot::InterruptManager::InterruptManager(class Player *)" (??0InterruptManager@Playerbot@@QEAA@PEAVPlayer@@@Z) ist bereits in "InterruptManager.cpp.obj" definiert; zweite Definition wird ignoriert. [c:\TrinityBots\TrinityCore\build\src\server\modules\Playerbot\playerbot.vcxproj]
CooldownManager.cpp.obj : warning LNK4006: "public: void __cdecl Playerbot::CooldownManager::StartCooldown(unsigned int,unsigned int)" (?StartCooldown@CooldownManager@Playerbot@@QEAAXII@Z) ist bereits in "CooldownManager.cpp.obj" definiert; zweite Definition wird ignoriert. [c:\TrinityBots\TrinityCore\build\src\server\modules\Playerbot\playerbot.vcxproj]
CooldownManager.cpp.obj : warning LNK4006: "public: bool __cdecl Playerbot::CooldownManager::IsGCDReady(void)const " (?IsGCDReady@CooldownManager@Playerbot@@QEBA_NXZ) ist bereits in "CooldownManager.cpp.obj" definiert; zweite Definition wird ignoriert. [c:\TrinityBots\TrinityCore\build\src\server\modules\Playerbot\playerbot.vcxproj]
CooldownManager.cpp.obj : warning LNK4006: "public: bool __cdecl Playerbot::CooldownManager::IsReady(unsigned int)const " (?IsReady@CooldownManager@Playerbot@@QEBA_NI@Z) ist bereits in "CooldownManager.cpp.obj" definiert; zweite Definition wird ignoriert. [c:\TrinityBots\TrinityCore\build\src\server\modules\Playerbot\playerbot.vcxproj]
CooldownManager.cpp.obj : warning LNK4006: "public: void __cdecl Playerbot::CooldownManager::Update(unsigned int)" (?Update@CooldownManager@Playerbot@@QEAAXI@Z) ist bereits in "CooldownManager.cpp.obj" definiert; zweite Definition wird ignoriert. [c:\TrinityBots\TrinityCore\build\src\server\modules\Playerbot\playerbot.vcxproj]
ResourceManager.cpp.obj : warning LNK4006: "public: void __cdecl Playerbot::ResourceManager::ConsumeResource(unsigned int)" (?ConsumeResource@ResourceManager@Playerbot@@QEAAXI@Z) ist bereits in "ResourceManager.cpp.obj" definiert; zweite Definition wird ignoriert. [c:\TrinityBots\TrinityCore\build\src\server\modules\Playerbot\playerbot.vcxproj]
ResourceManager.cpp.obj : warning LNK4006: "public: __cdecl Playerbot::ResourceManager::ResourceManager(class Player *)" (??0ResourceManager@Playerbot@@QEAA@PEAVPlayer@@@Z) ist bereits in "ResourceManager.cpp.obj" definiert; zweite Definition wird ignoriert. [c:\TrinityBots\TrinityCore\build\src\server\modules\Playerbot\playerbot.vcxproj]
  playerbot.vcxproj -> C:\TrinityBots\TrinityCore\build\src\server\modules\Playerbot\Release\playerbot.lib
