MSBuild-Version 17.14.18+a338add32 für .NET Framework

  zlib.vcxproj -> C:\TrinityBots\TrinityCore\build\dep\zlib\RelWithDebInfo\zlib.lib
  Detour.vcxproj -> C:\TrinityBots\TrinityCore\build\dep\recastnavigation\Detour\RelWithDebInfo\Detour.lib
  argon2.vcxproj -> C:\TrinityBots\TrinityCore\build\dep\argon2\RelWithDebInfo\argon2.lib
  fmt.vcxproj -> C:\TrinityBots\TrinityCore\build\dep\fmt\RelWithDebInfo\fmt.lib
  g3dlib.vcxproj -> C:\TrinityBots\TrinityCore\build\dep\g3dlite\RelWithDebInfo\g3dlib.lib
  openssl_ed25519.vcxproj -> C:\TrinityBots\TrinityCore\build\bin\RelWithDebInfo\openssl_ed25519.dll
  sfmt.vcxproj -> C:\TrinityBots\TrinityCore\build\dep\SFMT\RelWithDebInfo\sfmt.lib
  common.vcxproj -> C:\TrinityBots\TrinityCore\build\src\common\RelWithDebInfo\common.lib
  database.vcxproj -> C:\TrinityBots\TrinityCore\build\src\server\database\RelWithDebInfo\database.lib
  network.vcxproj -> C:\TrinityBots\TrinityCore\build\src\common\network\RelWithDebInfo\trinity_network.lib
  protobuf.vcxproj -> C:\TrinityBots\TrinityCore\build\dep\protobuf\RelWithDebInfo\protobuf.lib
  proto.vcxproj -> C:\TrinityBots\TrinityCore\build\src\server\proto\RelWithDebInfo\proto.lib
  shared.vcxproj -> C:\TrinityBots\TrinityCore\build\src\server\shared\RelWithDebInfo\shared.lib
  modules-common.vcxproj -> C:\TrinityBots\TrinityCore\build\src\server\modules\Common\RelWithDebInfo\modules-common.lib
  MovementManager.cpp
  InteractionManager.cpp
  GossipHandler.cpp
  InteractionValidator.cpp
  QuestCompletion.cpp
  QuestTurnIn.cpp
C:\TrinityBots\TrinityCore\src\modules\Playerbot\Movement\Generators\ConcreteMovementGenerators.h(66,51): warning C4100: „diff“: nicht referenzierter Parameter [C:\TrinityBots\TrinityCore\build\src\server\modules\Playerbot\playerbot.vcxproj]
  (Quelldatei „../../../../../src/modules/Playerbot/Movement/Core/MovementManager.cpp“ wird kompiliert)
  
C:\TrinityBots\TrinityCore\src\modules\Playerbot\Movement\Generators\ConcreteMovementGenerators.h(163,51): warning C4100: „diff“: nicht referenzierter Parameter [C:\TrinityBots\TrinityCore\build\src\server\modules\Playerbot\playerbot.vcxproj]
  (Quelldatei „../../../../../src/modules/Playerbot/Movement/Core/MovementManager.cpp“ wird kompiliert)
  
C:\TrinityBots\TrinityCore\src\modules\Playerbot\Movement\Generators\ConcreteMovementGenerators.h(208,41): warning C4100: „interrupted“: nicht referenzierter Parameter [C:\TrinityBots\TrinityCore\build\src\server\modules\Playerbot\playerbot.vcxproj]
  (Quelldatei „../../../../../src/modules/Playerbot/Movement/Core/MovementManager.cpp“ wird kompiliert)
  
C:\TrinityBots\TrinityCore\src\modules\Playerbot\Movement\Generators\ConcreteMovementGenerators.h(218,57): warning C4100: „newPosition“: nicht referenzierter Parameter [C:\TrinityBots\TrinityCore\build\src\server\modules\Playerbot\playerbot.vcxproj]
  (Quelldatei „../../../../../src/modules/Playerbot/Movement/Core/MovementManager.cpp“ wird kompiliert)
  
C:\TrinityBots\TrinityCore\src\modules\Playerbot\Movement\Generators\ConcreteMovementGenerators.h(218,36): warning C4100: „bot“: nicht referenzierter Parameter [C:\TrinityBots\TrinityCore\build\src\server\modules\Playerbot\playerbot.vcxproj]
  (Quelldatei „../../../../../src/modules/Playerbot/Movement/Core/MovementManager.cpp“ wird kompiliert)
  
C:\TrinityBots\TrinityCore\src\modules\Playerbot\Movement\Generators\ConcreteMovementGenerators.h(264,51): warning C4100: „diff“: nicht referenzierter Parameter [C:\TrinityBots\TrinityCore\build\src\server\modules\Playerbot\playerbot.vcxproj]
  (Quelldatei „../../../../../src/modules/Playerbot/Movement/Core/MovementManager.cpp“ wird kompiliert)
  
C:\TrinityBots\TrinityCore\src\modules\Playerbot\Movement\Generators\ConcreteMovementGenerators.h(302,41): warning C4100: „interrupted“: nicht referenzierter Parameter [C:\TrinityBots\TrinityCore\build\src\server\modules\Playerbot\playerbot.vcxproj]
  (Quelldatei „../../../../../src/modules/Playerbot/Movement/Core/MovementManager.cpp“ wird kompiliert)
  
C:\TrinityBots\TrinityCore\src\modules\Playerbot\Movement\Generators\ConcreteMovementGenerators.h(352,51): warning C4100: „diff“: nicht referenzierter Parameter [C:\TrinityBots\TrinityCore\build\src\server\modules\Playerbot\playerbot.vcxproj]
  (Quelldatei „../../../../../src/modules/Playerbot/Movement/Core/MovementManager.cpp“ wird kompiliert)
  
C:\TrinityBots\TrinityCore\src\modules\Playerbot\Movement\Generators\ConcreteMovementGenerators.h(382,41): warning C4100: „interrupted“: nicht referenzierter Parameter [C:\TrinityBots\TrinityCore\build\src\server\modules\Playerbot\playerbot.vcxproj]
  (Quelldatei „../../../../../src/modules/Playerbot/Movement/Core/MovementManager.cpp“ wird kompiliert)
  
C:\TrinityBots\TrinityCore\src\modules\Playerbot\Movement\Generators\ConcreteMovementGenerators.h(453,44): warning C4305: "Argument": Verkürzung von "double" in "float" [C:\TrinityBots\TrinityCore\build\src\server\modules\Playerbot\playerbot.vcxproj]
  (Quelldatei „../../../../../src/modules/Playerbot/Movement/Core/MovementManager.cpp“ wird kompiliert)
  
C:\TrinityBots\TrinityCore\src\modules\Playerbot\Movement\Generators\ConcreteMovementGenerators.h(433,51): warning C4100: „diff“: nicht referenzierter Parameter [C:\TrinityBots\TrinityCore\build\src\server\modules\Playerbot\playerbot.vcxproj]
  (Quelldatei „../../../../../src/modules/Playerbot/Movement/Core/MovementManager.cpp“ wird kompiliert)
  
C:\TrinityBots\TrinityCore\src\modules\Playerbot\Movement\Generators\ConcreteMovementGenerators.h(472,41): warning C4100: „interrupted“: nicht referenzierter Parameter [C:\TrinityBots\TrinityCore\build\src\server\modules\Playerbot\playerbot.vcxproj]
  (Quelldatei „../../../../../src/modules/Playerbot/Movement/Core/MovementManager.cpp“ wird kompiliert)
  
C:\TrinityBots\TrinityCore\src\modules\Playerbot\Movement\Generators\ConcreteMovementGenerators.h(522,51): warning C4100: „diff“: nicht referenzierter Parameter [C:\TrinityBots\TrinityCore\build\src\server\modules\Playerbot\playerbot.vcxproj]
  (Quelldatei „../../../../../src/modules/Playerbot/Movement/Core/MovementManager.cpp“ wird kompiliert)
  
C:\TrinityBots\TrinityCore\src\modules\Playerbot\Movement\Generators\ConcreteMovementGenerators.h(562,41): warning C4100: „interrupted“: nicht referenzierter Parameter [C:\TrinityBots\TrinityCore\build\src\server\modules\Playerbot\playerbot.vcxproj]
  (Quelldatei „../../../../../src/modules/Playerbot/Movement/Core/MovementManager.cpp“ wird kompiliert)
  
C:\TrinityBots\TrinityCore\src\modules\Playerbot\Movement\Generators\ConcreteMovementGenerators.h(613,51): warning C4100: „diff“: nicht referenzierter Parameter [C:\TrinityBots\TrinityCore\build\src\server\modules\Playerbot\playerbot.vcxproj]
  (Quelldatei „../../../../../src/modules/Playerbot/Movement/Core/MovementManager.cpp“ wird kompiliert)
  
C:\TrinityBots\TrinityCore\src\modules\Playerbot\Movement\Generators\ConcreteMovementGenerators.h(655,41): warning C4100: „interrupted“: nicht referenzierter Parameter [C:\TrinityBots\TrinityCore\build\src\server\modules\Playerbot\playerbot.vcxproj]
  (Quelldatei „../../../../../src/modules/Playerbot/Movement/Core/MovementManager.cpp“ wird kompiliert)
  
C:\TrinityBots\TrinityCore\src\modules\Playerbot\Movement\Generators\ConcreteMovementGenerators.h(693,28): warning C4100: „bot“: nicht referenzierter Parameter [C:\TrinityBots\TrinityCore\build\src\server\modules\Playerbot\playerbot.vcxproj]
  (Quelldatei „../../../../../src/modules/Playerbot/Movement/Core/MovementManager.cpp“ wird kompiliert)
  
C:\TrinityBots\TrinityCore\src\modules\Playerbot\Movement\Generators\ConcreteMovementGenerators.h(699,51): warning C4100: „diff“: nicht referenzierter Parameter [C:\TrinityBots\TrinityCore\build\src\server\modules\Playerbot\playerbot.vcxproj]
  (Quelldatei „../../../../../src/modules/Playerbot/Movement/Core/MovementManager.cpp“ wird kompiliert)
  
C:\TrinityBots\TrinityCore\src\modules\Playerbot\Movement\Generators\ConcreteMovementGenerators.h(699,39): warning C4100: „bot“: nicht referenzierter Parameter [C:\TrinityBots\TrinityCore\build\src\server\modules\Playerbot\playerbot.vcxproj]
  (Quelldatei „../../../../../src/modules/Playerbot/Movement/Core/MovementManager.cpp“ wird kompiliert)
  
C:\TrinityBots\TrinityCore\src\modules\Playerbot\Movement\Generators\ConcreteMovementGenerators.h(705,41): warning C4100: „interrupted“: nicht referenzierter Parameter [C:\TrinityBots\TrinityCore\build\src\server\modules\Playerbot\playerbot.vcxproj]
  (Quelldatei „../../../../../src/modules/Playerbot/Movement/Core/MovementManager.cpp“ wird kompiliert)
  
C:\TrinityBots\TrinityCore\src\modules\Playerbot\Movement\Generators\ConcreteMovementGenerators.h(705,31): warning C4100: „bot“: nicht referenzierter Parameter [C:\TrinityBots\TrinityCore\build\src\server\modules\Playerbot\playerbot.vcxproj]
  (Quelldatei „../../../../../src/modules/Playerbot/Movement/Core/MovementManager.cpp“ wird kompiliert)
  
C:\TrinityBots\TrinityCore\src\modules\Playerbot\Movement\Core\MovementManager.cpp(226,44): warning C4100: „diff“: nicht referenzierter Parameter [C:\TrinityBots\TrinityCore\build\src\server\modules\Playerbot\playerbot.vcxproj]
C:\TrinityBots\TrinityCore\src\modules\Playerbot\Movement\Core\MovementManager.cpp(245,49): warning C4100: „maxDist“: nicht referenzierter Parameter [C:\TrinityBots\TrinityCore\build\src\server\modules\Playerbot\playerbot.vcxproj]
C:\TrinityBots\TrinityCore\src\modules\Playerbot\Movement\Core\MovementManager.cpp(340,84): warning C4100: „duration“: nicht referenzierter Parameter [C:\TrinityBots\TrinityCore\build\src\server\modules\Playerbot\playerbot.vcxproj]
C:\TrinityBots\TrinityCore\src\modules\Playerbot\Movement\Core\MovementManager.cpp(340,69): warning C4100: „radius“: nicht referenzierter Parameter [C:\TrinityBots\TrinityCore\build\src\server\modules\Playerbot\playerbot.vcxproj]
C:\TrinityBots\TrinityCore\src\modules\Playerbot\Movement\Core\MovementManager.cpp(395,48): warning C4100: „cyclic“: nicht referenzierter Parameter [C:\TrinityBots\TrinityCore\build\src\server\modules\Playerbot\playerbot.vcxproj]
C:\TrinityBots\TrinityCore\src\modules\Playerbot\Movement\Core\MovementManager.cpp(504,53): warning C4100: „diff“: nicht referenzierter Parameter [C:\TrinityBots\TrinityCore\build\src\server\modules\Playerbot\playerbot.vcxproj]
C:\TrinityBots\TrinityCore\src\modules\Playerbot\Movement\Core\MovementManager.cpp(688,44): warning C4305: "=": Verkürzung von "double" in "float" [C:\TrinityBots\TrinityCore\build\src\server\modules\Playerbot\playerbot.vcxproj]
C:\TrinityBots\TrinityCore\src\modules\Playerbot\Interaction\Core\GossipHandler.cpp(248,104): warning C4100: „desiredType“: nicht referenzierter Parameter [C:\TrinityBots\TrinityCore\build\src\server\modules\Playerbot\playerbot.vcxproj]
C:\TrinityBots\TrinityCore\src\modules\Playerbot\Interaction\Core\GossipHandler.cpp(248,80): warning C4100: „packet“: nicht referenzierter Parameter [C:\TrinityBots\TrinityCore\build\src\server\modules\Playerbot\playerbot.vcxproj]
C:\TrinityBots\TrinityCore\src\modules\Playerbot\Interaction\Core\GossipHandler.cpp(269,88): warning C4100: „menuId“: nicht referenzierter Parameter [C:\TrinityBots\TrinityCore\build\src\server\modules\Playerbot\playerbot.vcxproj]
C:\TrinityBots\TrinityCore\src\modules\Playerbot\AI\Strategy\Strategy.h(65,34): warning C4100: „ai“: nicht referenzierter Parameter [C:\TrinityBots\TrinityCore\build\src\server\modules\Playerbot\playerbot.vcxproj]
  (Quelldatei „../../../../../src/modules/Playerbot/Quest/QuestCompletion.cpp“ wird kompiliert)
  
C:\TrinityBots\TrinityCore\src\modules\Playerbot\AI\Strategy\Strategy.h(86,36): warning C4100: „ai“: nicht referenzierter Parameter [C:\TrinityBots\TrinityCore\build\src\server\modules\Playerbot\playerbot.vcxproj]
  (Quelldatei „../../../../../src/modules/Playerbot/Quest/QuestCompletion.cpp“ wird kompiliert)
  
C:\TrinityBots\TrinityCore\src\modules\Playerbot\AI\Strategy\Strategy.h(87,38): warning C4100: „ai“: nicht referenzierter Parameter [C:\TrinityBots\TrinityCore\build\src\server\modules\Playerbot\playerbot.vcxproj]
  (Quelldatei „../../../../../src/modules/Playerbot/Quest/QuestCompletion.cpp“ wird kompiliert)
  
C:\TrinityBots\TrinityCore\src\modules\Playerbot\AI\Strategy\Strategy.h(93,51): warning C4100: „diff“: nicht referenzierter Parameter [C:\TrinityBots\TrinityCore\build\src\server\modules\Playerbot\playerbot.vcxproj]
  (Quelldatei „../../../../../src/modules/Playerbot/Quest/QuestCompletion.cpp“ wird kompiliert)
  
C:\TrinityBots\TrinityCore\src\modules\Playerbot\AI\Strategy\Strategy.h(93,40): warning C4100: „ai“: nicht referenzierter Parameter [C:\TrinityBots\TrinityCore\build\src\server\modules\Playerbot\playerbot.vcxproj]
  (Quelldatei „../../../../../src/modules/Playerbot/Quest/QuestCompletion.cpp“ wird kompiliert)
  
C:\TrinityBots\TrinityCore\src\modules\Playerbot\Interaction\Core\InteractionManager.cpp(465,35): error C2039: "FindNearestRepairVendor" ist kein Member von "Playerbot::InteractionManager". [C:\TrinityBots\TrinityCore\build\src\server\modules\Playerbot\playerbot.vcxproj]
      C:\TrinityBots\TrinityCore\src\modules\Playerbot\Interaction\Core\InteractionManager.h(122,11):
      Siehe Deklaration von "Playerbot::InteractionManager"
  
C:\TrinityBots\TrinityCore\src\modules\Playerbot\Interaction\Core\InteractionManager.cpp(465,35): error C2270: "FindNearestRepairVendor": Modifizierer für Funktionen, die keine Memberfunktionen sind, nicht zulässig [C:\TrinityBots\TrinityCore\build\src\server\modules\Playerbot\playerbot.vcxproj]
C:\TrinityBots\TrinityCore\src\modules\Playerbot\Interaction\Core\InteractionManager.cpp(494,35): error C2039: "FindNearestClassTrainer" ist kein Member von "Playerbot::InteractionManager". [C:\TrinityBots\TrinityCore\build\src\server\modules\Playerbot\playerbot.vcxproj]
      C:\TrinityBots\TrinityCore\src\modules\Playerbot\Interaction\Core\InteractionManager.h(122,11):
      Siehe Deklaration von "Playerbot::InteractionManager"
  
C:\TrinityBots\TrinityCore\src\modules\Playerbot\Interaction\Core\InteractionManager.cpp(494,35): error C2270: "FindNearestClassTrainer": Modifizierer für Funktionen, die keine Memberfunktionen sind, nicht zulässig [C:\TrinityBots\TrinityCore\build\src\server\modules\Playerbot\playerbot.vcxproj]
C:\TrinityBots\TrinityCore\src\modules\Playerbot\Interaction\Core\InteractionManager.cpp(499,31): error C2039: "getClass" ist kein Member von "Player". [C:\TrinityBots\TrinityCore\build\src\server\modules\Playerbot\playerbot.vcxproj]
      C:\TrinityBots\TrinityCore\src\server\game\Entities\Player\Player.h(1171,19):
      Siehe Deklaration von "Player"
  
C:\TrinityBots\TrinityCore\src\modules\Playerbot\Interaction\Core\InteractionManager.cpp(514,13): error C2065: "TrainerSpellData": nichtdeklarierter Bezeichner [C:\TrinityBots\TrinityCore\build\src\server\modules\Playerbot\playerbot.vcxproj]
C:\TrinityBots\TrinityCore\src\modules\Playerbot\Interaction\Core\InteractionManager.cpp(514,30): error C2143: Syntaxfehler: Es fehlt ";" vor "const" [C:\TrinityBots\TrinityCore\build\src\server\modules\Playerbot\playerbot.vcxproj]
C:\TrinityBots\TrinityCore\src\modules\Playerbot\Interaction\Core\InteractionManager.cpp(514,30): error C4430: Fehlender Typspezifizierer - int wird angenommen. Hinweis: "default-int" wird von C++ nicht unterstützt. [C:\TrinityBots\TrinityCore\build\src\server\modules\Playerbot\playerbot.vcxproj]
C:\TrinityBots\TrinityCore\src\modules\Playerbot\Interaction\Core\InteractionManager.cpp(514,64): error C2039: "GetTrainerSpells" ist kein Member von "Creature". [C:\TrinityBots\TrinityCore\build\src\server\modules\Playerbot\playerbot.vcxproj]
      C:\TrinityBots\TrinityCore\src\server\game\Entities\Creature\Creature.h(81,19):
      Siehe Deklaration von "Creature"
  
C:\TrinityBots\TrinityCore\src\modules\Playerbot\Interaction\Core\InteractionManager.cpp(519,30): error C2530: "spell": Verweise müssen initialisiert werden [C:\TrinityBots\TrinityCore\build\src\server\modules\Playerbot\playerbot.vcxproj]
C:\TrinityBots\TrinityCore\src\modules\Playerbot\Interaction\Core\InteractionManager.cpp(519,30): error C3531: "spell": Ein Symbol, dessen Typ "auto" enthält, muss einen Initialisierer aufweisen. [C:\TrinityBots\TrinityCore\build\src\server\modules\Playerbot\playerbot.vcxproj]
C:\TrinityBots\TrinityCore\src\modules\Playerbot\Interaction\Core\InteractionManager.cpp(519,36): error C2143: Syntaxfehler: Es fehlt ";" vor ":" [C:\TrinityBots\TrinityCore\build\src\server\modules\Playerbot\playerbot.vcxproj]
C:\TrinityBots\TrinityCore\src\modules\Playerbot\Interaction\Core\InteractionManager.cpp(519,63): error C2143: Syntaxfehler: Es fehlt ";" vor ")" [C:\TrinityBots\TrinityCore\build\src\server\modules\Playerbot\playerbot.vcxproj]
C:\TrinityBots\TrinityCore\src\modules\Playerbot\Interaction\Core\InteractionManager.cpp(544,43): error C2556: "Playerbot::InteractionResult Playerbot::InteractionManager::BuyItem(Player *,Creature *,uint32,uint32)": Überladene Funktion unterscheidet sich nur hinsichtlich des Rückgabetyps von "bool Playerbot::InteractionManager::BuyItem(Player *,Creature *,uint32,uint32)" [C:\TrinityBots\TrinityCore\build\src\server\modules\Playerbot\playerbot.vcxproj]
      C:\TrinityBots\TrinityCore\src\modules\Playerbot\Interaction\Core\InteractionManager.h(150,14):
      Siehe Deklaration von "Playerbot::InteractionManager::BuyItem"
  
C:\TrinityBots\TrinityCore\src\modules\Playerbot\AI\Actions\Action.h(80,34): warning C4100: „ai“: nicht referenzierter Parameter [C:\TrinityBots\TrinityCore\build\src\server\modules\Playerbot\playerbot.vcxproj]
  (Quelldatei „../../../../../src/modules/Playerbot/Quest/QuestCompletion.cpp“ wird kompiliert)
  
C:\TrinityBots\TrinityCore\src\modules\Playerbot\Interaction\Core\InteractionManager.cpp(544,43): error C2371: "Playerbot::InteractionManager::BuyItem": Neudefinition; unterschiedliche Basistypen [C:\TrinityBots\TrinityCore\build\src\server\modules\Playerbot\playerbot.vcxproj]
      C:\TrinityBots\TrinityCore\src\modules\Playerbot\Interaction\Core\InteractionManager.h(150,14):
      Siehe Deklaration von "Playerbot::InteractionManager::BuyItem"
  
C:\TrinityBots\TrinityCore\src\modules\Playerbot\Interaction\Core\InteractionManager.cpp(546,9): warning C4390: ";": Leere kontrollierte Anweisung aufgetreten; ist dies beabsichtigt? [C:\TrinityBots\TrinityCore\build\src\server\modules\Playerbot\playerbot.vcxproj]
C:\TrinityBots\TrinityCore\src\modules\Playerbot\Interaction\Core\InteractionManager.cpp(553,13): warning C4390: ";": Leere kontrollierte Anweisung aufgetreten; ist dies beabsichtigt? [C:\TrinityBots\TrinityCore\build\src\server\modules\Playerbot\playerbot.vcxproj]
C:\TrinityBots\TrinityCore\src\modules\Playerbot\Interaction\Core\InteractionManager.cpp(561,43): error C2039: "SellJunk" ist kein Member von "Playerbot::InteractionManager". [C:\TrinityBots\TrinityCore\build\src\server\modules\Playerbot\playerbot.vcxproj]
      C:\TrinityBots\TrinityCore\src\modules\Playerbot\Interaction\Core\InteractionManager.h(122,11):
      Siehe Deklaration von "Playerbot::InteractionManager"
  
C:\TrinityBots\TrinityCore\src\modules\Playerbot\Interaction\Core\InteractionManager.cpp(566,14): error C3861: "HasActiveInteraction": Bezeichner wurde nicht gefunden. [C:\TrinityBots\TrinityCore\build\src\server\modules\Playerbot\playerbot.vcxproj]
C:\TrinityBots\TrinityCore\src\modules\Playerbot\Interaction\Core\InteractionManager.cpp(568,45): error C3861: "StartInteraction": Bezeichner wurde nicht gefunden. [C:\TrinityBots\TrinityCore\build\src\server\modules\Playerbot\playerbot.vcxproj]
C:\TrinityBots\TrinityCore\src\modules\Playerbot\AI\Actions\Action.h(102,29): warning C4100: „cooldownMs“: nicht referenzierter Parameter [C:\TrinityBots\TrinityCore\build\src\server\modules\Playerbot\playerbot.vcxproj]
  (Quelldatei „../../../../../src/modules/Playerbot/Quest/QuestCompletion.cpp“ wird kompiliert)
  
C:\TrinityBots\TrinityCore\src\modules\Playerbot\Interaction\Core\InteractionManager.cpp(573,16): error C2065: "m_vendorHandler": nichtdeklarierter Bezeichner [C:\TrinityBots\TrinityCore\build\src\server\modules\Playerbot\playerbot.vcxproj]
C:\TrinityBots\TrinityCore\src\modules\Playerbot\Interaction\Core\InteractionManager.cpp(576,43): error C2556: "Playerbot::InteractionResult Playerbot::InteractionManager::RepairAll(Player *,Creature *)": Überladene Funktion unterscheidet sich nur hinsichtlich des Rückgabetyps von "bool Playerbot::InteractionManager::RepairAll(Player *,Creature *)" [C:\TrinityBots\TrinityCore\build\src\server\modules\Playerbot\playerbot.vcxproj]
      C:\TrinityBots\TrinityCore\src\modules\Playerbot\Interaction\Core\InteractionManager.h(153,14):
      Siehe Deklaration von "Playerbot::InteractionManager::RepairAll"
  
C:\TrinityBots\TrinityCore\src\modules\Playerbot\Interaction\Core\InteractionManager.cpp(576,43): error C2371: "Playerbot::InteractionManager::RepairAll": Neudefinition; unterschiedliche Basistypen [C:\TrinityBots\TrinityCore\build\src\server\modules\Playerbot\playerbot.vcxproj]
      C:\TrinityBots\TrinityCore\src\modules\Playerbot\Interaction\Core\InteractionManager.h(153,14):
      Siehe Deklaration von "Playerbot::InteractionManager::RepairAll"
  
C:\TrinityBots\TrinityCore\src\modules\Playerbot\Interaction\Core\InteractionManager.cpp(578,9): warning C4390: ";": Leere kontrollierte Anweisung aufgetreten; ist dies beabsichtigt? [C:\TrinityBots\TrinityCore\build\src\server\modules\Playerbot\playerbot.vcxproj]
C:\TrinityBots\TrinityCore\src\modules\Playerbot\Interaction\Core\InteractionManager.cpp(581,9): warning C4390: ";": Leere kontrollierte Anweisung aufgetreten; ist dies beabsichtigt? [C:\TrinityBots\TrinityCore\build\src\server\modules\Playerbot\playerbot.vcxproj]
C:\TrinityBots\TrinityCore\src\modules\Playerbot\Interaction\Core\InteractionManager.cpp(587,13): warning C4390: ";": Leere kontrollierte Anweisung aufgetreten; ist dies beabsichtigt? [C:\TrinityBots\TrinityCore\build\src\server\modules\Playerbot\playerbot.vcxproj]
C:\TrinityBots\TrinityCore\src\modules\Playerbot\Interaction\Core\InteractionManager.cpp(594,43): error C2039: "LearnOptimalSpells" ist kein Member von "Playerbot::InteractionManager". [C:\TrinityBots\TrinityCore\build\src\server\modules\Playerbot\playerbot.vcxproj]
      C:\TrinityBots\TrinityCore\src\modules\Playerbot\Interaction\Core\InteractionManager.h(122,11):
      Siehe Deklaration von "Playerbot::InteractionManager"
  
C:\TrinityBots\TrinityCore\src\modules\Playerbot\Interaction\Core\InteractionManager.cpp(602,14): error C3861: "HasActiveInteraction": Bezeichner wurde nicht gefunden. [C:\TrinityBots\TrinityCore\build\src\server\modules\Playerbot\playerbot.vcxproj]
C:\TrinityBots\TrinityCore\src\modules\Playerbot\Interaction\Core\InteractionManager.cpp(604,45): error C3861: "StartInteraction": Bezeichner wurde nicht gefunden. [C:\TrinityBots\TrinityCore\build\src\server\modules\Playerbot\playerbot.vcxproj]
C:\TrinityBots\TrinityCore\src\modules\Playerbot\Interaction\Core\InteractionManager.cpp(614,43): error C2039: "UseFlight" ist kein Member von "Playerbot::InteractionManager". [C:\TrinityBots\TrinityCore\build\src\server\modules\Playerbot\playerbot.vcxproj]
      C:\TrinityBots\TrinityCore\src\modules\Playerbot\Interaction\Core\InteractionManager.h(122,11):
      Siehe Deklaration von "Playerbot::InteractionManager"
  
C:\TrinityBots\TrinityCore\src\modules\Playerbot\Interaction\Core\InteractionManager.cpp(622,14): error C3861: "HasActiveInteraction": Bezeichner wurde nicht gefunden. [C:\TrinityBots\TrinityCore\build\src\server\modules\Playerbot\playerbot.vcxproj]
C:\TrinityBots\TrinityCore\src\modules\Playerbot\Interaction\Core\InteractionManager.cpp(624,45): error C3861: "StartInteraction": Bezeichner wurde nicht gefunden. [C:\TrinityBots\TrinityCore\build\src\server\modules\Playerbot\playerbot.vcxproj]
C:\TrinityBots\TrinityCore\src\modules\Playerbot\Interaction\Core\InteractionManager.cpp(637,43): error C2039: "BindHearthstone" ist kein Member von "Playerbot::InteractionManager". [C:\TrinityBots\TrinityCore\build\src\server\modules\Playerbot\playerbot.vcxproj]
      C:\TrinityBots\TrinityCore\src\modules\Playerbot\Interaction\Core\InteractionManager.h(122,11):
      Siehe Deklaration von "Playerbot::InteractionManager"
  
C:\TrinityBots\TrinityCore\src\modules\Playerbot\Interaction\Core\InteractionManager.cpp(645,14): error C3861: "HasActiveInteraction": Bezeichner wurde nicht gefunden. [C:\TrinityBots\TrinityCore\build\src\server\modules\Playerbot\playerbot.vcxproj]
C:\TrinityBots\TrinityCore\src\modules\Playerbot\Interaction\Core\InteractionManager.cpp(647,45): error C3861: "StartInteraction": Bezeichner wurde nicht gefunden. [C:\TrinityBots\TrinityCore\build\src\server\modules\Playerbot\playerbot.vcxproj]
C:\TrinityBots\TrinityCore\src\modules\Playerbot\Interaction\Core\InteractionManager.cpp(657,43): error C2039: "AccessBank" ist kein Member von "Playerbot::InteractionManager". [C:\TrinityBots\TrinityCore\build\src\server\modules\Playerbot\playerbot.vcxproj]
      C:\TrinityBots\TrinityCore\src\modules\Playerbot\Interaction\Core\InteractionManager.h(122,11):
      Siehe Deklaration von "Playerbot::InteractionManager"
  
C:\TrinityBots\TrinityCore\src\modules\Playerbot\Interaction\Core\InteractionManager.cpp(671,14): error C3861: "HasActiveInteraction": Bezeichner wurde nicht gefunden. [C:\TrinityBots\TrinityCore\build\src\server\modules\Playerbot\playerbot.vcxproj]
C:\TrinityBots\TrinityCore\src\modules\Playerbot\Interaction\Core\InteractionManager.cpp(673,45): error C3861: "StartInteraction": Bezeichner wurde nicht gefunden. [C:\TrinityBots\TrinityCore\build\src\server\modules\Playerbot\playerbot.vcxproj]
C:\TrinityBots\TrinityCore\src\modules\Playerbot\Interaction\Core\InteractionManager.cpp(683,43): error C2039: "CheckMail" ist kein Member von "Playerbot::InteractionManager". [C:\TrinityBots\TrinityCore\build\src\server\modules\Playerbot\playerbot.vcxproj]
      C:\TrinityBots\TrinityCore\src\modules\Playerbot\Interaction\Core\InteractionManager.h(122,11):
      Siehe Deklaration von "Playerbot::InteractionManager"
  
C:\TrinityBots\TrinityCore\src\modules\Playerbot\Interaction\Core\InteractionManager.cpp(691,14): error C3861: "HasActiveInteraction": Bezeichner wurde nicht gefunden. [C:\TrinityBots\TrinityCore\build\src\server\modules\Playerbot\playerbot.vcxproj]
C:\TrinityBots\TrinityCore\src\modules\Playerbot\Interaction\Core\InteractionManager.cpp(693,45): error C3861: "StartInteraction": Bezeichner wurde nicht gefunden. [C:\TrinityBots\TrinityCore\build\src\server\modules\Playerbot\playerbot.vcxproj]
C:\TrinityBots\TrinityCore\src\modules\Playerbot\AI\Actions\Action.h(80,34): warning C4100: „ai“: nicht referenzierter Parameter [C:\TrinityBots\TrinityCore\build\src\server\modules\Playerbot\playerbot.vcxproj]
  (Quelldatei „../../../../../src/modules/Playerbot/Quest/QuestTurnIn.cpp“ wird kompiliert)
  
C:\TrinityBots\TrinityCore\src\modules\Playerbot\AI\Actions\Action.h(163,36): warning C4100: „ai“: nicht referenzierter Parameter [C:\TrinityBots\TrinityCore\build\src\server\modules\Playerbot\playerbot.vcxproj]
  (Quelldatei „../../../../../src/modules/Playerbot/Quest/QuestCompletion.cpp“ wird kompiliert)
  
C:\TrinityBots\TrinityCore\src\modules\Playerbot\Interaction\Core\InteractionManager.cpp(735,23): error C2039: "OnGossipSelect" ist kein Member von "Creature". [C:\TrinityBots\TrinityCore\build\src\server\modules\Playerbot\playerbot.vcxproj]
      C:\TrinityBots\TrinityCore\src\server\game\Entities\Creature\Creature.h(81,19):
      Siehe Deklaration von "Creature"
  
C:\TrinityBots\TrinityCore\src\modules\Playerbot\Interaction\Core\InteractionManager.cpp(739,44): error C2039: "GetMetrics" ist kein Member von "Playerbot::InteractionManager". [C:\TrinityBots\TrinityCore\build\src\server\modules\Playerbot\playerbot.vcxproj]
      C:\TrinityBots\TrinityCore\src\modules\Playerbot\Interaction\Core\InteractionManager.h(122,11):
      Siehe Deklaration von "Playerbot::InteractionManager"
  
C:\TrinityBots\TrinityCore\src\modules\Playerbot\Interaction\Core\InteractionManager.cpp(739,44): error C2270: "GetMetrics": Modifizierer für Funktionen, die keine Memberfunktionen sind, nicht zulässig [C:\TrinityBots\TrinityCore\build\src\server\modules\Playerbot\playerbot.vcxproj]
C:\TrinityBots\TrinityCore\src\modules\Playerbot\Interaction\Core\InteractionManager.cpp(741,50): error C2065: "m_mutex": nichtdeklarierter Bezeichner [C:\TrinityBots\TrinityCore\build\src\server\modules\Playerbot\playerbot.vcxproj]
C:\TrinityBots\TrinityCore\src\modules\Playerbot\AI\Actions\Action.h(102,29): warning C4100: „cooldownMs“: nicht referenzierter Parameter [C:\TrinityBots\TrinityCore\build\src\server\modules\Playerbot\playerbot.vcxproj]
  (Quelldatei „../../../../../src/modules/Playerbot/Quest/QuestTurnIn.cpp“ wird kompiliert)
  
C:\TrinityBots\TrinityCore\src\modules\Playerbot\Interaction\Core\InteractionManager.cpp(747,45): error C2065: "m_metrics": nichtdeklarierter Bezeichner [C:\TrinityBots\TrinityCore\build\src\server\modules\Playerbot\playerbot.vcxproj]
C:\TrinityBots\TrinityCore\src\modules\Playerbot\Interaction\Core\InteractionManager.cpp(747,43): error C2059: Syntaxfehler: ":" [C:\TrinityBots\TrinityCore\build\src\server\modules\Playerbot\playerbot.vcxproj]
C:\TrinityBots\TrinityCore\src\modules\Playerbot\Interaction\Core\InteractionManager.cpp(748,13): error C2143: Syntaxfehler: Es fehlt ";" vor "{" [C:\TrinityBots\TrinityCore\build\src\server\modules\Playerbot\playerbot.vcxproj]
C:\TrinityBots\TrinityCore\src\modules\Playerbot\Interaction\Core\InteractionManager.cpp(749,43): error C2065: "metrics": nichtdeklarierter Bezeichner [C:\TrinityBots\TrinityCore\build\src\server\modules\Playerbot\playerbot.vcxproj]
C:\TrinityBots\TrinityCore\src\modules\Playerbot\Interaction\Core\InteractionManager.cpp(750,42): error C2065: "metrics": nichtdeklarierter Bezeichner [C:\TrinityBots\TrinityCore\build\src\server\modules\Playerbot\playerbot.vcxproj]
C:\TrinityBots\TrinityCore\src\modules\Playerbot\Interaction\Core\InteractionManager.cpp(751,42): error C2065: "metrics": nichtdeklarierter Bezeichner [C:\TrinityBots\TrinityCore\build\src\server\modules\Playerbot\playerbot.vcxproj]
C:\TrinityBots\TrinityCore\src\modules\Playerbot\Interaction\Core\InteractionManager.cpp(752,42): error C2065: "metrics": nichtdeklarierter Bezeichner [C:\TrinityBots\TrinityCore\build\src\server\modules\Playerbot\playerbot.vcxproj]
C:\TrinityBots\TrinityCore\src\modules\Playerbot\Interaction\Core\InteractionManager.cpp(753,43): error C2065: "metrics": nichtdeklarierter Bezeichner [C:\TrinityBots\TrinityCore\build\src\server\modules\Playerbot\playerbot.vcxproj]
C:\TrinityBots\TrinityCore\src\modules\Playerbot\Interaction\Core\InteractionManager.cpp(763,19): error C2065: "m_metrics": nichtdeklarierter Bezeichner [C:\TrinityBots\TrinityCore\build\src\server\modules\Playerbot\playerbot.vcxproj]
C:\TrinityBots\TrinityCore\src\modules\Playerbot\Interaction\Core\InteractionManager.cpp(764,13): error C3536: "it": Kann nicht verwendet werden, bevor es initialisiert wurde. [C:\TrinityBots\TrinityCore\build\src\server\modules\Playerbot\playerbot.vcxproj]
C:\TrinityBots\TrinityCore\src\modules\Playerbot\Interaction\Core\InteractionManager.cpp(764,19): error C2065: "m_metrics": nichtdeklarierter Bezeichner [C:\TrinityBots\TrinityCore\build\src\server\modules\Playerbot\playerbot.vcxproj]
C:\TrinityBots\TrinityCore\src\modules\Playerbot\Interaction\Core\InteractionManager.cpp(770,30): error C2039: "ResetMetrics" ist kein Member von "Playerbot::InteractionManager". [C:\TrinityBots\TrinityCore\build\src\server\modules\Playerbot\playerbot.vcxproj]
      C:\TrinityBots\TrinityCore\src\modules\Playerbot\Interaction\Core\InteractionManager.h(122,11):
      Siehe Deklaration von "Playerbot::InteractionManager"
  
C:\TrinityBots\TrinityCore\src\modules\Playerbot\Interaction\Core\InteractionManager.cpp(772,50): error C2065: "m_mutex": nichtdeklarierter Bezeichner [C:\TrinityBots\TrinityCore\build\src\server\modules\Playerbot\playerbot.vcxproj]
C:\TrinityBots\TrinityCore\src\modules\Playerbot\Interaction\Core\InteractionManager.cpp(773,9): error C2065: "m_metrics": nichtdeklarierter Bezeichner [C:\TrinityBots\TrinityCore\build\src\server\modules\Playerbot\playerbot.vcxproj]
C:\TrinityBots\TrinityCore\src\modules\Playerbot\Interaction\Core\InteractionManager.cpp(774,9): error C2065: "m_totalInteractionsStarted": nichtdeklarierter Bezeichner [C:\TrinityBots\TrinityCore\build\src\server\modules\Playerbot\playerbot.vcxproj]
C:\TrinityBots\TrinityCore\src\modules\Playerbot\Interaction\Core\InteractionManager.cpp(775,9): error C2065: "m_totalInteractionsCompleted": nichtdeklarierter Bezeichner [C:\TrinityBots\TrinityCore\build\src\server\modules\Playerbot\playerbot.vcxproj]
C:\TrinityBots\TrinityCore\src\modules\Playerbot\Interaction\Core\InteractionManager.cpp(776,9): error C2065: "m_totalInteractionsFailed": nichtdeklarierter Bezeichner [C:\TrinityBots\TrinityCore\build\src\server\modules\Playerbot\playerbot.vcxproj]
C:\TrinityBots\TrinityCore\src\modules\Playerbot\Interaction\Core\InteractionManager.cpp(779,30): error C2039: "ProcessInteractionState" ist kein Member von "Playerbot::InteractionManager". [C:\TrinityBots\TrinityCore\build\src\server\modules\Playerbot\playerbot.vcxproj]
      C:\TrinityBots\TrinityCore\src\modules\Playerbot\Interaction\Core\InteractionManager.h(122,11):
      Siehe Deklaration von "Playerbot::InteractionManager"
  
C:\TrinityBots\TrinityCore\src\modules\Playerbot\Interaction\Core\InteractionManager.cpp(784,24): error C3861: "GetInteractionContext": Bezeichner wurde nicht gefunden. [C:\TrinityBots\TrinityCore\build\src\server\modules\Playerbot\playerbot.vcxproj]
C:\TrinityBots\TrinityCore\src\modules\Playerbot\Interaction\Core\InteractionManager.cpp(788,16): error C3861: "UpdateInteraction": Bezeichner wurde nicht gefunden. [C:\TrinityBots\TrinityCore\build\src\server\modules\Playerbot\playerbot.vcxproj]
C:\TrinityBots\TrinityCore\src\modules\Playerbot\Interaction\Core\InteractionManager.cpp(831,28): error C2039: "GetAngle" ist kein Member von "Player". [C:\TrinityBots\TrinityCore\build\src\server\modules\Playerbot\playerbot.vcxproj]
      C:\TrinityBots\TrinityCore\src\server\game\Entities\Player\Player.h(1171,19):
      Siehe Deklaration von "Player"
  
C:\TrinityBots\TrinityCore\src\modules\Playerbot\AI\Actions\Action.h(163,36): warning C4100: „ai“: nicht referenzierter Parameter [C:\TrinityBots\TrinityCore\build\src\server\modules\Playerbot\playerbot.vcxproj]
  (Quelldatei „../../../../../src/modules/Playerbot/Quest/QuestTurnIn.cpp“ wird kompiliert)
  
C:\TrinityBots\TrinityCore\src\modules\Playerbot\Interaction\Core\InteractionManager.cpp(898,30): error C2039: "HandleVendorList" ist kein Member von "Playerbot::InteractionManager". [C:\TrinityBots\TrinityCore\build\src\server\modules\Playerbot\playerbot.vcxproj]
      C:\TrinityBots\TrinityCore\src\modules\Playerbot\Interaction\Core\InteractionManager.h(122,11):
      Siehe Deklaration von "Playerbot::InteractionManager"
  
C:\TrinityBots\TrinityCore\src\modules\Playerbot\Interaction\Core\InteractionManager.cpp(903,24): error C3861: "GetInteractionContext": Bezeichner wurde nicht gefunden. [C:\TrinityBots\TrinityCore\build\src\server\modules\Playerbot\playerbot.vcxproj]
C:\TrinityBots\TrinityCore\src\modules\Playerbot\Interaction\Core\InteractionManager.cpp(908,9): error C2065: "m_vendorHandler": nichtdeklarierter Bezeichner [C:\TrinityBots\TrinityCore\build\src\server\modules\Playerbot\playerbot.vcxproj]
C:\TrinityBots\TrinityCore\src\modules\Playerbot\Interaction\Core\InteractionManager.cpp(911,30): error C2039: "HandleTrainerList" ist kein Member von "Playerbot::InteractionManager". [C:\TrinityBots\TrinityCore\build\src\server\modules\Playerbot\playerbot.vcxproj]
      C:\TrinityBots\TrinityCore\src\modules\Playerbot\Interaction\Core\InteractionManager.h(122,11):
      Siehe Deklaration von "Playerbot::InteractionManager"
  
C:\TrinityBots\TrinityCore\src\modules\Playerbot\Interaction\Core\InteractionManager.cpp(916,24): error C3861: "GetInteractionContext": Bezeichner wurde nicht gefunden. [C:\TrinityBots\TrinityCore\build\src\server\modules\Playerbot\playerbot.vcxproj]
C:\TrinityBots\TrinityCore\src\modules\Playerbot\Interaction\Core\InteractionManager.cpp(925,30): error C2039: "HandleGossipMessage" ist kein Member von "Playerbot::InteractionManager". [C:\TrinityBots\TrinityCore\build\src\server\modules\Playerbot\playerbot.vcxproj]
      C:\TrinityBots\TrinityCore\src\modules\Playerbot\Interaction\Core\InteractionManager.h(122,11):
      Siehe Deklaration von "Playerbot::InteractionManager"
  
C:\TrinityBots\TrinityCore\src\modules\Playerbot\Interaction\Core\InteractionManager.cpp(930,24): error C3861: "GetInteractionContext": Bezeichner wurde nicht gefunden. [C:\TrinityBots\TrinityCore\build\src\server\modules\Playerbot\playerbot.vcxproj]
C:\TrinityBots\TrinityCore\src\modules\Playerbot\Interaction\Core\InteractionManager.cpp(935,9): error C2065: "m_gossipHandler": nichtdeklarierter Bezeichner [C:\TrinityBots\TrinityCore\build\src\server\modules\Playerbot\playerbot.vcxproj]
C:\TrinityBots\TrinityCore\src\modules\Playerbot\Interaction\Core\InteractionManager.cpp(1020,26): error C2039: "IsMoving" ist kein Member von "Player". [C:\TrinityBots\TrinityCore\build\src\server\modules\Playerbot\playerbot.vcxproj]
      C:\TrinityBots\TrinityCore\src\server\game\Entities\Player\Player.h(1171,19):
      Siehe Deklaration von "Player"
  
C:\TrinityBots\TrinityCore\src\modules\Playerbot\Interaction\Core\InteractionManager.cpp(1041,35): error C2039: "SendPrepareGossip" ist kein Member von "Creature". [C:\TrinityBots\TrinityCore\build\src\server\modules\Playerbot\playerbot.vcxproj]
      C:\TrinityBots\TrinityCore\src\server\game\Entities\Creature\Creature.h(81,19):
      Siehe Deklaration von "Creature"
  
C:\TrinityBots\TrinityCore\src\modules\Playerbot\Interaction\Core\InteractionManager.cpp(1144,13): error C3861: "LOG_DEBUG": Bezeichner wurde nicht gefunden. [C:\TrinityBots\TrinityCore\build\src\server\modules\Playerbot\playerbot.vcxproj]
C:\TrinityBots\TrinityCore\src\modules\Playerbot\AI\Triggers\Trigger.h(82,43): warning C4100: „ai“: nicht referenzierter Parameter [C:\TrinityBots\TrinityCore\build\src\server\modules\Playerbot\playerbot.vcxproj]
  (Quelldatei „../../../../../src/modules/Playerbot/Quest/QuestCompletion.cpp“ wird kompiliert)
  
C:\TrinityBots\TrinityCore\src\modules\Playerbot\AI\Triggers\Trigger.h(82,43): warning C4100: „ai“: nicht referenzierter Parameter [C:\TrinityBots\TrinityCore\build\src\server\modules\Playerbot\playerbot.vcxproj]
  (Quelldatei „../../../../../src/modules/Playerbot/Quest/QuestTurnIn.cpp“ wird kompiliert)
  
C:\TrinityBots\TrinityCore\src\modules\Playerbot\AI\BotAI.h(106,40): warning C4100: „diff“: nicht referenzierter Parameter [C:\TrinityBots\TrinityCore\build\src\server\modules\Playerbot\playerbot.vcxproj]
  (Quelldatei „../../../../../src/modules/Playerbot/Quest/QuestCompletion.cpp“ wird kompiliert)
  
C:\TrinityBots\TrinityCore\src\modules\Playerbot\AI\Strategy\Strategy.h(65,34): warning C4100: „ai“: nicht referenzierter Parameter [C:\TrinityBots\TrinityCore\build\src\server\modules\Playerbot\playerbot.vcxproj]
  (Quelldatei „../../../../../src/modules/Playerbot/Quest/QuestTurnIn.cpp“ wird kompiliert)
  
C:\TrinityBots\TrinityCore\src\modules\Playerbot\AI\Strategy\Strategy.h(86,36): warning C4100: „ai“: nicht referenzierter Parameter [C:\TrinityBots\TrinityCore\build\src\server\modules\Playerbot\playerbot.vcxproj]
  (Quelldatei „../../../../../src/modules/Playerbot/Quest/QuestTurnIn.cpp“ wird kompiliert)
  
C:\TrinityBots\TrinityCore\src\modules\Playerbot\AI\Strategy\Strategy.h(87,38): warning C4100: „ai“: nicht referenzierter Parameter [C:\TrinityBots\TrinityCore\build\src\server\modules\Playerbot\playerbot.vcxproj]
  (Quelldatei „../../../../../src/modules/Playerbot/Quest/QuestTurnIn.cpp“ wird kompiliert)
  
C:\TrinityBots\TrinityCore\src\modules\Playerbot\AI\Strategy\Strategy.h(93,51): warning C4100: „diff“: nicht referenzierter Parameter [C:\TrinityBots\TrinityCore\build\src\server\modules\Playerbot\playerbot.vcxproj]
  (Quelldatei „../../../../../src/modules/Playerbot/Quest/QuestTurnIn.cpp“ wird kompiliert)
  
C:\TrinityBots\TrinityCore\src\modules\Playerbot\AI\Strategy\Strategy.h(93,40): warning C4100: „ai“: nicht referenzierter Parameter [C:\TrinityBots\TrinityCore\build\src\server\modules\Playerbot\playerbot.vcxproj]
  (Quelldatei „../../../../../src/modules/Playerbot/Quest/QuestTurnIn.cpp“ wird kompiliert)
  
C:\TrinityBots\TrinityCore\src\modules\Playerbot\Movement\Core\MovementTypes.h(253,12): error C2011: "Playerbot::FormationPosition": "struct" Typneudefinition [C:\TrinityBots\TrinityCore\build\src\server\modules\Playerbot\playerbot.vcxproj]
  (Quelldatei „../../../../../src/modules/Playerbot/Quest/QuestCompletion.cpp“ wird kompiliert)
      C:\TrinityBots\TrinityCore\src\modules\Playerbot\Movement\LeaderFollowBehavior.h(62,8):
      Siehe Deklaration von "Playerbot::FormationPosition"
  
C:\TrinityBots\TrinityCore\src\modules\Playerbot\AI\BotAI.h(106,40): warning C4100: „diff“: nicht referenzierter Parameter [C:\TrinityBots\TrinityCore\build\src\server\modules\Playerbot\playerbot.vcxproj]
  (Quelldatei „../../../../../src/modules/Playerbot/Quest/QuestTurnIn.cpp“ wird kompiliert)
  
C:\TrinityBots\TrinityCore\src\modules\Playerbot\Quest\QuestTurnIn.cpp(1004,33): warning C4100: „diff“: nicht referenzierter Parameter [C:\TrinityBots\TrinityCore\build\src\server\modules\Playerbot\playerbot.vcxproj]
C:\TrinityBots\TrinityCore\src\modules\Playerbot\Quest\QuestTurnIn.cpp(1201,99): warning C4100: „bot“: nicht referenzierter Parameter [C:\TrinityBots\TrinityCore\build\src\server\modules\Playerbot\playerbot.vcxproj]
C:\TrinityBots\TrinityCore\src\modules\Playerbot\Quest\QuestTurnIn.cpp(1257,105): warning C4100: „bot“: nicht referenzierter Parameter [C:\TrinityBots\TrinityCore\build\src\server\modules\Playerbot\playerbot.vcxproj]
  gsoap.vcxproj -> C:\TrinityBots\TrinityCore\build\dep\gsoap\RelWithDebInfo\gsoap.lib
  scripts.vcxproj -> C:\TrinityBots\TrinityCore\build\src\server\scripts\RelWithDebInfo\scripts.lib
