MSBuild-Version 17.14.18+a338add32 für .NET Framework

  zlib.vcxproj -> C:\TrinityBots\TrinityCore\build\dep\zlib\RelWithDebInfo\zlib.lib
  Detour.vcxproj -> C:\TrinityBots\TrinityCore\build\dep\recastnavigation\Detour\RelWithDebInfo\Detour.lib
  argon2.vcxproj -> C:\TrinityBots\TrinityCore\build\dep\argon2\RelWithDebInfo\argon2.lib
  fmt.vcxproj -> C:\TrinityBots\TrinityCore\build\dep\fmt\RelWithDebInfo\fmt.lib
  g3dlib.vcxproj -> C:\TrinityBots\TrinityCore\build\dep\g3dlite\RelWithDebInfo\g3dlib.lib
  openssl_ed25519.vcxproj -> C:\TrinityBots\TrinityCore\build\bin\RelWithDebInfo\openssl_ed25519.dll
  sfmt.vcxproj -> C:\TrinityBots\TrinityCore\build\dep\SFMT\RelWithDebInfo\sfmt.lib
  common.vcxproj -> C:\TrinityBots\TrinityCore\build\src\common\RelWithDebInfo\common.lib
  database.vcxproj -> C:\TrinityBots\TrinityCore\build\src\server\database\RelWithDebInfo\database.lib
  network.vcxproj -> C:\TrinityBots\TrinityCore\build\src\common\network\RelWithDebInfo\trinity_network.lib
  protobuf.vcxproj -> C:\TrinityBots\TrinityCore\build\dep\protobuf\RelWithDebInfo\protobuf.lib
  proto.vcxproj -> C:\TrinityBots\TrinityCore\build\src\server\proto\RelWithDebInfo\proto.lib
  shared.vcxproj -> C:\TrinityBots\TrinityCore\build\src\server\shared\RelWithDebInfo\shared.lib
  modules-common.vcxproj -> C:\TrinityBots\TrinityCore\build\src\server\modules\Common\RelWithDebInfo\modules-common.lib
  playerbot.vcxproj -> C:\TrinityBots\TrinityCore\build\src\server\modules\Playerbot\RelWithDebInfo\playerbot.lib
  game.vcxproj -> C:\TrinityBots\TrinityCore\build\src\server\game\RelWithDebInfo\game.lib
  gsoap.vcxproj -> C:\TrinityBots\TrinityCore\build\dep\gsoap\RelWithDebInfo\gsoap.lib
  scripts.vcxproj -> C:\TrinityBots\TrinityCore\build\src\server\scripts\RelWithDebInfo\scripts.lib
  worldserver.vcxproj -> C:\TrinityBots\TrinityCore\build\bin\RelWithDebInfo\worldserver.exe
