MSBuild-Version 17.14.18+a338add32 für .NET Framework

  zlib.vcxproj -> C:\TrinityBots\TrinityCore\build\dep\zlib\RelWithDebInfo\zlib.lib
  Detour.vcxproj -> C:\TrinityBots\TrinityCore\build\dep\recastnavigation\Detour\RelWithDebInfo\Detour.lib
  argon2.vcxproj -> C:\TrinityBots\TrinityCore\build\dep\argon2\RelWithDebInfo\argon2.lib
  fmt.vcxproj -> C:\TrinityBots\TrinityCore\build\dep\fmt\RelWithDebInfo\fmt.lib
  g3dlib.vcxproj -> C:\TrinityBots\TrinityCore\build\dep\g3dlite\RelWithDebInfo\g3dlib.lib
  openssl_ed25519.vcxproj -> C:\TrinityBots\TrinityCore\build\bin\RelWithDebInfo\openssl_ed25519.dll
  sfmt.vcxproj -> C:\TrinityBots\TrinityCore\build\dep\SFMT\RelWithDebInfo\sfmt.lib
  common.vcxproj -> C:\TrinityBots\TrinityCore\build\src\common\RelWithDebInfo\common.lib
  database.vcxproj -> C:\TrinityBots\TrinityCore\build\src\server\database\RelWithDebInfo\database.lib
  network.vcxproj -> C:\TrinityBots\TrinityCore\build\src\common\network\RelWithDebInfo\trinity_network.lib
  protobuf.vcxproj -> C:\TrinityBots\TrinityCore\build\dep\protobuf\RelWithDebInfo\protobuf.lib
  proto.vcxproj -> C:\TrinityBots\TrinityCore\build\src\server\proto\RelWithDebInfo\proto.lib
  shared.vcxproj -> C:\TrinityBots\TrinityCore\build\src\server\shared\RelWithDebInfo\shared.lib
  modules-common.vcxproj -> C:\TrinityBots\TrinityCore\build\src\server\modules\Common\RelWithDebInfo\modules-common.lib
  MovementManager.cpp
  MovementValidator.cpp
  InteractionManager.cpp
  GossipHandler.cpp
  InteractionValidator.cpp
  QuestCompletion.cpp
C:\TrinityBots\TrinityCore\src\modules\Playerbot\Movement\Core\MovementManager.cpp(224,44): warning C4100: „diff“: nicht referenzierter Parameter [C:\TrinityBots\TrinityCore\build\src\server\modules\Playerbot\playerbot.vcxproj]
C:\TrinityBots\TrinityCore\src\modules\Playerbot\Movement\Core\MovementManager.cpp(243,49): warning C4100: „maxDist“: nicht referenzierter Parameter [C:\TrinityBots\TrinityCore\build\src\server\modules\Playerbot\playerbot.vcxproj]
C:\TrinityBots\TrinityCore\src\modules\Playerbot\Movement\Core\MovementManager.cpp(338,84): warning C4100: „duration“: nicht referenzierter Parameter [C:\TrinityBots\TrinityCore\build\src\server\modules\Playerbot\playerbot.vcxproj]
C:\TrinityBots\TrinityCore\src\modules\Playerbot\Movement\Core\MovementManager.cpp(338,69): warning C4100: „radius“: nicht referenzierter Parameter [C:\TrinityBots\TrinityCore\build\src\server\modules\Playerbot\playerbot.vcxproj]
C:\TrinityBots\TrinityCore\src\modules\Playerbot\Movement\Core\MovementManager.cpp(393,48): warning C4100: „cyclic“: nicht referenzierter Parameter [C:\TrinityBots\TrinityCore\build\src\server\modules\Playerbot\playerbot.vcxproj]
C:\TrinityBots\TrinityCore\src\modules\Playerbot\Movement\Core\MovementManager.cpp(502,53): warning C4100: „diff“: nicht referenzierter Parameter [C:\TrinityBots\TrinityCore\build\src\server\modules\Playerbot\playerbot.vcxproj]
C:\Program Files\Microsoft Visual Studio\2022\Enterprise\VC\Tools\MSVC\14.44.35207\include\memory(3630,35): error C2248: "Playerbot::MovementManager::MovementManager": Kein Zugriff auf private Member, dessen Deklaration in der Playerbot::MovementManager-Klasse erfolgte. [C:\TrinityBots\TrinityCore\build\src\server\modules\Playerbot\playerbot.vcxproj]
  (Quelldatei „../../../../../src/modules/Playerbot/Movement/Core/MovementManager.cpp“ wird kompiliert)
      C:\TrinityBots\TrinityCore\src\modules\Playerbot\Movement\Core\MovementManager.cpp(29,22):
      Siehe Deklaration von "Playerbot::MovementManager::MovementManager"
      C:\TrinityBots\TrinityCore\src\modules\Playerbot\Movement\Core\MovementManager.h(54,11):
      Siehe Deklaration von "Playerbot::MovementManager"
      C:\Program Files\Microsoft Visual Studio\2022\Enterprise\VC\Tools\MSVC\14.44.35207\include\memory(3630,35):
      der Vorlageninstanziierungskontext (der älteste zuerst) ist
          C:\TrinityBots\TrinityCore\src\modules\Playerbot\Movement\Core\MovementManager.cpp(43,31):
          Siehe Verweis auf die gerade kompilierte Instanziierung "std::unique_ptr<Playerbot::MovementManager,std::default_delete<Playerbot::MovementManager>> std::make_unique<Playerbot::MovementManager,,0>(void)" der Funktions-Vorlage.
  
C:\Program Files\Microsoft Visual Studio\2022\Enterprise\VC\Tools\MSVC\14.44.35207\include\xmemory(2218,9): error C2259: "Playerbot::MovementGenerator": Abstrakte Klasse kann nicht erstellt werden. [C:\TrinityBots\TrinityCore\build\src\server\modules\Playerbot\playerbot.vcxproj]
  (Quelldatei „../../../../../src/modules/Playerbot/Movement/Core/MovementManager.cpp“ wird kompiliert)
      C:\TrinityBots\TrinityCore\src\modules\Playerbot\Movement\Core\MovementGenerator.h(32,23):
      Siehe Deklaration von "Playerbot::MovementGenerator"
      C:\Program Files\Microsoft Visual Studio\2022\Enterprise\VC\Tools\MSVC\14.44.35207\include\xmemory(2218,9):
      aufgrund folgender Member:
      C:\Program Files\Microsoft Visual Studio\2022\Enterprise\VC\Tools\MSVC\14.44.35207\include\xmemory(2218,9):
      "bool Playerbot::MovementGenerator::Initialize(Player *)": ist abstrakt
      C:\TrinityBots\TrinityCore\src\modules\Playerbot\Movement\Core\MovementGenerator.h(53,22):
      Siehe Deklaration von "Playerbot::MovementGenerator::Initialize"
      C:\Program Files\Microsoft Visual Studio\2022\Enterprise\VC\Tools\MSVC\14.44.35207\include\xmemory(2218,9):
      "void Playerbot::MovementGenerator::Reset(Player *)": ist abstrakt
      C:\TrinityBots\TrinityCore\src\modules\Playerbot\Movement\Core\MovementGenerator.h(59,22):
      Siehe Deklaration von "Playerbot::MovementGenerator::Reset"
      C:\Program Files\Microsoft Visual Studio\2022\Enterprise\VC\Tools\MSVC\14.44.35207\include\xmemory(2218,9):
      "Playerbot::MovementResult Playerbot::MovementGenerator::Update(Player *,uint32)": ist abstrakt
      C:\TrinityBots\TrinityCore\src\modules\Playerbot\Movement\Core\MovementGenerator.h(67,32):
      Siehe Deklaration von "Playerbot::MovementGenerator::Update"
      C:\Program Files\Microsoft Visual Studio\2022\Enterprise\VC\Tools\MSVC\14.44.35207\include\xmemory(2218,9):
      "void Playerbot::MovementGenerator::Finalize(Player *,bool)": ist abstrakt
      C:\TrinityBots\TrinityCore\src\modules\Playerbot\Movement\Core\MovementGenerator.h(74,22):
      Siehe Deklaration von "Playerbot::MovementGenerator::Finalize"
      C:\Program Files\Microsoft Visual Studio\2022\Enterprise\VC\Tools\MSVC\14.44.35207\include\xmemory(2218,9):
      der Vorlageninstanziierungskontext (der älteste zuerst) ist
          C:\TrinityBots\TrinityCore\src\modules\Playerbot\Movement\Core\MovementManager.cpp(654,21):
          Siehe Verweis auf die gerade kompilierte Instanziierung "std::shared_ptr<Playerbot::MovementGenerator> std::make_shared<Playerbot::MovementGenerator,Playerbot::MovementGeneratorType&,Playerbot::MovementPriority&>(Playerbot::MovementGeneratorType &,Playerbot::MovementPriority &)" der Funktions-Vorlage.
          C:\Program Files\Microsoft Visual Studio\2022\Enterprise\VC\Tools\MSVC\14.44.35207\include\memory(2913,26):
          Siehe Verweis auf die gerade kompilierte Klasse Vorlage-Instanziierung "std::_Ref_count_obj2<Playerbot::MovementGenerator>".
          C:\Program Files\Microsoft Visual Studio\2022\Enterprise\VC\Tools\MSVC\14.44.35207\include\memory(2113,33):
          Siehe Verweis auf die gerade kompilierte Klasse Vorlage-Instanziierung "std::_Wrap<Playerbot::MovementGenerator>".
  
C:\TrinityBots\TrinityCore\src\modules\Playerbot\Movement\Core\MovementValidator.cpp(560,65): warning C4305: "Argument": Verkürzung von "double" in "_Ty" [C:\TrinityBots\TrinityCore\build\src\server\modules\Playerbot\playerbot.vcxproj]
C:\TrinityBots\TrinityCore\src\modules\Playerbot\Movement\Core\MovementValidator.cpp(560,65): warning C4305:         with [C:\TrinityBots\TrinityCore\build\src\server\modules\Playerbot\playerbot.vcxproj]
C:\TrinityBots\TrinityCore\src\modules\Playerbot\Movement\Core\MovementValidator.cpp(560,65): warning C4305:         [ [C:\TrinityBots\TrinityCore\build\src\server\modules\Playerbot\playerbot.vcxproj]
C:\TrinityBots\TrinityCore\src\modules\Playerbot\Movement\Core\MovementValidator.cpp(560,65): warning C4305:             _Ty=float [C:\TrinityBots\TrinityCore\build\src\server\modules\Playerbot\playerbot.vcxproj]
C:\TrinityBots\TrinityCore\src\modules\Playerbot\Movement\Core\MovementValidator.cpp(560,65): warning C4305:         ] [C:\TrinityBots\TrinityCore\build\src\server\modules\Playerbot\playerbot.vcxproj]
C:\TrinityBots\TrinityCore\src\modules\Playerbot\Interaction\Core\GossipHandler.cpp(209,51): error C2027: Verwendung des undefinierten Typs "Playerbot::Player" [C:\TrinityBots\TrinityCore\build\src\server\modules\Playerbot\playerbot.vcxproj]
      C:\TrinityBots\TrinityCore\src\modules\Playerbot\Interaction\Core\InteractionTypes.h(431,38):
      Siehe Deklaration von "Playerbot::Player"
  
C:\TrinityBots\TrinityCore\src\modules\Playerbot\Interaction\Core\GossipHandler.cpp(209,65): error C7732: Es wurde ein Ausdruck vor "]" erwartet. [C:\TrinityBots\TrinityCore\build\src\server\modules\Playerbot\playerbot.vcxproj]
C:\TrinityBots\TrinityCore\src\modules\Playerbot\Interaction\Core\GossipHandler.cpp(209,34): error C2679: Binärer Operator "[": Es konnte kein Operator gefunden werden, der einen rechtsseitigen Operanden vom Typ "int" akzeptiert (oder keine geeignete Konvertierung möglich) [C:\TrinityBots\TrinityCore\build\src\server\modules\Playerbot\playerbot.vcxproj]
      C:\Program Files\Microsoft Visual Studio\2022\Enterprise\VC\Tools\MSVC\14.44.35207\include\unordered_map(432,18):
      kann "Playerbot::GossipHandler::GossipSession &std::unordered_map<ObjectGuid,Playerbot::GossipHandler::GossipSession,std::hash<ObjectGuid>,std::equal_to<ObjectGuid>,std::allocator<std::pair<const ObjectGuid,Playerbot::GossipHandler::GossipSession>>>::operator [](const ObjectGuid &)" sein
          C:\TrinityBots\TrinityCore\src\modules\Playerbot\Interaction\Core\GossipHandler.cpp(209,34):
          "Playerbot::GossipHandler::GossipSession &std::unordered_map<ObjectGuid,Playerbot::GossipHandler::GossipSession,std::hash<ObjectGuid>,std::equal_to<ObjectGuid>,std::allocator<std::pair<const ObjectGuid,Playerbot::GossipHandler::GossipSession>>>::operator [](const ObjectGuid &)" : Konvertierung von Argument 2 von "int" in "const ObjectGuid &" nicht möglich
              C:\TrinityBots\TrinityCore\src\modules\Playerbot\Interaction\Core\GossipHandler.cpp(209,65):
              Ursache: Konvertierung von "int" in "const ObjectGuid" nicht möglich
              C:\TrinityBots\TrinityCore\src\modules\Playerbot\Interaction\Core\GossipHandler.cpp(209,65):
              "ObjectGuid::ObjectGuid": Keine überladene Funktion konnte alle Argumenttypen konvertieren
                  C:\TrinityBots\TrinityCore\src\server\game\Entities\Object\ObjectGuid.h(389,1):
                  kann "ObjectGuid::ObjectGuid(ObjectGuid &&)" sein
                      C:\TrinityBots\TrinityCore\src\modules\Playerbot\Interaction\Core\GossipHandler.cpp(209,65):
                      "ObjectGuid::ObjectGuid(ObjectGuid &&)" : Konvertierung von Argument 1 von "int" in "ObjectGuid &&" nicht möglich
                          C:\TrinityBots\TrinityCore\src\modules\Playerbot\Interaction\Core\GossipHandler.cpp(209,65):
                          Ursache: Konvertierung von "int" in "ObjectGuid" nicht möglich
                          C:\TrinityBots\TrinityCore\src\modules\Playerbot\Interaction\Core\GossipHandler.cpp(209,65):
                          Konvertierung erfordert einen zweiten benutzerdefinierten Konvertierungsoperator oder Konstruktor
                  C:\TrinityBots\TrinityCore\src\server\game\Entities\Object\ObjectGuid.h(389,1):
                  oder "ObjectGuid::ObjectGuid(const ObjectGuid &)"
                      C:\TrinityBots\TrinityCore\src\modules\Playerbot\Interaction\Core\GossipHandler.cpp(209,65):
                      "ObjectGuid::ObjectGuid(const ObjectGuid &)" : Konvertierung von Argument 1 von "int" in "const ObjectGuid &" nicht möglich
                          C:\TrinityBots\TrinityCore\src\modules\Playerbot\Interaction\Core\GossipHandler.cpp(209,65):
                          Ursache: Konvertierung von "int" in "const ObjectGuid" nicht möglich
                          C:\TrinityBots\TrinityCore\src\modules\Playerbot\Interaction\Core\GossipHandler.cpp(209,65):
                          Konvertierung erfordert einen zweiten benutzerdefinierten Konvertierungsoperator oder Konstruktor
                  C:\TrinityBots\TrinityCore\src\modules\Playerbot\Interaction\Core\GossipHandler.cpp(209,65):
                  bei Anpassung der Argumentliste "(int)"
      C:\Program Files\Microsoft Visual Studio\2022\Enterprise\VC\Tools\MSVC\14.44.35207\include\unordered_map(259,18):
      oder "Playerbot::GossipHandler::GossipSession &std::unordered_map<ObjectGuid,Playerbot::GossipHandler::GossipSession,std::hash<ObjectGuid>,std::equal_to<ObjectGuid>,std::allocator<std::pair<const ObjectGuid,Playerbot::GossipHandler::GossipSession>>>::operator [](ObjectGuid &&)"
          C:\TrinityBots\TrinityCore\src\modules\Playerbot\Interaction\Core\GossipHandler.cpp(209,34):
          "Playerbot::GossipHandler::GossipSession &std::unordered_map<ObjectGuid,Playerbot::GossipHandler::GossipSession,std::hash<ObjectGuid>,std::equal_to<ObjectGuid>,std::allocator<std::pair<const ObjectGuid,Playerbot::GossipHandler::GossipSession>>>::operator [](ObjectGuid &&)" : Konvertierung von Argument 2 von "int" in "ObjectGuid &&" nicht möglich
              C:\TrinityBots\TrinityCore\src\modules\Playerbot\Interaction\Core\GossipHandler.cpp(209,65):
              Ursache: Konvertierung von "int" in "ObjectGuid" nicht möglich
              C:\TrinityBots\TrinityCore\src\modules\Playerbot\Interaction\Core\GossipHandler.cpp(209,65):
              "ObjectGuid::ObjectGuid": Keine überladene Funktion konnte alle Argumenttypen konvertieren
                  C:\TrinityBots\TrinityCore\src\server\game\Entities\Object\ObjectGuid.h(389,1):
                  kann "ObjectGuid::ObjectGuid(ObjectGuid &&)" sein
                      C:\TrinityBots\TrinityCore\src\modules\Playerbot\Interaction\Core\GossipHandler.cpp(209,65):
                      "ObjectGuid::ObjectGuid(ObjectGuid &&)" : Konvertierung von Argument 1 von "int" in "ObjectGuid &&" nicht möglich
                          C:\TrinityBots\TrinityCore\src\modules\Playerbot\Interaction\Core\GossipHandler.cpp(209,65):
                          Ursache: Konvertierung von "int" in "ObjectGuid" nicht möglich
                          C:\TrinityBots\TrinityCore\src\modules\Playerbot\Interaction\Core\GossipHandler.cpp(209,65):
                          Konvertierung erfordert einen zweiten benutzerdefinierten Konvertierungsoperator oder Konstruktor
                  C:\TrinityBots\TrinityCore\src\server\game\Entities\Object\ObjectGuid.h(389,1):
                  oder "ObjectGuid::ObjectGuid(const ObjectGuid &)"
                      C:\TrinityBots\TrinityCore\src\modules\Playerbot\Interaction\Core\GossipHandler.cpp(209,65):
                      "ObjectGuid::ObjectGuid(const ObjectGuid &)" : Konvertierung von Argument 1 von "int" in "const ObjectGuid &" nicht möglich
                          C:\TrinityBots\TrinityCore\src\modules\Playerbot\Interaction\Core\GossipHandler.cpp(209,65):
                          Ursache: Konvertierung von "int" in "const ObjectGuid" nicht möglich
                          C:\TrinityBots\TrinityCore\src\modules\Playerbot\Interaction\Core\GossipHandler.cpp(209,65):
                          Konvertierung erfordert einen zweiten benutzerdefinierten Konvertierungsoperator oder Konstruktor
                  C:\TrinityBots\TrinityCore\src\modules\Playerbot\Interaction\Core\GossipHandler.cpp(209,65):
                  bei Anpassung der Argumentliste "(int)"
      C:\TrinityBots\TrinityCore\src\modules\Playerbot\Interaction\Core\GossipHandler.cpp(209,34):
      bei Anpassung der Argumentliste "(std::unordered_map<ObjectGuid,Playerbot::GossipHandler::GossipSession,std::hash<ObjectGuid>,std::equal_to<ObjectGuid>,std::allocator<std::pair<const ObjectGuid,Playerbot::GossipHandler::GossipSession>>>, int)"
  
C:\TrinityBots\TrinityCore\src\modules\Playerbot\Interaction\Core\GossipHandler.cpp(209,32): error C2530: "session": Verweise müssen initialisiert werden [C:\TrinityBots\TrinityCore\build\src\server\modules\Playerbot\playerbot.vcxproj]
C:\TrinityBots\TrinityCore\src\modules\Playerbot\Interaction\Core\GossipHandler.cpp(210,27): error C2027: Verwendung des undefinierten Typs "Playerbot::Player" [C:\TrinityBots\TrinityCore\build\src\server\modules\Playerbot\playerbot.vcxproj]
      C:\TrinityBots\TrinityCore\src\modules\Playerbot\Interaction\Core\InteractionTypes.h(431,38):
      Siehe Deklaration von "Playerbot::Player"
  
C:\TrinityBots\TrinityCore\src\modules\Playerbot\Interaction\Core\GossipHandler.cpp(224,13): error C2027: Verwendung des undefinierten Typs "Playerbot::Player" [C:\TrinityBots\TrinityCore\build\src\server\modules\Playerbot\playerbot.vcxproj]
      C:\TrinityBots\TrinityCore\src\modules\Playerbot\Interaction\Core\InteractionTypes.h(431,38):
      Siehe Deklaration von "Playerbot::Player"
  
C:\TrinityBots\TrinityCore\src\modules\Playerbot\Interaction\Core\GossipHandler.cpp(224,13): error C7595: "fmt::v10::basic_format_string<char,const std::string &>::basic_format_string": Der Aufruf einer unmittelbaren Funktion ist kein konstanter Ausdruck. [C:\TrinityBots\TrinityCore\build\src\server\modules\Playerbot\playerbot.vcxproj]
      C:\TrinityBots\TrinityCore\dep\fmt\include\fmt\core.h(1066,33):
      Fehler wurde durch den Aufruf einer nicht definierten Funktion oder eines nicht deklarierten "constexpr" verursacht
      C:\TrinityBots\TrinityCore\dep\fmt\include\fmt\core.h(1066,33):
      siehe Verwendung von "fmt::v10::detail::throw_format_error"
      C:\TrinityBots\TrinityCore\src\modules\Playerbot\Interaction\Core\GossipHandler.cpp(224,13):
      Die Aufrufliste der Auswertung (der älteste Aufruf zuerst) ist
          C:\TrinityBots\TrinityCore\src\modules\Playerbot\Interaction\Core\GossipHandler.cpp(224,13):
          beim Auswerten der Funktion „fmt::v10::basic_format_string<char,const std::string &>::basic_format_string<Trinity::FormatStringView,0>(const S &)“
          with
          [
              S=Trinity::FormatStringView
          ]
          C:\TrinityBots\TrinityCore\dep\fmt\include\fmt\core.h(2787,40):
          beim Auswerten der Funktion „void fmt::v10::detail::parse_format_string<true,char,fmt::v10::basic_format_string<char,const std::string &>::{ctor}::checker>(fmt::v10::basic_string_view<char>,Handler &&)“
          with
          [
              Handler=fmt::v10::basic_format_string<char,const std::string &>::{ctor}::checker
          ]
          C:\TrinityBots\TrinityCore\dep\fmt\include\fmt\core.h(2568,36):
          beim Auswerten der Funktion „const Char *fmt::v10::detail::parse_replacement_field<char,Handler&>(const Char *,const Char *,fmt::v10::detail::format_string_checker<Char,std::basic_string<char,std::char_traits<char>,std::allocator<char>>>&)“
          with
          [
              Char=char,
              Handler=fmt::v10::basic_format_string<char,const std::string &>::{ctor}::checker
          ]
          C:\TrinityBots\TrinityCore\dep\fmt\include\fmt\core.h(2502,51):
          beim Auswerten der Funktion „int fmt::v10::detail::format_string_checker<char,std::basic_string<char,std::char_traits<char>,std::allocator<char>>>::on_arg_id(void)“
          C:\TrinityBots\TrinityCore\dep\fmt\include\fmt\core.h(2660,70):
          beim Auswerten der Funktion „int fmt::v10::detail::compile_parse_context<Char>::next_arg_id(void)“
          with
          [
              Char=char
          ]
          C:\TrinityBots\TrinityCore\dep\fmt\include\fmt\core.h(761,31):
          beim Auswerten der Funktion „int fmt::v10::basic_format_parse_context<char>::next_arg_id(void)“
          C:\TrinityBots\TrinityCore\dep\fmt\include\fmt\core.h(718,20):
          beim Auswerten der Funktion „void fmt::v10::basic_format_parse_context<char>::do_check_arg_id(int)“
          C:\TrinityBots\TrinityCore\dep\fmt\include\fmt\core.h(1066,33):
          beim Auswerten der Funktion „void fmt::v10::detail::throw_format_error(const char *)“
  
C:\TrinityBots\TrinityCore\src\modules\Playerbot\Interaction\Core\GossipHandler.cpp(226,36): error C2027: Verwendung des undefinierten Typs "Playerbot::Player" [C:\TrinityBots\TrinityCore\build\src\server\modules\Playerbot\playerbot.vcxproj]
      C:\TrinityBots\TrinityCore\src\modules\Playerbot\Interaction\Core\InteractionTypes.h(431,38):
      Siehe Deklaration von "Playerbot::Player"
  
C:\TrinityBots\TrinityCore\src\modules\Playerbot\Interaction\Core\GossipHandler.cpp(261,41): error C2027: Verwendung des undefinierten Typs "Playerbot::Player" [C:\TrinityBots\TrinityCore\build\src\server\modules\Playerbot\playerbot.vcxproj]
      C:\TrinityBots\TrinityCore\src\modules\Playerbot\Interaction\Core\InteractionTypes.h(431,38):
      Siehe Deklaration von "Playerbot::Player"
  
C:\TrinityBots\TrinityCore\src\modules\Playerbot\Interaction\Core\GossipHandler.cpp(262,13): error C3536: "it": Kann nicht verwendet werden, bevor es initialisiert wurde. [C:\TrinityBots\TrinityCore\build\src\server\modules\Playerbot\playerbot.vcxproj]
C:\TrinityBots\TrinityCore\src\modules\Playerbot\Interaction\Core\GossipHandler.cpp(262,16): error C2446: "!=": Keine Konvertierung von "std::_List_iterator<std::_List_val<std::_List_simple_types<_Ty>>>" in "<error type>" [C:\TrinityBots\TrinityCore\build\src\server\modules\Playerbot\playerbot.vcxproj]
C:\TrinityBots\TrinityCore\src\modules\Playerbot\Interaction\Core\GossipHandler.cpp(262,16): error C2446:         with [C:\TrinityBots\TrinityCore\build\src\server\modules\Playerbot\playerbot.vcxproj]
C:\TrinityBots\TrinityCore\src\modules\Playerbot\Interaction\Core\GossipHandler.cpp(262,16): error C2446:         [ [C:\TrinityBots\TrinityCore\build\src\server\modules\Playerbot\playerbot.vcxproj]
C:\TrinityBots\TrinityCore\src\modules\Playerbot\Interaction\Core\GossipHandler.cpp(262,16): error C2446:             _Ty=std::pair<const ObjectGuid,Playerbot::GossipHandler::GossipSession> [C:\TrinityBots\TrinityCore\build\src\server\modules\Playerbot\playerbot.vcxproj]
C:\TrinityBots\TrinityCore\src\modules\Playerbot\Interaction\Core\GossipHandler.cpp(262,16): error C2446:         ] [C:\TrinityBots\TrinityCore\build\src\server\modules\Playerbot\playerbot.vcxproj]
      C:\TrinityBots\TrinityCore\src\modules\Playerbot\Interaction\Core\GossipHandler.cpp(262,39):
      Kein benutzerdefinierter Konvertierungsoperator verfügbar, der diese Konvertierung durchführen kann, oder der Operator kann nicht aufgerufen werden
  
C:\TrinityBots\TrinityCore\src\modules\Playerbot\Interaction\Core\GossipHandler.cpp(277,38): error C2027: Verwendung des undefinierten Typs "Playerbot::Player" [C:\TrinityBots\TrinityCore\build\src\server\modules\Playerbot\playerbot.vcxproj]
      C:\TrinityBots\TrinityCore\src\modules\Playerbot\Interaction\Core\InteractionTypes.h(431,38):
      Siehe Deklaration von "Playerbot::Player"
  
C:\TrinityBots\TrinityCore\src\modules\Playerbot\Interaction\Core\GossipHandler.cpp(397,45): error C2027: Verwendung des undefinierten Typs "Playerbot::Player" [C:\TrinityBots\TrinityCore\build\src\server\modules\Playerbot\playerbot.vcxproj]
      C:\TrinityBots\TrinityCore\src\modules\Playerbot\Interaction\Core\InteractionTypes.h(431,38):
      Siehe Deklaration von "Playerbot::Player"
  
C:\TrinityBots\TrinityCore\src\modules\Playerbot\Interaction\Core\GossipHandler.cpp(485,16): error C2027: Verwendung des undefinierten Typs "Playerbot::Player" [C:\TrinityBots\TrinityCore\build\src\server\modules\Playerbot\playerbot.vcxproj]
      C:\TrinityBots\TrinityCore\src\modules\Playerbot\Interaction\Core\InteractionTypes.h(431,38):
      Siehe Deklaration von "Playerbot::Player"
  
C:\TrinityBots\TrinityCore\src\modules\Playerbot\Interaction\Core\GossipHandler.cpp(504,20): error C2027: Verwendung des undefinierten Typs "Playerbot::Player" [C:\TrinityBots\TrinityCore\build\src\server\modules\Playerbot\playerbot.vcxproj]
      C:\TrinityBots\TrinityCore\src\modules\Playerbot\Interaction\Core\InteractionTypes.h(431,38):
      Siehe Deklaration von "Playerbot::Player"
  
C:\TrinityBots\TrinityCore\src\modules\Playerbot\Interaction\Core\GossipHandler.cpp(507,20): error C2027: Verwendung des undefinierten Typs "Playerbot::Player" [C:\TrinityBots\TrinityCore\build\src\server\modules\Playerbot\playerbot.vcxproj]
      C:\TrinityBots\TrinityCore\src\modules\Playerbot\Interaction\Core\InteractionTypes.h(431,38):
      Siehe Deklaration von "Playerbot::Player"
  
C:\TrinityBots\TrinityCore\src\modules\Playerbot\Interaction\Core\GossipHandler.cpp(510,35): error C2027: Verwendung des undefinierten Typs "Playerbot::Player" [C:\TrinityBots\TrinityCore\build\src\server\modules\Playerbot\playerbot.vcxproj]
      C:\TrinityBots\TrinityCore\src\modules\Playerbot\Interaction\Core\InteractionTypes.h(431,38):
      Siehe Deklaration von "Playerbot::Player"
  
C:\TrinityBots\TrinityCore\src\modules\Playerbot\Interaction\Core\GossipHandler.cpp(503,9): warning C4390: ";": Leere kontrollierte Anweisung aufgetreten; ist dies beabsichtigt? [C:\TrinityBots\TrinityCore\build\src\server\modules\Playerbot\playerbot.vcxproj]
C:\TrinityBots\TrinityCore\src\modules\Playerbot\Interaction\Core\GossipHandler.cpp(506,9): warning C4390: ";": Leere kontrollierte Anweisung aufgetreten; ist dies beabsichtigt? [C:\TrinityBots\TrinityCore\build\src\server\modules\Playerbot\playerbot.vcxproj]
C:\TrinityBots\TrinityCore\src\modules\Playerbot\Interaction\Core\GossipHandler.cpp(509,9): warning C4390: ";": Leere kontrollierte Anweisung aufgetreten; ist dies beabsichtigt? [C:\TrinityBots\TrinityCore\build\src\server\modules\Playerbot\playerbot.vcxproj]
C:\TrinityBots\TrinityCore\src\modules\Playerbot\Interaction\Core\InteractionValidator.cpp(40,25): error C2027: Verwendung des undefinierten Typs "Playerbot::Player" [C:\TrinityBots\TrinityCore\build\src\server\modules\Playerbot\playerbot.vcxproj]
      C:\TrinityBots\TrinityCore\src\modules\Playerbot\Interaction\Core\InteractionTypes.h(431,38):
      Siehe Deklaration von "Playerbot::Player"
  
C:\TrinityBots\TrinityCore\src\modules\Playerbot\Interaction\Core\InteractionValidator.cpp(45,52): error C3536: "cacheKey": Kann nicht verwendet werden, bevor es initialisiert wurde. [C:\TrinityBots\TrinityCore\build\src\server\modules\Playerbot\playerbot.vcxproj]
C:\TrinityBots\TrinityCore\src\modules\Playerbot\Interaction\Core\InteractionValidator.cpp(46,17): error C3536: "lastCheck": Kann nicht verwendet werden, bevor es initialisiert wurde. [C:\TrinityBots\TrinityCore\build\src\server\modules\Playerbot\playerbot.vcxproj]
C:\TrinityBots\TrinityCore\src\modules\Playerbot\Interaction\Core\InteractionValidator.cpp(46,27): error C2446: "!=": Keine Konvertierung von "std::_List_iterator<std::_List_val<std::_List_simple_types<_Ty>>>" in "<error type>" [C:\TrinityBots\TrinityCore\build\src\server\modules\Playerbot\playerbot.vcxproj]
C:\TrinityBots\TrinityCore\src\modules\Playerbot\Interaction\Core\InteractionValidator.cpp(46,27): error C2446:         with [C:\TrinityBots\TrinityCore\build\src\server\modules\Playerbot\playerbot.vcxproj]
C:\TrinityBots\TrinityCore\src\modules\Playerbot\Interaction\Core\InteractionValidator.cpp(46,27): error C2446:         [ [C:\TrinityBots\TrinityCore\build\src\server\modules\Playerbot\playerbot.vcxproj]
C:\TrinityBots\TrinityCore\src\modules\Playerbot\Interaction\Core\InteractionValidator.cpp(46,27): error C2446:             _Ty=std::pair<const ObjectGuid,std::chrono::steady_clock::time_point> [C:\TrinityBots\TrinityCore\build\src\server\modules\Playerbot\playerbot.vcxproj]
C:\TrinityBots\TrinityCore\src\modules\Playerbot\Interaction\Core\InteractionValidator.cpp(46,27): error C2446:         ] [C:\TrinityBots\TrinityCore\build\src\server\modules\Playerbot\playerbot.vcxproj]
      C:\TrinityBots\TrinityCore\src\modules\Playerbot\Interaction\Core\InteractionValidator.cpp(46,50):
      Kein benutzerdefinierter Konvertierungsoperator verfügbar, der diese Konvertierung durchführen kann, oder der Operator kann nicht aufgerufen werden
  
C:\TrinityBots\TrinityCore\src\modules\Playerbot\Interaction\Core\InteractionValidator.cpp(48,45): error C2672: "std::chrono::duration_cast": keine übereinstimmende überladene Funktion gefunden [C:\TrinityBots\TrinityCore\build\src\server\modules\Playerbot\playerbot.vcxproj]
      C:\Program Files\Microsoft Visual Studio\2022\Enterprise\VC\Tools\MSVC\14.44.35207\include\__msvc_chrono.hpp(87,19):
      kann "_To std::chrono::duration_cast(const std::chrono::duration<_Rep,_Period> &) noexcept(<expr>)" sein
  
C:\TrinityBots\TrinityCore\src\modules\Playerbot\Interaction\Core\InteractionValidator.cpp(49,21): error C3536: "elapsed": Kann nicht verwendet werden, bevor es initialisiert wurde. [C:\TrinityBots\TrinityCore\build\src\server\modules\Playerbot\playerbot.vcxproj]
C:\TrinityBots\TrinityCore\src\modules\Playerbot\Interaction\Core\InteractionValidator.cpp(52,25): error C3536: "cached": Kann nicht verwendet werden, bevor es initialisiert wurde. [C:\TrinityBots\TrinityCore\build\src\server\modules\Playerbot\playerbot.vcxproj]
C:\TrinityBots\TrinityCore\src\modules\Playerbot\Interaction\Core\InteractionValidator.cpp(52,32): error C2446: "!=": Keine Konvertierung von "std::_List_iterator<std::_List_val<std::_List_simple_types<_Ty>>>" in "<error type>" [C:\TrinityBots\TrinityCore\build\src\server\modules\Playerbot\playerbot.vcxproj]
C:\TrinityBots\TrinityCore\src\modules\Playerbot\Interaction\Core\InteractionValidator.cpp(52,32): error C2446:         with [C:\TrinityBots\TrinityCore\build\src\server\modules\Playerbot\playerbot.vcxproj]
C:\TrinityBots\TrinityCore\src\modules\Playerbot\Interaction\Core\InteractionValidator.cpp(52,32): error C2446:         [ [C:\TrinityBots\TrinityCore\build\src\server\modules\Playerbot\playerbot.vcxproj]
C:\TrinityBots\TrinityCore\src\modules\Playerbot\Interaction\Core\InteractionValidator.cpp(52,32): error C2446:             _Ty=std::pair<const ObjectGuid,bool> [C:\TrinityBots\TrinityCore\build\src\server\modules\Playerbot\playerbot.vcxproj]
C:\TrinityBots\TrinityCore\src\modules\Playerbot\Interaction\Core\InteractionValidator.cpp(52,32): error C2446:         ] [C:\TrinityBots\TrinityCore\build\src\server\modules\Playerbot\playerbot.vcxproj]
      C:\TrinityBots\TrinityCore\src\modules\Playerbot\Interaction\Core\InteractionValidator.cpp(52,56):
      Kein benutzerdefinierter Konvertierungsoperator verfügbar, der diese Konvertierung durchführen kann, oder der Operator kann nicht aufgerufen werden
  
C:\TrinityBots\TrinityCore\src\modules\Playerbot\Interaction\Core\InteractionValidator.cpp(94,30): error C2027: Verwendung des undefinierten Typs "Playerbot::Player" [C:\TrinityBots\TrinityCore\build\src\server\modules\Playerbot\playerbot.vcxproj]
      C:\TrinityBots\TrinityCore\src\modules\Playerbot\Interaction\Core\InteractionTypes.h(431,38):
      Siehe Deklaration von "Playerbot::Player"
  
C:\TrinityBots\TrinityCore\src\modules\Playerbot\Interaction\Core\InteractionValidator.cpp(114,38): error C2088: Der integrierte Operator "[" kann nicht auf einen Operanden vom Typ "std::unordered_map<ObjectGuid,std::chrono::steady_clock::time_point,std::hash<ObjectGuid>,std::equal_to<ObjectGuid>,std::allocator<std::pair<const ObjectGuid,std::chrono::steady_clock::time_point>>>" angewendet werden. [C:\TrinityBots\TrinityCore\build\src\server\modules\Playerbot\playerbot.vcxproj]
C:\TrinityBots\TrinityCore\src\modules\Playerbot\Interaction\Core\InteractionValidator.cpp(115,39): error C2088: Der integrierte Operator "[" kann nicht auf einen Operanden vom Typ "std::unordered_map<ObjectGuid,bool,std::hash<ObjectGuid>,std::equal_to<ObjectGuid>,std::allocator<std::pair<const ObjectGuid,bool>>>" angewendet werden. [C:\TrinityBots\TrinityCore\build\src\server\modules\Playerbot\playerbot.vcxproj]
C:\TrinityBots\TrinityCore\src\modules\Playerbot\Interaction\Core\InteractionValidator.cpp(130,16): error C2027: Verwendung des undefinierten Typs "Playerbot::Player" [C:\TrinityBots\TrinityCore\build\src\server\modules\Playerbot\playerbot.vcxproj]
      C:\TrinityBots\TrinityCore\src\modules\Playerbot\Interaction\Core\InteractionTypes.h(431,38):
      Siehe Deklaration von "Playerbot::Player"
  
C:\TrinityBots\TrinityCore\src\modules\Playerbot\Interaction\Core\InteractionValidator.cpp(139,23): error C2664: "bool WorldObject::IsHostileTo(const WorldObject *) const" : Konvertierung von Argument 1 von "Playerbot::Player *" in "const WorldObject *" nicht möglich [C:\TrinityBots\TrinityCore\build\src\server\modules\Playerbot\playerbot.vcxproj]
      C:\TrinityBots\TrinityCore\src\modules\Playerbot\Interaction\Core\InteractionValidator.cpp(139,35):
      Die Typen, auf die verwiesen wird, sind unabhängig; die Konvertierung erfordert eine reinterpret_cast-Umwandlung, eine C-Stil-Umwandlung oder eine in Klammern gesetzte Umwandlung im Funktionsstil.
      C:\TrinityBots\TrinityCore\src\server\game\Entities\Object\Object.h(835,14):
      Siehe Deklaration von "WorldObject::IsHostileTo"
      C:\TrinityBots\TrinityCore\src\modules\Playerbot\Interaction\Core\InteractionValidator.cpp(139,23):
      bei Anpassung der Argumentliste "(Playerbot::Player *)"
  
C:\TrinityBots\TrinityCore\src\modules\Playerbot\Interaction\Core\InteractionValidator.cpp(143,26): error C2664: "bool WorldObject::IsFriendlyTo(const WorldObject *) const" : Konvertierung von Argument 1 von "Playerbot::Player *" in "const WorldObject *" nicht möglich [C:\TrinityBots\TrinityCore\build\src\server\modules\Playerbot\playerbot.vcxproj]
      C:\TrinityBots\TrinityCore\src\modules\Playerbot\Interaction\Core\InteractionValidator.cpp(143,39):
      Die Typen, auf die verwiesen wird, sind unabhängig; die Konvertierung erfordert eine reinterpret_cast-Umwandlung, eine C-Stil-Umwandlung oder eine in Klammern gesetzte Umwandlung im Funktionsstil.
      C:\TrinityBots\TrinityCore\src\server\game\Entities\Object\Object.h(837,14):
      Siehe Deklaration von "WorldObject::IsFriendlyTo"
      C:\TrinityBots\TrinityCore\src\modules\Playerbot\Interaction\Core\InteractionValidator.cpp(143,26):
      bei Anpassung der Argumentliste "(Playerbot::Player *)"
  
C:\TrinityBots\TrinityCore\src\modules\Playerbot\Interaction\Core\InteractionValidator.cpp(151,24): error C2027: Verwendung des undefinierten Typs "Playerbot::Player" [C:\TrinityBots\TrinityCore\build\src\server\modules\Playerbot\playerbot.vcxproj]
      C:\TrinityBots\TrinityCore\src\modules\Playerbot\Interaction\Core\InteractionTypes.h(431,38):
      Siehe Deklaration von "Playerbot::Player"
  
C:\TrinityBots\TrinityCore\src\modules\Playerbot\Interaction\Core\InteractionValidator.cpp(167,16): error C2027: Verwendung des undefinierten Typs "Playerbot::Player" [C:\TrinityBots\TrinityCore\build\src\server\modules\Playerbot\playerbot.vcxproj]
      C:\TrinityBots\TrinityCore\src\modules\Playerbot\Interaction\Core\InteractionTypes.h(431,38):
      Siehe Deklaration von "Playerbot::Player"
  
C:\TrinityBots\TrinityCore\src\modules\Playerbot\Interaction\Core\InteractionValidator.cpp(175,16): error C2027: Verwendung des undefinierten Typs "Playerbot::Player" [C:\TrinityBots\TrinityCore\build\src\server\modules\Playerbot\playerbot.vcxproj]
      C:\TrinityBots\TrinityCore\src\modules\Playerbot\Interaction\Core\InteractionTypes.h(431,38):
      Siehe Deklaration von "Playerbot::Player"
  
C:\TrinityBots\TrinityCore\src\modules\Playerbot\Interaction\Core\InteractionValidator.cpp(188,28): error C2027: Verwendung des undefinierten Typs "Playerbot::Player" [C:\TrinityBots\TrinityCore\build\src\server\modules\Playerbot\playerbot.vcxproj]
      C:\TrinityBots\TrinityCore\src\modules\Playerbot\Interaction\Core\InteractionTypes.h(431,38):
      Siehe Deklaration von "Playerbot::Player"
  
C:\TrinityBots\TrinityCore\src\modules\Playerbot\Interaction\Core\InteractionValidator.cpp(190,40): error C2027: Verwendung des undefinierten Typs "Bag" [C:\TrinityBots\TrinityCore\build\src\server\modules\Playerbot\playerbot.vcxproj]
      C:\TrinityBots\TrinityCore\src\server\game\Entities\Object\Updates\UpdateFields.h(36,7):
      Siehe Deklaration von "Bag"
  
C:\TrinityBots\TrinityCore\src\modules\Playerbot\Interaction\Core\InteractionValidator.cpp(192,26): error C2027: Verwendung des undefinierten Typs "Bag" [C:\TrinityBots\TrinityCore\build\src\server\modules\Playerbot\playerbot.vcxproj]
      C:\TrinityBots\TrinityCore\src\server\game\Entities\Object\Updates\UpdateFields.h(36,7):
      Siehe Deklaration von "Bag"
  
C:\TrinityBots\TrinityCore\src\modules\Playerbot\Interaction\Core\InteractionValidator.cpp(201,18): error C2027: Verwendung des undefinierten Typs "Playerbot::Player" [C:\TrinityBots\TrinityCore\build\src\server\modules\Playerbot\playerbot.vcxproj]
      C:\TrinityBots\TrinityCore\src\modules\Playerbot\Interaction\Core\InteractionTypes.h(431,38):
      Siehe Deklaration von "Playerbot::Player"
  
C:\TrinityBots\TrinityCore\src\modules\Playerbot\Interaction\Core\InteractionValidator.cpp(213,13): error C2027: Verwendung des undefinierten Typs "Playerbot::Player" [C:\TrinityBots\TrinityCore\build\src\server\modules\Playerbot\playerbot.vcxproj]
      C:\TrinityBots\TrinityCore\src\modules\Playerbot\Interaction\Core\InteractionTypes.h(431,38):
      Siehe Deklaration von "Playerbot::Player"
  
C:\TrinityBots\TrinityCore\src\modules\Playerbot\Interaction\Core\InteractionValidator.cpp(224,24): error C2027: Verwendung des undefinierten Typs "Playerbot::Player" [C:\TrinityBots\TrinityCore\build\src\server\modules\Playerbot\playerbot.vcxproj]
      C:\TrinityBots\TrinityCore\src\modules\Playerbot\Interaction\Core\InteractionTypes.h(431,38):
      Siehe Deklaration von "Playerbot::Player"
  
C:\TrinityBots\TrinityCore\src\modules\Playerbot\Interaction\Core\InteractionValidator.cpp(233,16): error C2027: Verwendung des undefinierten Typs "Playerbot::Player" [C:\TrinityBots\TrinityCore\build\src\server\modules\Playerbot\playerbot.vcxproj]
      C:\TrinityBots\TrinityCore\src\modules\Playerbot\Interaction\Core\InteractionTypes.h(431,38):
      Siehe Deklaration von "Playerbot::Player"
  
C:\TrinityBots\TrinityCore\src\modules\Playerbot\Interaction\Core\InteractionValidator.cpp(234,16): error C2027: Verwendung des undefinierten Typs "Playerbot::Player" [C:\TrinityBots\TrinityCore\build\src\server\modules\Playerbot\playerbot.vcxproj]
      C:\TrinityBots\TrinityCore\src\modules\Playerbot\Interaction\Core\InteractionTypes.h(431,38):
      Siehe Deklaration von "Playerbot::Player"
  
C:\TrinityBots\TrinityCore\src\modules\Playerbot\Interaction\Core\InteractionValidator.cpp(242,16): error C2027: Verwendung des undefinierten Typs "Playerbot::Player" [C:\TrinityBots\TrinityCore\build\src\server\modules\Playerbot\playerbot.vcxproj]
      C:\TrinityBots\TrinityCore\src\modules\Playerbot\Interaction\Core\InteractionTypes.h(431,38):
      Siehe Deklaration von "Playerbot::Player"
  
C:\TrinityBots\TrinityCore\src\modules\Playerbot\Interaction\Core\InteractionValidator.cpp(250,16): error C2027: Verwendung des undefinierten Typs "Playerbot::Player" [C:\TrinityBots\TrinityCore\build\src\server\modules\Playerbot\playerbot.vcxproj]
      C:\TrinityBots\TrinityCore\src\modules\Playerbot\Interaction\Core\InteractionTypes.h(431,38):
      Siehe Deklaration von "Playerbot::Player"
  
C:\TrinityBots\TrinityCore\src\modules\Playerbot\Interaction\Core\InteractionValidator.cpp(258,16): error C2027: Verwendung des undefinierten Typs "Playerbot::Player" [C:\TrinityBots\TrinityCore\build\src\server\modules\Playerbot\playerbot.vcxproj]
      C:\TrinityBots\TrinityCore\src\modules\Playerbot\Interaction\Core\InteractionTypes.h(431,38):
      Siehe Deklaration von "Playerbot::Player"
  
C:\TrinityBots\TrinityCore\src\modules\Playerbot\Interaction\Core\InteractionValidator.cpp(317,26): error C2027: Verwendung des undefinierten Typs "Playerbot::Player" [C:\TrinityBots\TrinityCore\build\src\server\modules\Playerbot\playerbot.vcxproj]
      C:\TrinityBots\TrinityCore\src\modules\Playerbot\Interaction\Core\InteractionTypes.h(431,38):
      Siehe Deklaration von "Playerbot::Player"
  
C:\TrinityBots\TrinityCore\src\modules\Playerbot\Interaction\Core\InteractionValidator.cpp(322,35): error C2039: "SubClass" ist kein Member von "ItemTemplate". [C:\TrinityBots\TrinityCore\build\src\server\modules\Playerbot\playerbot.vcxproj]
      C:\TrinityBots\TrinityCore\src\server\game\Entities\Item\ItemTemplate.h(823,20):
      Siehe Deklaration von "ItemTemplate"
  
C:\TrinityBots\TrinityCore\src\modules\Playerbot\Interaction\Core\InteractionValidator.cpp(322,47): error C2065: "ITEM_SUBCLASS_FOOD": nichtdeklarierter Bezeichner [C:\TrinityBots\TrinityCore\build\src\server\modules\Playerbot\playerbot.vcxproj]
C:\TrinityBots\TrinityCore\src\modules\Playerbot\Interaction\Core\InteractionValidator.cpp(323,35): error C2039: "SubClass" ist kein Member von "ItemTemplate". [C:\TrinityBots\TrinityCore\build\src\server\modules\Playerbot\playerbot.vcxproj]
      C:\TrinityBots\TrinityCore\src\server\game\Entities\Item\ItemTemplate.h(823,20):
      Siehe Deklaration von "ItemTemplate"
  
C:\TrinityBots\TrinityCore\src\modules\Playerbot\Interaction\Core\InteractionValidator.cpp(328,40): error C2039: "SubClass" ist kein Member von "ItemTemplate". [C:\TrinityBots\TrinityCore\build\src\server\modules\Playerbot\playerbot.vcxproj]
      C:\TrinityBots\TrinityCore\src\server\game\Entities\Item\ItemTemplate.h(823,20):
      Siehe Deklaration von "ItemTemplate"
  
C:\TrinityBots\TrinityCore\src\modules\Playerbot\Interaction\Core\InteractionValidator.cpp(329,40): error C2039: "SubClass" ist kein Member von "ItemTemplate". [C:\TrinityBots\TrinityCore\build\src\server\modules\Playerbot\playerbot.vcxproj]
      C:\TrinityBots\TrinityCore\src\server\game\Entities\Item\ItemTemplate.h(823,20):
      Siehe Deklaration von "ItemTemplate"
  
C:\TrinityBots\TrinityCore\src\modules\Playerbot\Interaction\Core\InteractionValidator.cpp(330,40): error C2039: "SubClass" ist kein Member von "ItemTemplate". [C:\TrinityBots\TrinityCore\build\src\server\modules\Playerbot\playerbot.vcxproj]
      C:\TrinityBots\TrinityCore\src\server\game\Entities\Item\ItemTemplate.h(823,20):
      Siehe Deklaration von "ItemTemplate"
  
C:\TrinityBots\TrinityCore\src\modules\Playerbot\Interaction\Core\InteractionValidator.cpp(335,40): error C2039: "SubClass" ist kein Member von "ItemTemplate". [C:\TrinityBots\TrinityCore\build\src\server\modules\Playerbot\playerbot.vcxproj]
      C:\TrinityBots\TrinityCore\src\server\game\Entities\Item\ItemTemplate.h(823,20):
      Siehe Deklaration von "ItemTemplate"
  
C:\TrinityBots\TrinityCore\src\modules\Playerbot\Interaction\Core\InteractionValidator.cpp(353,35): error C2039: "SubClass" ist kein Member von "ItemTemplate". [C:\TrinityBots\TrinityCore\build\src\server\modules\Playerbot\playerbot.vcxproj]
      C:\TrinityBots\TrinityCore\src\server\game\Entities\Item\ItemTemplate.h(823,20):
      Siehe Deklaration von "ItemTemplate"
  
C:\TrinityBots\TrinityCore\src\modules\Playerbot\Interaction\Core\InteractionValidator.cpp(354,35): error C2039: "SubClass" ist kein Member von "ItemTemplate". [C:\TrinityBots\TrinityCore\build\src\server\modules\Playerbot\playerbot.vcxproj]
      C:\TrinityBots\TrinityCore\src\server\game\Entities\Item\ItemTemplate.h(823,20):
      Siehe Deklaration von "ItemTemplate"
  
C:\TrinityBots\TrinityCore\src\modules\Playerbot\Interaction\Core\InteractionValidator.cpp(363,35): error C2039: "InventoryType" ist kein Member von "ItemTemplate". [C:\TrinityBots\TrinityCore\build\src\server\modules\Playerbot\playerbot.vcxproj]
      C:\TrinityBots\TrinityCore\src\server\game\Entities\Item\ItemTemplate.h(823,20):
      Siehe Deklaration von "ItemTemplate"
  
C:\TrinityBots\TrinityCore\src\modules\Playerbot\Interaction\Core\InteractionValidator.cpp(366,41): error C2027: Verwendung des undefinierten Typs "Playerbot::Player" [C:\TrinityBots\TrinityCore\build\src\server\modules\Playerbot\playerbot.vcxproj]
      C:\TrinityBots\TrinityCore\src\modules\Playerbot\Interaction\Core\InteractionTypes.h(431,38):
      Siehe Deklaration von "Playerbot::Player"
  
C:\TrinityBots\TrinityCore\src\modules\Playerbot\Interaction\Core\InteractionValidator.cpp(366,95): error C2039: "InventoryType" ist kein Member von "ItemTemplate". [C:\TrinityBots\TrinityCore\build\src\server\modules\Playerbot\playerbot.vcxproj]
      C:\TrinityBots\TrinityCore\src\server\game\Entities\Item\ItemTemplate.h(823,20):
      Siehe Deklaration von "ItemTemplate"
  
C:\TrinityBots\TrinityCore\src\modules\Playerbot\Interaction\Core\InteractionValidator.cpp(367,69): error C2039: "ItemLevel" ist kein Member von "ItemTemplate". [C:\TrinityBots\TrinityCore\build\src\server\modules\Playerbot\playerbot.vcxproj]
      C:\TrinityBots\TrinityCore\src\server\game\Entities\Item\ItemTemplate.h(823,20):
      Siehe Deklaration von "ItemTemplate"
  
C:\TrinityBots\TrinityCore\src\modules\Playerbot\Interaction\Core\InteractionValidator.cpp(367,95): error C2039: "ItemLevel" ist kein Member von "ItemTemplate". [C:\TrinityBots\TrinityCore\build\src\server\modules\Playerbot\playerbot.vcxproj]
      C:\TrinityBots\TrinityCore\src\server\game\Entities\Item\ItemTemplate.h(823,20):
      Siehe Deklaration von "ItemTemplate"
  
C:\TrinityBots\TrinityCore\src\modules\Playerbot\Interaction\Core\InteractionValidator.cpp(402,27): error C2039: "StartQuest" ist kein Member von "ItemTemplate". [C:\TrinityBots\TrinityCore\build\src\server\modules\Playerbot\playerbot.vcxproj]
      C:\TrinityBots\TrinityCore\src\server\game\Entities\Item\ItemTemplate.h(823,20):
      Siehe Deklaration von "ItemTemplate"
  
C:\TrinityBots\TrinityCore\src\modules\Playerbot\Interaction\Core\InteractionValidator.cpp(406,13): error C2027: Verwendung des undefinierten Typs "Playerbot::Player" [C:\TrinityBots\TrinityCore\build\src\server\modules\Playerbot\playerbot.vcxproj]
      C:\TrinityBots\TrinityCore\src\modules\Playerbot\Interaction\Core\InteractionTypes.h(431,38):
      Siehe Deklaration von "Playerbot::Player"
  
C:\TrinityBots\TrinityCore\src\modules\Playerbot\Interaction\Core\InteractionValidator.cpp(410,27): error C2039: "SellPrice" ist kein Member von "ItemTemplate". [C:\TrinityBots\TrinityCore\build\src\server\modules\Playerbot\playerbot.vcxproj]
      C:\TrinityBots\TrinityCore\src\server\game\Entities\Item\ItemTemplate.h(823,20):
      Siehe Deklaration von "ItemTemplate"
  
C:\TrinityBots\TrinityCore\src\modules\Playerbot\Interaction\Core\InteractionValidator.cpp(416,33): error C2027: Verwendung des undefinierten Typs "Playerbot::Player" [C:\TrinityBots\TrinityCore\build\src\server\modules\Playerbot\playerbot.vcxproj]
      C:\TrinityBots\TrinityCore\src\modules\Playerbot\Interaction\Core\InteractionTypes.h(431,38):
      Siehe Deklaration von "Playerbot::Player"
  
C:\TrinityBots\TrinityCore\src\modules\Playerbot\Interaction\Core\InteractionValidator.cpp(434,26): error C2027: Verwendung des undefinierten Typs "Playerbot::Player" [C:\TrinityBots\TrinityCore\build\src\server\modules\Playerbot\playerbot.vcxproj]
      C:\TrinityBots\TrinityCore\src\modules\Playerbot\Interaction\Core\InteractionTypes.h(431,38):
      Siehe Deklaration von "Playerbot::Player"
  
C:\TrinityBots\TrinityCore\src\modules\Playerbot\Interaction\Core\InteractionValidator.cpp(438,42): error C2039: "GetUInt32Value" ist kein Member von "Item". [C:\TrinityBots\TrinityCore\build\src\server\modules\Playerbot\playerbot.vcxproj]
      C:\TrinityBots\TrinityCore\src\server\game\Entities\Item\Item.h(162,19):
      Siehe Deklaration von "Item"
  
C:\TrinityBots\TrinityCore\src\modules\Playerbot\Interaction\Core\InteractionValidator.cpp(438,57): error C2065: "ITEM_FIELD_MAXDURABILITY": nichtdeklarierter Bezeichner [C:\TrinityBots\TrinityCore\build\src\server\modules\Playerbot\playerbot.vcxproj]
C:\TrinityBots\TrinityCore\src\modules\Playerbot\Interaction\Core\InteractionValidator.cpp(442,42): error C2039: "GetUInt32Value" ist kein Member von "Item". [C:\TrinityBots\TrinityCore\build\src\server\modules\Playerbot\playerbot.vcxproj]
      C:\TrinityBots\TrinityCore\src\server\game\Entities\Item\Item.h(162,19):
      Siehe Deklaration von "Item"
  
C:\TrinityBots\TrinityCore\src\modules\Playerbot\Interaction\Core\InteractionValidator.cpp(442,57): error C2065: "ITEM_FIELD_DURABILITY": nichtdeklarierter Bezeichner [C:\TrinityBots\TrinityCore\build\src\server\modules\Playerbot\playerbot.vcxproj]
C:\TrinityBots\TrinityCore\src\modules\Playerbot\Interaction\Core\InteractionValidator.cpp(465,9): error C2065: "TrainerSpellData": nichtdeklarierter Bezeichner [C:\TrinityBots\TrinityCore\build\src\server\modules\Playerbot\playerbot.vcxproj]
C:\TrinityBots\TrinityCore\src\modules\Playerbot\Interaction\Core\InteractionValidator.cpp(465,26): error C2143: Syntaxfehler: Es fehlt ";" vor "const" [C:\TrinityBots\TrinityCore\build\src\server\modules\Playerbot\playerbot.vcxproj]
C:\TrinityBots\TrinityCore\src\modules\Playerbot\Interaction\Core\InteractionValidator.cpp(465,26): error C4430: Fehlender Typspezifizierer - int wird angenommen. Hinweis: "default-int" wird von C++ nicht unterstützt. [C:\TrinityBots\TrinityCore\build\src\server\modules\Playerbot\playerbot.vcxproj]
C:\TrinityBots\TrinityCore\src\modules\Playerbot\Interaction\Core\InteractionValidator.cpp(465,58): error C2039: "GetTrainerSpells" ist kein Member von "Creature". [C:\TrinityBots\TrinityCore\build\src\server\modules\Playerbot\playerbot.vcxproj]
      C:\TrinityBots\TrinityCore\src\server\game\Entities\Creature\Creature.h(81,19):
      Siehe Deklaration von "Creature"
  
C:\TrinityBots\TrinityCore\src\modules\Playerbot\Interaction\Core\InteractionValidator.cpp(471,26): error C2530: "spell": Verweise müssen initialisiert werden [C:\TrinityBots\TrinityCore\build\src\server\modules\Playerbot\playerbot.vcxproj]
C:\TrinityBots\TrinityCore\src\modules\Playerbot\Interaction\Core\InteractionValidator.cpp(471,26): error C3531: "spell": Ein Symbol, dessen Typ "auto" enthält, muss einen Initialisierer aufweisen. [C:\TrinityBots\TrinityCore\build\src\server\modules\Playerbot\playerbot.vcxproj]
C:\TrinityBots\TrinityCore\src\modules\Playerbot\Interaction\Core\InteractionValidator.cpp(471,32): error C2143: Syntaxfehler: Es fehlt ";" vor ":" [C:\TrinityBots\TrinityCore\build\src\server\modules\Playerbot\playerbot.vcxproj]
C:\TrinityBots\TrinityCore\src\modules\Playerbot\Interaction\Core\InteractionValidator.cpp(471,58): error C2143: Syntaxfehler: Es fehlt ";" vor ")" [C:\TrinityBots\TrinityCore\build\src\server\modules\Playerbot\playerbot.vcxproj]
C:\TrinityBots\TrinityCore\src\modules\Playerbot\Interaction\Core\InteractionValidator.cpp(473,17): error C2660: "Playerbot::InteractionValidator::CanLearnSpell": Funktion akzeptiert keine 1 Argumente [C:\TrinityBots\TrinityCore\build\src\server\modules\Playerbot\playerbot.vcxproj]
      C:\TrinityBots\TrinityCore\src\modules\Playerbot\Interaction\Core\InteractionValidator.h(217,14):
      Siehe Deklaration von "Playerbot::InteractionValidator::CanLearnSpell"
      C:\TrinityBots\TrinityCore\src\modules\Playerbot\Interaction\Core\InteractionValidator.cpp(473,17):
      bei Anpassung der Argumentliste "(Playerbot::Player *)"
  
C:\TrinityBots\TrinityCore\src\modules\Playerbot\Interaction\Core\InteractionValidator.cpp(489,43): error C2027: Verwendung des undefinierten Typs "Playerbot::Player" [C:\TrinityBots\TrinityCore\build\src\server\modules\Playerbot\playerbot.vcxproj]
      C:\TrinityBots\TrinityCore\src\modules\Playerbot\Interaction\Core\InteractionTypes.h(431,38):
      Siehe Deklaration von "Playerbot::Player"
  
C:\TrinityBots\TrinityCore\src\modules\Playerbot\Interaction\Core\InteractionValidator.cpp(493,34): error C2065: "SPELL_EFFECT_SUMMON_MOUNT": nichtdeklarierter Bezeichner [C:\TrinityBots\TrinityCore\build\src\server\modules\Playerbot\playerbot.vcxproj]
C:\TrinityBots\TrinityCore\src\modules\Playerbot\Interaction\Core\InteractionValidator.cpp(508,13): error C2027: Verwendung des undefinierten Typs "Playerbot::Player" [C:\TrinityBots\TrinityCore\build\src\server\modules\Playerbot\playerbot.vcxproj]
      C:\TrinityBots\TrinityCore\src\modules\Playerbot\Interaction\Core\InteractionTypes.h(431,38):
      Siehe Deklaration von "Playerbot::Player"
  
C:\TrinityBots\TrinityCore\src\modules\Playerbot\Interaction\Core\InteractionValidator.cpp(511,49): error C2660: "SpellMgr::GetSpellInfo": Funktion akzeptiert keine 1 Argumente [C:\TrinityBots\TrinityCore\build\src\server\modules\Playerbot\playerbot.vcxproj]
      C:\TrinityBots\TrinityCore\src\server\game\Spells\SpellMgr.h(733,26):
      Siehe Deklaration von "SpellMgr::GetSpellInfo"
      C:\TrinityBots\TrinityCore\src\modules\Playerbot\Interaction\Core\InteractionValidator.cpp(511,49):
      bei Anpassung der Argumentliste "(uint32)"
  
C:\TrinityBots\TrinityCore\src\modules\Playerbot\Interaction\Core\InteractionValidator.cpp(516,36): error C2027: Verwendung des undefinierten Typs "Playerbot::Player" [C:\TrinityBots\TrinityCore\build\src\server\modules\Playerbot\playerbot.vcxproj]
      C:\TrinityBots\TrinityCore\src\modules\Playerbot\Interaction\Core\InteractionTypes.h(431,38):
      Siehe Deklaration von "Playerbot::Player"
  
C:\TrinityBots\TrinityCore\src\modules\Playerbot\Interaction\Core\InteractionValidator.cpp(525,43): error C2027: Verwendung des undefinierten Typs "Playerbot::Player" [C:\TrinityBots\TrinityCore\build\src\server\modules\Playerbot\playerbot.vcxproj]
      C:\TrinityBots\TrinityCore\src\modules\Playerbot\Interaction\Core\InteractionTypes.h(431,38):
      Siehe Deklaration von "Playerbot::Player"
  
C:\TrinityBots\TrinityCore\src\modules\Playerbot\Interaction\Core\InteractionValidator.cpp(537,13): error C2027: Verwendung des undefinierten Typs "Playerbot::Player" [C:\TrinityBots\TrinityCore\build\src\server\modules\Playerbot\playerbot.vcxproj]
      C:\TrinityBots\TrinityCore\src\modules\Playerbot\Interaction\Core\InteractionTypes.h(431,38):
      Siehe Deklaration von "Playerbot::Player"
  
C:\TrinityBots\TrinityCore\src\modules\Playerbot\Interaction\Core\InteractionValidator.cpp(556,16): error C2027: Verwendung des undefinierten Typs "Playerbot::Player" [C:\TrinityBots\TrinityCore\build\src\server\modules\Playerbot\playerbot.vcxproj]
      C:\TrinityBots\TrinityCore\src\modules\Playerbot\Interaction\Core\InteractionTypes.h(431,38):
      Siehe Deklaration von "Playerbot::Player"
  
C:\TrinityBots\TrinityCore\src\modules\Playerbot\Interaction\Core\InteractionValidator.cpp(657,21): error C2027: Verwendung des undefinierten Typs "Playerbot::Player" [C:\TrinityBots\TrinityCore\build\src\server\modules\Playerbot\playerbot.vcxproj]
      C:\TrinityBots\TrinityCore\src\modules\Playerbot\Interaction\Core\InteractionTypes.h(431,38):
      Siehe Deklaration von "Playerbot::Player"
  
C:\TrinityBots\TrinityCore\src\modules\Playerbot\Interaction\Core\InteractionValidator.cpp(678,22): error C2027: Verwendung des undefinierten Typs "Playerbot::Player" [C:\TrinityBots\TrinityCore\build\src\server\modules\Playerbot\playerbot.vcxproj]
      C:\TrinityBots\TrinityCore\src\modules\Playerbot\Interaction\Core\InteractionTypes.h(431,38):
      Siehe Deklaration von "Playerbot::Player"
  
C:\TrinityBots\TrinityCore\src\modules\Playerbot\Interaction\Core\InteractionValidator.cpp(693,21): error C2027: Verwendung des undefinierten Typs "Playerbot::Player" [C:\TrinityBots\TrinityCore\build\src\server\modules\Playerbot\playerbot.vcxproj]
      C:\TrinityBots\TrinityCore\src\modules\Playerbot\Interaction\Core\InteractionTypes.h(431,38):
      Siehe Deklaration von "Playerbot::Player"
  
C:\TrinityBots\TrinityCore\src\modules\Playerbot\Interaction\Core\InteractionValidator.cpp(699,22): error C2027: Verwendung des undefinierten Typs "Playerbot::Player" [C:\TrinityBots\TrinityCore\build\src\server\modules\Playerbot\playerbot.vcxproj]
      C:\TrinityBots\TrinityCore\src\modules\Playerbot\Interaction\Core\InteractionTypes.h(431,38):
      Siehe Deklaration von "Playerbot::Player"
  
C:\TrinityBots\TrinityCore\src\modules\Playerbot\Interaction\Core\InteractionValidator.cpp(738,13): error C2027: Verwendung des undefinierten Typs "Playerbot::Player" [C:\TrinityBots\TrinityCore\build\src\server\modules\Playerbot\playerbot.vcxproj]
      C:\TrinityBots\TrinityCore\src\modules\Playerbot\Interaction\Core\InteractionTypes.h(431,38):
      Siehe Deklaration von "Playerbot::Player"
  
C:\TrinityBots\TrinityCore\src\modules\Playerbot\Interaction\Core\InteractionValidator.cpp(750,13): error C2027: Verwendung des undefinierten Typs "Playerbot::Player" [C:\TrinityBots\TrinityCore\build\src\server\modules\Playerbot\playerbot.vcxproj]
      C:\TrinityBots\TrinityCore\src\modules\Playerbot\Interaction\Core\InteractionTypes.h(431,38):
      Siehe Deklaration von "Playerbot::Player"
  
C:\TrinityBots\TrinityCore\src\modules\Playerbot\Interaction\Core\InteractionValidator.cpp(763,39): error C2027: Verwendung des undefinierten Typs "Playerbot::Player" [C:\TrinityBots\TrinityCore\build\src\server\modules\Playerbot\playerbot.vcxproj]
      C:\TrinityBots\TrinityCore\src\modules\Playerbot\Interaction\Core\InteractionTypes.h(431,38):
      Siehe Deklaration von "Playerbot::Player"
  
C:\TrinityBots\TrinityCore\src\modules\Playerbot\Interaction\Core\InteractionValidator.cpp(764,13): error C3536: "botIt": Kann nicht verwendet werden, bevor es initialisiert wurde. [C:\TrinityBots\TrinityCore\build\src\server\modules\Playerbot\playerbot.vcxproj]
C:\TrinityBots\TrinityCore\src\modules\Playerbot\Interaction\Core\InteractionValidator.cpp(764,19): error C2446: "==": Keine Konvertierung von "std::_List_iterator<std::_List_val<std::_List_simple_types<_Ty>>>" in "<error type>" [C:\TrinityBots\TrinityCore\build\src\server\modules\Playerbot\playerbot.vcxproj]
C:\TrinityBots\TrinityCore\src\modules\Playerbot\Interaction\Core\InteractionValidator.cpp(764,19): error C2446:         with [C:\TrinityBots\TrinityCore\build\src\server\modules\Playerbot\playerbot.vcxproj]
C:\TrinityBots\TrinityCore\src\modules\Playerbot\Interaction\Core\InteractionValidator.cpp(764,19): error C2446:         [ [C:\TrinityBots\TrinityCore\build\src\server\modules\Playerbot\playerbot.vcxproj]
C:\TrinityBots\TrinityCore\src\modules\Playerbot\Interaction\Core\InteractionValidator.cpp(764,19): error C2446:             _Ty=std::pair<const ObjectGuid,std::unordered_map<Playerbot::InteractionType,std::chrono::steady_clock::time_point,std::hash<Playerbot::InteractionType>,std::equal_to<Playerbot::InteractionType>,std::allocator<std::pair<const Playerbot::InteractionType,std::chrono::steady_clock::time_point>>>> [C:\TrinityBots\TrinityCore\build\src\server\modules\Playerbot\playerbot.vcxproj]
C:\TrinityBots\TrinityCore\src\modules\Playerbot\Interaction\Core\InteractionValidator.cpp(764,19): error C2446:         ] [C:\TrinityBots\TrinityCore\build\src\server\modules\Playerbot\playerbot.vcxproj]
      C:\TrinityBots\TrinityCore\src\modules\Playerbot\Interaction\Core\InteractionValidator.cpp(764,37):
      Kein benutzerdefinierter Konvertierungsoperator verfügbar, der diese Konvertierung durchführen kann, oder der Operator kann nicht aufgerufen werden
  
C:\TrinityBots\TrinityCore\src\modules\Playerbot\Interaction\Core\InteractionValidator.cpp(767,34): error C2530: "botCooldowns": Verweise müssen initialisiert werden [C:\TrinityBots\TrinityCore\build\src\server\modules\Playerbot\playerbot.vcxproj]
C:\TrinityBots\TrinityCore\src\modules\Playerbot\Interaction\Core\InteractionValidator.cpp(768,23): error C3536: "botCooldowns": Kann nicht verwendet werden, bevor es initialisiert wurde. [C:\TrinityBots\TrinityCore\build\src\server\modules\Playerbot\playerbot.vcxproj]
C:\TrinityBots\TrinityCore\src\modules\Playerbot\Interaction\Core\InteractionValidator.cpp(769,13): error C3536: "typeIt": Kann nicht verwendet werden, bevor es initialisiert wurde. [C:\TrinityBots\TrinityCore\build\src\server\modules\Playerbot\playerbot.vcxproj]
C:\TrinityBots\TrinityCore\src\modules\Playerbot\Interaction\Core\InteractionValidator.cpp(777,37): error C2672: "std::chrono::duration_cast": keine übereinstimmende überladene Funktion gefunden [C:\TrinityBots\TrinityCore\build\src\server\modules\Playerbot\playerbot.vcxproj]
      C:\Program Files\Microsoft Visual Studio\2022\Enterprise\VC\Tools\MSVC\14.44.35207\include\__msvc_chrono.hpp(87,19):
      kann "_To std::chrono::duration_cast(const std::chrono::duration<_Rep,_Period> &) noexcept(<expr>)" sein
  
C:\TrinityBots\TrinityCore\src\modules\Playerbot\Interaction\Core\InteractionValidator.cpp(779,16): error C3536: "elapsed": Kann nicht verwendet werden, bevor es initialisiert wurde. [C:\TrinityBots\TrinityCore\build\src\server\modules\Playerbot\playerbot.vcxproj]
C:\TrinityBots\TrinityCore\src\modules\Playerbot\Interaction\Core\InteractionManager.cpp(36,45): error C2039: "m_instance" ist kein Member von "Playerbot::InteractionManager". [C:\TrinityBots\TrinityCore\build\src\server\modules\Playerbot\playerbot.vcxproj]
      C:\TrinityBots\TrinityCore\src\modules\Playerbot\Interaction\Core\InteractionManager.h(117,11):
      Siehe Deklaration von "Playerbot::InteractionManager"
  
C:\TrinityBots\TrinityCore\src\modules\Playerbot\Interaction\Core\InteractionManager.cpp(41,9): error C2065: "m_config": nichtdeklarierter Bezeichner [C:\TrinityBots\TrinityCore\build\src\server\modules\Playerbot\playerbot.vcxproj]
C:\TrinityBots\TrinityCore\src\modules\Playerbot\Interaction\Core\InteractionManager.cpp(42,9): error C2065: "m_config": nichtdeklarierter Bezeichner [C:\TrinityBots\TrinityCore\build\src\server\modules\Playerbot\playerbot.vcxproj]
C:\TrinityBots\TrinityCore\src\modules\Playerbot\Interaction\Core\InteractionManager.cpp(43,9): error C2065: "m_config": nichtdeklarierter Bezeichner [C:\TrinityBots\TrinityCore\build\src\server\modules\Playerbot\playerbot.vcxproj]
C:\TrinityBots\TrinityCore\src\modules\Playerbot\Interaction\Core\InteractionManager.cpp(44,9): error C2065: "m_config": nichtdeklarierter Bezeichner [C:\TrinityBots\TrinityCore\build\src\server\modules\Playerbot\playerbot.vcxproj]
C:\TrinityBots\TrinityCore\src\modules\Playerbot\Interaction\Core\InteractionManager.cpp(45,9): error C2065: "m_config": nichtdeklarierter Bezeichner [C:\TrinityBots\TrinityCore\build\src\server\modules\Playerbot\playerbot.vcxproj]
C:\TrinityBots\TrinityCore\src\modules\Playerbot\Interaction\Core\InteractionManager.cpp(46,9): error C2065: "m_config": nichtdeklarierter Bezeichner [C:\TrinityBots\TrinityCore\build\src\server\modules\Playerbot\playerbot.vcxproj]
C:\TrinityBots\TrinityCore\src\modules\Playerbot\Interaction\Core\InteractionManager.cpp(47,9): error C2065: "m_config": nichtdeklarierter Bezeichner [C:\TrinityBots\TrinityCore\build\src\server\modules\Playerbot\playerbot.vcxproj]
C:\TrinityBots\TrinityCore\src\modules\Playerbot\Interaction\Core\InteractionManager.cpp(48,9): error C2065: "m_config": nichtdeklarierter Bezeichner [C:\TrinityBots\TrinityCore\build\src\server\modules\Playerbot\playerbot.vcxproj]
C:\TrinityBots\TrinityCore\src\modules\Playerbot\Interaction\Core\InteractionManager.cpp(49,9): error C2065: "m_config": nichtdeklarierter Bezeichner [C:\TrinityBots\TrinityCore\build\src\server\modules\Playerbot\playerbot.vcxproj]
C:\TrinityBots\TrinityCore\src\modules\Playerbot\Interaction\Core\InteractionManager.cpp(50,9): error C2065: "m_config": nichtdeklarierter Bezeichner [C:\TrinityBots\TrinityCore\build\src\server\modules\Playerbot\playerbot.vcxproj]
C:\TrinityBots\TrinityCore\src\modules\Playerbot\Interaction\Core\InteractionManager.cpp(51,9): error C2065: "m_config": nichtdeklarierter Bezeichner [C:\TrinityBots\TrinityCore\build\src\server\modules\Playerbot\playerbot.vcxproj]
C:\TrinityBots\TrinityCore\src\modules\Playerbot\Interaction\Core\InteractionManager.cpp(52,9): error C2065: "m_config": nichtdeklarierter Bezeichner [C:\TrinityBots\TrinityCore\build\src\server\modules\Playerbot\playerbot.vcxproj]
C:\TrinityBots\TrinityCore\src\modules\Playerbot\Interaction\Core\InteractionManager.cpp(53,9): error C2065: "m_config": nichtdeklarierter Bezeichner [C:\TrinityBots\TrinityCore\build\src\server\modules\Playerbot\playerbot.vcxproj]
C:\TrinityBots\TrinityCore\src\modules\Playerbot\Interaction\Core\InteractionManager.cpp(54,9): error C2065: "m_config": nichtdeklarierter Bezeichner [C:\TrinityBots\TrinityCore\build\src\server\modules\Playerbot\playerbot.vcxproj]
C:\TrinityBots\TrinityCore\src\modules\Playerbot\Interaction\Core\InteractionManager.cpp(55,9): error C2065: "m_config": nichtdeklarierter Bezeichner [C:\TrinityBots\TrinityCore\build\src\server\modules\Playerbot\playerbot.vcxproj]
C:\TrinityBots\TrinityCore\src\modules\Playerbot\Interaction\Core\InteractionManager.cpp(56,9): error C2065: "m_config": nichtdeklarierter Bezeichner [C:\TrinityBots\TrinityCore\build\src\server\modules\Playerbot\playerbot.vcxproj]
C:\TrinityBots\TrinityCore\src\modules\Playerbot\Interaction\Core\InteractionManager.cpp(57,9): error C2065: "m_config": nichtdeklarierter Bezeichner [C:\TrinityBots\TrinityCore\build\src\server\modules\Playerbot\playerbot.vcxproj]
C:\TrinityBots\TrinityCore\src\modules\Playerbot\Interaction\Core\InteractionManager.cpp(58,9): error C2065: "m_config": nichtdeklarierter Bezeichner [C:\TrinityBots\TrinityCore\build\src\server\modules\Playerbot\playerbot.vcxproj]
C:\TrinityBots\TrinityCore\src\modules\Playerbot\Interaction\Core\InteractionManager.cpp(59,9): error C2065: "m_config": nichtdeklarierter Bezeichner [C:\TrinityBots\TrinityCore\build\src\server\modules\Playerbot\playerbot.vcxproj]
C:\TrinityBots\TrinityCore\src\modules\Playerbot\Interaction\Core\InteractionManager.cpp(61,9): error C2065: "m_lastCacheClean": nichtdeklarierter Bezeichner [C:\TrinityBots\TrinityCore\build\src\server\modules\Playerbot\playerbot.vcxproj]
C:\TrinityBots\TrinityCore\src\modules\Playerbot\Interaction\Core\InteractionManager.cpp(79,30): error C2556: "void Playerbot::InteractionManager::Initialize(void)": Überladene Funktion unterscheidet sich nur hinsichtlich des Rückgabetyps von "bool Playerbot::InteractionManager::Initialize(void)" [C:\TrinityBots\TrinityCore\build\src\server\modules\Playerbot\playerbot.vcxproj]
      C:\TrinityBots\TrinityCore\src\modules\Playerbot\Interaction\Core\InteractionManager.h(126,14):
      Siehe Deklaration von "Playerbot::InteractionManager::Initialize"
  
C:\TrinityBots\TrinityCore\src\modules\Playerbot\Interaction\Core\InteractionManager.cpp(79,30): error C2371: "Playerbot::InteractionManager::Initialize": Neudefinition; unterschiedliche Basistypen [C:\TrinityBots\TrinityCore\build\src\server\modules\Playerbot\playerbot.vcxproj]
      C:\TrinityBots\TrinityCore\src\modules\Playerbot\Interaction\Core\InteractionManager.h(126,14):
      Siehe Deklaration von "Playerbot::InteractionManager::Initialize"
  
C:\TrinityBots\TrinityCore\src\modules\Playerbot\Interaction\Core\InteractionManager.cpp(83,13): error C2065: "m_initialized": nichtdeklarierter Bezeichner [C:\TrinityBots\TrinityCore\build\src\server\modules\Playerbot\playerbot.vcxproj]
C:\TrinityBots\TrinityCore\src\modules\Playerbot\Interaction\Core\InteractionManager.cpp(86,9): error C3861: "LOG_INFO": Bezeichner wurde nicht gefunden. [C:\TrinityBots\TrinityCore\build\src\server\modules\Playerbot\playerbot.vcxproj]
C:\TrinityBots\TrinityCore\src\modules\Playerbot\Interaction\Core\InteractionManager.cpp(88,9): error C3861: "InitializeHandlers": Bezeichner wurde nicht gefunden. [C:\TrinityBots\TrinityCore\build\src\server\modules\Playerbot\playerbot.vcxproj]
C:\TrinityBots\TrinityCore\src\modules\Playerbot\Interaction\Core\InteractionManager.cpp(93,13): error C2065: "m_metrics": nichtdeklarierter Bezeichner [C:\TrinityBots\TrinityCore\build\src\server\modules\Playerbot\playerbot.vcxproj]
C:\TrinityBots\TrinityCore\src\modules\Playerbot\Interaction\Core\InteractionManager.cpp(96,9): error C2065: "m_initialized": nichtdeklarierter Bezeichner [C:\TrinityBots\TrinityCore\build\src\server\modules\Playerbot\playerbot.vcxproj]
C:\TrinityBots\TrinityCore\src\modules\Playerbot\Interaction\Core\InteractionManager.cpp(97,9): error C3861: "LOG_INFO": Bezeichner wurde nicht gefunden. [C:\TrinityBots\TrinityCore\build\src\server\modules\Playerbot\playerbot.vcxproj]
C:\TrinityBots\TrinityCore\src\modules\Playerbot\Interaction\Core\InteractionManager.cpp(83,9): warning C4390: ";": Leere kontrollierte Anweisung aufgetreten; ist dies beabsichtigt? [C:\TrinityBots\TrinityCore\build\src\server\modules\Playerbot\playerbot.vcxproj]
C:\TrinityBots\TrinityCore\src\modules\Playerbot\Interaction\Core\InteractionManager.cpp(100,30): error C2039: "InitializeHandlers" ist kein Member von "Playerbot::InteractionManager". [C:\TrinityBots\TrinityCore\build\src\server\modules\Playerbot\playerbot.vcxproj]
      C:\TrinityBots\TrinityCore\src\modules\Playerbot\Interaction\Core\InteractionManager.h(117,11):
      Siehe Deklaration von "Playerbot::InteractionManager"
  
C:\TrinityBots\TrinityCore\src\modules\Playerbot\Interaction\Core\InteractionManager.cpp(102,9): error C2065: "m_gossipHandler": nichtdeklarierter Bezeichner [C:\TrinityBots\TrinityCore\build\src\server\modules\Playerbot\playerbot.vcxproj]
C:\TrinityBots\TrinityCore\src\modules\Playerbot\Interaction\Core\InteractionManager.cpp(103,9): error C2065: "m_validator": nichtdeklarierter Bezeichner [C:\TrinityBots\TrinityCore\build\src\server\modules\Playerbot\playerbot.vcxproj]
C:\TrinityBots\TrinityCore\src\modules\Playerbot\Interaction\Core\InteractionManager.cpp(104,9): error C2065: "m_vendorHandler": nichtdeklarierter Bezeichner [C:\TrinityBots\TrinityCore\build\src\server\modules\Playerbot\playerbot.vcxproj]
C:\TrinityBots\TrinityCore\src\modules\Playerbot\Interaction\Core\InteractionManager.cpp(116,14): error C2065: "m_initialized": nichtdeklarierter Bezeichner [C:\TrinityBots\TrinityCore\build\src\server\modules\Playerbot\playerbot.vcxproj]
C:\TrinityBots\TrinityCore\src\modules\Playerbot\Interaction\Core\InteractionManager.cpp(119,9): error C3861: "LOG_INFO": Bezeichner wurde nicht gefunden. [C:\TrinityBots\TrinityCore\build\src\server\modules\Playerbot\playerbot.vcxproj]
C:\TrinityBots\TrinityCore\src\modules\Playerbot\Interaction\Core\InteractionManager.cpp(122,38): error C3312: Für den Typ „std::atomic<unsigned int>“ wurde keine aufrufbare Funktion „begin“ gefunden. [C:\TrinityBots\TrinityCore\build\src\server\modules\Playerbot\playerbot.vcxproj]
C:\TrinityBots\TrinityCore\src\modules\Playerbot\Interaction\Core\InteractionManager.cpp(122,38): error C3312: Für den Typ „std::atomic<unsigned int>“ wurde keine aufrufbare Funktion „end“ gefunden. [C:\TrinityBots\TrinityCore\build\src\server\modules\Playerbot\playerbot.vcxproj]
C:\TrinityBots\TrinityCore\src\modules\Playerbot\Interaction\Core\InteractionManager.cpp(122,36): error C2059: Syntaxfehler: ":" [C:\TrinityBots\TrinityCore\build\src\server\modules\Playerbot\playerbot.vcxproj]
C:\TrinityBots\TrinityCore\src\modules\Playerbot\Interaction\Core\InteractionManager.cpp(123,9): error C2143: Syntaxfehler: Es fehlt ";" vor "{" [C:\TrinityBots\TrinityCore\build\src\server\modules\Playerbot\playerbot.vcxproj]
C:\TrinityBots\TrinityCore\src\modules\Playerbot\Interaction\Core\InteractionManager.cpp(124,13): error C2065: "context": nichtdeklarierter Bezeichner [C:\TrinityBots\TrinityCore\build\src\server\modules\Playerbot\playerbot.vcxproj]
C:\TrinityBots\TrinityCore\src\modules\Playerbot\Interaction\Core\InteractionManager.cpp(126,30): error C2039: "clear" ist kein Member von "std::atomic<unsigned int>". [C:\TrinityBots\TrinityCore\build\src\server\modules\Playerbot\playerbot.vcxproj]
      C:\Program Files\Microsoft Visual Studio\2022\Enterprise\VC\Tools\MSVC\14.44.35207\include\atomic(2131,8):
      Siehe Deklaration von "std::atomic<unsigned int>"
  
C:\TrinityBots\TrinityCore\src\modules\Playerbot\Interaction\Core\InteractionManager.cpp(129,17): error C2065: "m_interactionQueue": nichtdeklarierter Bezeichner [C:\TrinityBots\TrinityCore\build\src\server\modules\Playerbot\playerbot.vcxproj]
C:\TrinityBots\TrinityCore\src\modules\Playerbot\Interaction\Core\InteractionManager.cpp(130,13): error C2065: "m_interactionQueue": nichtdeklarierter Bezeichner [C:\TrinityBots\TrinityCore\build\src\server\modules\Playerbot\playerbot.vcxproj]
C:\TrinityBots\TrinityCore\src\modules\Playerbot\Interaction\Core\InteractionManager.cpp(132,9): error C3861: "CleanupHandlers": Bezeichner wurde nicht gefunden. [C:\TrinityBots\TrinityCore\build\src\server\modules\Playerbot\playerbot.vcxproj]
C:\TrinityBots\TrinityCore\src\modules\Playerbot\Interaction\Core\InteractionManager.cpp(134,9): error C2065: "m_initialized": nichtdeklarierter Bezeichner [C:\TrinityBots\TrinityCore\build\src\server\modules\Playerbot\playerbot.vcxproj]
C:\TrinityBots\TrinityCore\src\modules\Playerbot\Interaction\Core\InteractionManager.cpp(135,9): error C3861: "LOG_INFO": Bezeichner wurde nicht gefunden. [C:\TrinityBots\TrinityCore\build\src\server\modules\Playerbot\playerbot.vcxproj]
C:\TrinityBots\TrinityCore\src\modules\Playerbot\Interaction\Core\InteractionManager.cpp(138,30): error C2039: "CleanupHandlers" ist kein Member von "Playerbot::InteractionManager". [C:\TrinityBots\TrinityCore\build\src\server\modules\Playerbot\playerbot.vcxproj]
      C:\TrinityBots\TrinityCore\src\modules\Playerbot\Interaction\Core\InteractionManager.h(117,11):
      Siehe Deklaration von "Playerbot::InteractionManager"
  
C:\TrinityBots\TrinityCore\src\modules\Playerbot\Interaction\Core\InteractionManager.cpp(140,9): error C2065: "m_gossipHandler": nichtdeklarierter Bezeichner [C:\TrinityBots\TrinityCore\build\src\server\modules\Playerbot\playerbot.vcxproj]
C:\TrinityBots\TrinityCore\src\modules\Playerbot\Interaction\Core\InteractionManager.cpp(141,9): error C2065: "m_validator": nichtdeklarierter Bezeichner [C:\TrinityBots\TrinityCore\build\src\server\modules\Playerbot\playerbot.vcxproj]
C:\TrinityBots\TrinityCore\src\modules\Playerbot\Interaction\Core\InteractionManager.cpp(142,9): error C2065: "m_vendorHandler": nichtdeklarierter Bezeichner [C:\TrinityBots\TrinityCore\build\src\server\modules\Playerbot\playerbot.vcxproj]
C:\TrinityBots\TrinityCore\src\modules\Playerbot\Interaction\Core\InteractionManager.cpp(150,30): error C2039: "Update" ist kein Member von "Playerbot::InteractionManager". [C:\TrinityBots\TrinityCore\build\src\server\modules\Playerbot\playerbot.vcxproj]
      C:\TrinityBots\TrinityCore\src\modules\Playerbot\Interaction\Core\InteractionManager.h(117,11):
      Siehe Deklaration von "Playerbot::InteractionManager"
  
C:\TrinityBots\TrinityCore\src\modules\Playerbot\Interaction\Core\InteractionManager.cpp(152,50): error C2065: "m_mutex": nichtdeklarierter Bezeichner [C:\TrinityBots\TrinityCore\build\src\server\modules\Playerbot\playerbot.vcxproj]
C:\TrinityBots\TrinityCore\src\modules\Playerbot\Interaction\Core\InteractionManager.cpp(154,14): error C2065: "m_initialized": nichtdeklarierter Bezeichner [C:\TrinityBots\TrinityCore\build\src\server\modules\Playerbot\playerbot.vcxproj]
C:\TrinityBots\TrinityCore\src\modules\Playerbot\Interaction\Core\InteractionManager.cpp(159,19): error C2065: "m_lastCacheClean": nichtdeklarierter Bezeichner [C:\TrinityBots\TrinityCore\build\src\server\modules\Playerbot\playerbot.vcxproj]
C:\TrinityBots\TrinityCore\src\modules\Playerbot\Interaction\Core\InteractionManager.cpp(161,13): error C2065: "m_npcTypeCache": nichtdeklarierter Bezeichner [C:\TrinityBots\TrinityCore\build\src\server\modules\Playerbot\playerbot.vcxproj]
C:\TrinityBots\TrinityCore\src\modules\Playerbot\Interaction\Core\InteractionManager.cpp(162,13): error C2065: "m_lastCacheClean": nichtdeklarierter Bezeichner [C:\TrinityBots\TrinityCore\build\src\server\modules\Playerbot\playerbot.vcxproj]
C:\TrinityBots\TrinityCore\src\modules\Playerbot\Interaction\Core\InteractionManager.cpp(166,17): error C2065: "m_interactionQueue": nichtdeklarierter Bezeichner [C:\TrinityBots\TrinityCore\build\src\server\modules\Playerbot\playerbot.vcxproj]
C:\TrinityBots\TrinityCore\src\modules\Playerbot\Interaction\Core\InteractionManager.cpp(167,16): error C2065: "m_activeInteractions": nichtdeklarierter Bezeichner [C:\TrinityBots\TrinityCore\build\src\server\modules\Playerbot\playerbot.vcxproj]
C:\TrinityBots\TrinityCore\src\modules\Playerbot\Interaction\Core\InteractionManager.cpp(167,46): error C2065: "m_config": nichtdeklarierter Bezeichner [C:\TrinityBots\TrinityCore\build\src\server\modules\Playerbot\playerbot.vcxproj]
C:\TrinityBots\TrinityCore\src\modules\Playerbot\Interaction\Core\InteractionManager.cpp(169,28): error C2065: "m_interactionQueue": nichtdeklarierter Bezeichner [C:\TrinityBots\TrinityCore\build\src\server\modules\Playerbot\playerbot.vcxproj]
C:\TrinityBots\TrinityCore\src\modules\Playerbot\Interaction\Core\InteractionManager.cpp(169,26): error C2530: "queued": Verweise müssen initialisiert werden [C:\TrinityBots\TrinityCore\build\src\server\modules\Playerbot\playerbot.vcxproj]
C:\TrinityBots\TrinityCore\src\modules\Playerbot\Interaction\Core\InteractionManager.cpp(172,29): error C2065: "m_lastInteractionTime": nichtdeklarierter Bezeichner [C:\TrinityBots\TrinityCore\build\src\server\modules\Playerbot\playerbot.vcxproj]
C:\TrinityBots\TrinityCore\src\modules\Playerbot\Interaction\Core\InteractionManager.cpp(172,56): error C3536: "queued": Kann nicht verwendet werden, bevor es initialisiert wurde. [C:\TrinityBots\TrinityCore\build\src\server\modules\Playerbot\playerbot.vcxproj]
C:\TrinityBots\TrinityCore\src\modules\Playerbot\Interaction\Core\InteractionManager.cpp(173,17): error C3536: "lastTime": Kann nicht verwendet werden, bevor es initialisiert wurde. [C:\TrinityBots\TrinityCore\build\src\server\modules\Playerbot\playerbot.vcxproj]
C:\TrinityBots\TrinityCore\src\modules\Playerbot\Interaction\Core\InteractionManager.cpp(173,29): error C2065: "m_lastInteractionTime": nichtdeklarierter Bezeichner [C:\TrinityBots\TrinityCore\build\src\server\modules\Playerbot\playerbot.vcxproj]
C:\TrinityBots\TrinityCore\src\modules\Playerbot\Interaction\Core\InteractionManager.cpp(176,21): error C3536: "timeSinceLast": Kann nicht verwendet werden, bevor es initialisiert wurde. [C:\TrinityBots\TrinityCore\build\src\server\modules\Playerbot\playerbot.vcxproj]
C:\TrinityBots\TrinityCore\src\modules\Playerbot\Interaction\Core\InteractionManager.cpp(176,63): error C2065: "MIN_INTERACTION_DELAY": nichtdeklarierter Bezeichner [C:\TrinityBots\TrinityCore\build\src\server\modules\Playerbot\playerbot.vcxproj]
C:\TrinityBots\TrinityCore\src\modules\Playerbot\Interaction\Core\InteractionManager.cpp(181,31): error C2653: "ObjectAccessor": Keine Klasse oder Namespace [C:\TrinityBots\TrinityCore\build\src\server\modules\Playerbot\playerbot.vcxproj]
C:\TrinityBots\TrinityCore\src\modules\Playerbot\Interaction\Core\InteractionManager.cpp(181,47): error C3861: "FindPlayer": Bezeichner wurde nicht gefunden. [C:\TrinityBots\TrinityCore\build\src\server\modules\Playerbot\playerbot.vcxproj]
C:\TrinityBots\TrinityCore\src\modules\Playerbot\Interaction\Core\InteractionManager.cpp(183,43): error C2653: "ObjectAccessor": Keine Klasse oder Namespace [C:\TrinityBots\TrinityCore\build\src\server\modules\Playerbot\playerbot.vcxproj]
C:\TrinityBots\TrinityCore\src\modules\Playerbot\Interaction\Core\InteractionManager.cpp(183,59): error C3861: "GetWorldObject": Bezeichner wurde nicht gefunden. [C:\TrinityBots\TrinityCore\build\src\server\modules\Playerbot\playerbot.vcxproj]
C:\TrinityBots\TrinityCore\src\modules\Playerbot\Interaction\Core\InteractionManager.cpp(185,21): error C3861: "StartInteraction": Bezeichner wurde nicht gefunden. [C:\TrinityBots\TrinityCore\build\src\server\modules\Playerbot\playerbot.vcxproj]
C:\TrinityBots\TrinityCore\src\modules\Playerbot\Interaction\Core\InteractionManager.cpp(189,13): error C2065: "m_interactionQueue": nichtdeklarierter Bezeichner [C:\TrinityBots\TrinityCore\build\src\server\modules\Playerbot\playerbot.vcxproj]
C:\TrinityBots\TrinityCore\src\modules\Playerbot\Interaction\Core\InteractionManager.cpp(194,38): error C2065: "m_activeInteractions": nichtdeklarierter Bezeichner [C:\TrinityBots\TrinityCore\build\src\server\modules\Playerbot\playerbot.vcxproj]
C:\TrinityBots\TrinityCore\src\modules\Playerbot\Interaction\Core\InteractionManager.cpp(194,36): error C2059: Syntaxfehler: ":" [C:\TrinityBots\TrinityCore\build\src\server\modules\Playerbot\playerbot.vcxproj]
C:\TrinityBots\TrinityCore\src\modules\Playerbot\Interaction\Core\InteractionManager.cpp(195,9): error C2143: Syntaxfehler: Es fehlt ";" vor "{" [C:\TrinityBots\TrinityCore\build\src\server\modules\Playerbot\playerbot.vcxproj]
C:\TrinityBots\TrinityCore\src\modules\Playerbot\Interaction\Core\InteractionManager.cpp(196,31): error C2653: "ObjectAccessor": Keine Klasse oder Namespace [C:\TrinityBots\TrinityCore\build\src\server\modules\Playerbot\playerbot.vcxproj]
C:\TrinityBots\TrinityCore\src\modules\Playerbot\Interaction\Core\InteractionManager.cpp(196,58): error C2065: "guid": nichtdeklarierter Bezeichner [C:\TrinityBots\TrinityCore\build\src\server\modules\Playerbot\playerbot.vcxproj]
C:\TrinityBots\TrinityCore\src\modules\Playerbot\Interaction\Core\InteractionManager.cpp(196,47): error C3861: "FindPlayer": Bezeichner wurde nicht gefunden. [C:\TrinityBots\TrinityCore\build\src\server\modules\Playerbot\playerbot.vcxproj]
C:\TrinityBots\TrinityCore\src\modules\Playerbot\Interaction\Core\InteractionManager.cpp(198,46): error C2065: "context": nichtdeklarierter Bezeichner [C:\TrinityBots\TrinityCore\build\src\server\modules\Playerbot\playerbot.vcxproj]
C:\TrinityBots\TrinityCore\src\modules\Playerbot\Interaction\Core\InteractionManager.cpp(198,22): error C3861: "UpdateInteraction": Bezeichner wurde nicht gefunden. [C:\TrinityBots\TrinityCore\build\src\server\modules\Playerbot\playerbot.vcxproj]
C:\TrinityBots\TrinityCore\src\modules\Playerbot\Interaction\Core\InteractionManager.cpp(200,40): error C2065: "guid": nichtdeklarierter Bezeichner [C:\TrinityBots\TrinityCore\build\src\server\modules\Playerbot\playerbot.vcxproj]
C:\TrinityBots\TrinityCore\src\modules\Playerbot\Interaction\Core\InteractionManager.cpp(205,36): error C2065: "guid": nichtdeklarierter Bezeichner [C:\TrinityBots\TrinityCore\build\src\server\modules\Playerbot\playerbot.vcxproj]
C:\TrinityBots\TrinityCore\src\modules\Playerbot\Interaction\Core\InteractionManager.cpp(212,13): error C2065: "m_activeInteractions": nichtdeklarierter Bezeichner [C:\TrinityBots\TrinityCore\build\src\server\modules\Playerbot\playerbot.vcxproj]
C:\TrinityBots\TrinityCore\src\modules\Playerbot\Interaction\Core\InteractionManager.cpp(216,43): error C2039: "StartInteraction" ist kein Member von "Playerbot::InteractionManager". [C:\TrinityBots\TrinityCore\build\src\server\modules\Playerbot\playerbot.vcxproj]
      C:\TrinityBots\TrinityCore\src\modules\Playerbot\Interaction\Core\InteractionManager.h(117,11):
      Siehe Deklaration von "Playerbot::InteractionManager"
  
C:\TrinityBots\TrinityCore\src\modules\Playerbot\Interaction\Core\InteractionManager.cpp(222,50): error C2065: "m_mutex": nichtdeklarierter Bezeichner [C:\TrinityBots\TrinityCore\build\src\server\modules\Playerbot\playerbot.vcxproj]
C:\TrinityBots\TrinityCore\src\modules\Playerbot\Interaction\Core\InteractionManager.cpp(225,13): error C3861: "HasActiveInteraction": Bezeichner wurde nicht gefunden. [C:\TrinityBots\TrinityCore\build\src\server\modules\Playerbot\playerbot.vcxproj]
C:\TrinityBots\TrinityCore\src\modules\Playerbot\Interaction\Core\InteractionManager.cpp(229,13): error C2027: Verwendung des undefinierten Typs "Playerbot::Player" [C:\TrinityBots\TrinityCore\build\src\server\modules\Playerbot\playerbot.vcxproj]
      C:\TrinityBots\TrinityCore\src\modules\Playerbot\Interaction\Core\InteractionTypes.h(431,38):
      Siehe Deklaration von "Playerbot::Player"
  
C:\TrinityBots\TrinityCore\src\modules\Playerbot\Interaction\Core\InteractionManager.cpp(236,24): error C3861: "DetectNPCType": Bezeichner wurde nicht gefunden. [C:\TrinityBots\TrinityCore\build\src\server\modules\Playerbot\playerbot.vcxproj]
C:\TrinityBots\TrinityCore\src\modules\Playerbot\Interaction\Core\InteractionManager.cpp(256,14): error C2065: "m_validator": nichtdeklarierter Bezeichner [C:\TrinityBots\TrinityCore\build\src\server\modules\Playerbot\playerbot.vcxproj]
C:\TrinityBots\TrinityCore\src\modules\Playerbot\Interaction\Core\InteractionManager.cpp(260,14): error C3861: "IsInInteractionRange": Bezeichner wurde nicht gefunden. [C:\TrinityBots\TrinityCore\build\src\server\modules\Playerbot\playerbot.vcxproj]
C:\TrinityBots\TrinityCore\src\modules\Playerbot\Interaction\Core\InteractionManager.cpp(262,18): error C3861: "MoveToInteractionRange": Bezeichner wurde nicht gefunden. [C:\TrinityBots\TrinityCore\build\src\server\modules\Playerbot\playerbot.vcxproj]
C:\TrinityBots\TrinityCore\src\modules\Playerbot\Interaction\Core\InteractionManager.cpp(268,28): error C2027: Verwendung des undefinierten Typs "Playerbot::Player" [C:\TrinityBots\TrinityCore\build\src\server\modules\Playerbot\playerbot.vcxproj]
      C:\TrinityBots\TrinityCore\src\modules\Playerbot\Interaction\Core\InteractionTypes.h(431,38):
      Siehe Deklaration von "Playerbot::Player"
  
C:\TrinityBots\TrinityCore\src\modules\Playerbot\Interaction\Core\InteractionManager.cpp(279,36): error C2065: "m_gossipHandler": nichtdeklarierter Bezeichner [C:\TrinityBots\TrinityCore\build\src\server\modules\Playerbot\playerbot.vcxproj]
C:\TrinityBots\TrinityCore\src\modules\Playerbot\Interaction\Core\InteractionManager.cpp(282,39): error C2065: "m_gossipHandler": nichtdeklarierter Bezeichner [C:\TrinityBots\TrinityCore\build\src\server\modules\Playerbot\playerbot.vcxproj]
C:\TrinityBots\TrinityCore\src\modules\Playerbot\Interaction\Core\InteractionManager.cpp(287,9): error C2065: "m_activeInteractions": nichtdeklarierter Bezeichner [C:\TrinityBots\TrinityCore\build\src\server\modules\Playerbot\playerbot.vcxproj]
C:\TrinityBots\TrinityCore\src\modules\Playerbot\Interaction\Core\InteractionManager.cpp(287,30): error C2027: Verwendung des undefinierten Typs "Playerbot::Player" [C:\TrinityBots\TrinityCore\build\src\server\modules\Playerbot\playerbot.vcxproj]
      C:\TrinityBots\TrinityCore\src\modules\Playerbot\Interaction\Core\InteractionTypes.h(431,38):
      Siehe Deklaration von "Playerbot::Player"
  
C:\TrinityBots\TrinityCore\src\modules\Playerbot\Interaction\Core\InteractionManager.cpp(287,44): error C7732: Es wurde ein Ausdruck vor "]" erwartet. [C:\TrinityBots\TrinityCore\build\src\server\modules\Playerbot\playerbot.vcxproj]
C:\TrinityBots\TrinityCore\src\modules\Playerbot\Interaction\Core\InteractionManager.cpp(290,11): error C2065: "m_totalInteractionsStarted": nichtdeklarierter Bezeichner [C:\TrinityBots\TrinityCore\build\src\server\modules\Playerbot\playerbot.vcxproj]
C:\TrinityBots\TrinityCore\src\modules\Playerbot\Interaction\Core\InteractionManager.cpp(291,9): error C2065: "m_lastInteractionTime": nichtdeklarierter Bezeichner [C:\TrinityBots\TrinityCore\build\src\server\modules\Playerbot\playerbot.vcxproj]
C:\TrinityBots\TrinityCore\src\modules\Playerbot\Interaction\Core\InteractionManager.cpp(291,31): error C2027: Verwendung des undefinierten Typs "Playerbot::Player" [C:\TrinityBots\TrinityCore\build\src\server\modules\Playerbot\playerbot.vcxproj]
      C:\TrinityBots\TrinityCore\src\modules\Playerbot\Interaction\Core\InteractionTypes.h(431,38):
      Siehe Deklaration von "Playerbot::Player"
  
C:\TrinityBots\TrinityCore\src\modules\Playerbot\Interaction\Core\InteractionManager.cpp(291,31): error C1003: Mehr als 100 Fehler gefunden; Kompilierung wird abgebrochen. [C:\TrinityBots\TrinityCore\build\src\server\modules\Playerbot\playerbot.vcxproj]
C:\TrinityBots\TrinityCore\src\modules\Playerbot\AI\Strategy\Strategy.h(65,34): warning C4100: „ai“: nicht referenzierter Parameter [C:\TrinityBots\TrinityCore\build\src\server\modules\Playerbot\playerbot.vcxproj]
  (Quelldatei „../../../../../src/modules/Playerbot/Quest/QuestCompletion.cpp“ wird kompiliert)
  
C:\TrinityBots\TrinityCore\src\modules\Playerbot\AI\Strategy\Strategy.h(86,36): warning C4100: „ai“: nicht referenzierter Parameter [C:\TrinityBots\TrinityCore\build\src\server\modules\Playerbot\playerbot.vcxproj]
  (Quelldatei „../../../../../src/modules/Playerbot/Quest/QuestCompletion.cpp“ wird kompiliert)
  
C:\TrinityBots\TrinityCore\src\modules\Playerbot\AI\Strategy\Strategy.h(87,38): warning C4100: „ai“: nicht referenzierter Parameter [C:\TrinityBots\TrinityCore\build\src\server\modules\Playerbot\playerbot.vcxproj]
  (Quelldatei „../../../../../src/modules/Playerbot/Quest/QuestCompletion.cpp“ wird kompiliert)
  
C:\TrinityBots\TrinityCore\src\modules\Playerbot\AI\Strategy\Strategy.h(93,51): warning C4100: „diff“: nicht referenzierter Parameter [C:\TrinityBots\TrinityCore\build\src\server\modules\Playerbot\playerbot.vcxproj]
  (Quelldatei „../../../../../src/modules/Playerbot/Quest/QuestCompletion.cpp“ wird kompiliert)
  
C:\TrinityBots\TrinityCore\src\modules\Playerbot\AI\Strategy\Strategy.h(93,40): warning C4100: „ai“: nicht referenzierter Parameter [C:\TrinityBots\TrinityCore\build\src\server\modules\Playerbot\playerbot.vcxproj]
  (Quelldatei „../../../../../src/modules/Playerbot/Quest/QuestCompletion.cpp“ wird kompiliert)
  
C:\TrinityBots\TrinityCore\src\modules\Playerbot\AI\Actions\Action.h(80,34): warning C4100: „ai“: nicht referenzierter Parameter [C:\TrinityBots\TrinityCore\build\src\server\modules\Playerbot\playerbot.vcxproj]
  (Quelldatei „../../../../../src/modules/Playerbot/Quest/QuestCompletion.cpp“ wird kompiliert)
  
C:\TrinityBots\TrinityCore\src\modules\Playerbot\AI\Actions\Action.h(102,29): warning C4100: „cooldownMs“: nicht referenzierter Parameter [C:\TrinityBots\TrinityCore\build\src\server\modules\Playerbot\playerbot.vcxproj]
  (Quelldatei „../../../../../src/modules/Playerbot/Quest/QuestCompletion.cpp“ wird kompiliert)
  
C:\TrinityBots\TrinityCore\src\modules\Playerbot\AI\Actions\Action.h(163,36): warning C4100: „ai“: nicht referenzierter Parameter [C:\TrinityBots\TrinityCore\build\src\server\modules\Playerbot\playerbot.vcxproj]
  (Quelldatei „../../../../../src/modules/Playerbot/Quest/QuestCompletion.cpp“ wird kompiliert)
  
C:\TrinityBots\TrinityCore\src\modules\Playerbot\AI\Triggers\Trigger.h(82,43): warning C4100: „ai“: nicht referenzierter Parameter [C:\TrinityBots\TrinityCore\build\src\server\modules\Playerbot\playerbot.vcxproj]
  (Quelldatei „../../../../../src/modules/Playerbot/Quest/QuestCompletion.cpp“ wird kompiliert)
  
C:\TrinityBots\TrinityCore\src\modules\Playerbot\AI\BotAI.h(106,40): warning C4100: „diff“: nicht referenzierter Parameter [C:\TrinityBots\TrinityCore\build\src\server\modules\Playerbot\playerbot.vcxproj]
  (Quelldatei „../../../../../src/modules/Playerbot/Quest/QuestCompletion.cpp“ wird kompiliert)
  
C:\TrinityBots\TrinityCore\src\modules\Playerbot\Movement\Core\MovementTypes.h(253,12): error C2011: "Playerbot::FormationPosition": "struct" Typneudefinition [C:\TrinityBots\TrinityCore\build\src\server\modules\Playerbot\playerbot.vcxproj]
  (Quelldatei „../../../../../src/modules/Playerbot/Quest/QuestCompletion.cpp“ wird kompiliert)
      C:\TrinityBots\TrinityCore\src\modules\Playerbot\Movement\LeaderFollowBehavior.h(62,8):
      Siehe Deklaration von "Playerbot::FormationPosition"
  
  gsoap.vcxproj -> C:\TrinityBots\TrinityCore\build\dep\gsoap\RelWithDebInfo\gsoap.lib
  scripts.vcxproj -> C:\TrinityBots\TrinityCore\build\src\server\scripts\RelWithDebInfo\scripts.lib
