MSBuild-Version 17.14.18+a338add32 für .NET Framework

  argon2.vcxproj -> C:\TrinityBots\TrinityCore\build\dep\argon2\Release\argon2.lib
  zlib.vcxproj -> C:\TrinityBots\TrinityCore\build\dep\zlib\Release\zlib.lib
  Detour.vcxproj -> C:\TrinityBots\TrinityCore\build\dep\recastnavigation\Detour\Release\Detour.lib
  fmt.vcxproj -> C:\TrinityBots\TrinityCore\build\dep\fmt\Release\fmt.lib
  g3dlib.vcxproj -> C:\TrinityBots\TrinityCore\build\dep\g3dlite\Release\g3dlib.lib
  openssl_ed25519.vcxproj -> C:\TrinityBots\TrinityCore\build\bin\Release\openssl_ed25519.dll
  sfmt.vcxproj -> C:\TrinityBots\TrinityCore\build\dep\SFMT\Release\sfmt.lib
  protobuf.vcxproj -> C:\TrinityBots\TrinityCore\build\dep\protobuf\Release\protobuf.lib
  common.vcxproj -> C:\TrinityBots\TrinityCore\build\src\common\Release\common.lib
  database.vcxproj -> C:\TrinityBots\TrinityCore\build\src\server\database\Release\database.lib
  network.vcxproj -> C:\TrinityBots\TrinityCore\build\src\common\network\Release\trinity_network.lib
  proto.vcxproj -> C:\TrinityBots\TrinityCore\build\src\server\proto\Release\proto.lib
  shared.vcxproj -> C:\TrinityBots\TrinityCore\build\src\server\shared\Release\shared.lib
  modules-common.vcxproj -> C:\TrinityBots\TrinityCore\build\src\server\modules\Common\Release\modules-common.lib
  PlayerbotCommands.cpp
C:\TrinityBots\TrinityCore\src\modules\Playerbot\AI\Actions\Action.h(80,34): warning C4100: „ai“: nicht referenzierter Parameter [c:\TrinityBots\TrinityCore\build\src\server\modules\Playerbot\playerbot.vcxproj]
  (Quelldatei „../../../../../src/modules/Playerbot/Commands/PlayerbotCommands.cpp“ wird kompiliert)
  
C:\TrinityBots\TrinityCore\src\modules\Playerbot\AI\Actions\Action.h(102,29): warning C4100: „cooldownMs“: nicht referenzierter Parameter [c:\TrinityBots\TrinityCore\build\src\server\modules\Playerbot\playerbot.vcxproj]
  (Quelldatei „../../../../../src/modules/Playerbot/Commands/PlayerbotCommands.cpp“ wird kompiliert)
  
C:\TrinityBots\TrinityCore\src\modules\Playerbot\AI\Actions\Action.h(163,36): warning C4100: „ai“: nicht referenzierter Parameter [c:\TrinityBots\TrinityCore\build\src\server\modules\Playerbot\playerbot.vcxproj]
  (Quelldatei „../../../../../src/modules/Playerbot/Commands/PlayerbotCommands.cpp“ wird kompiliert)
  
C:\TrinityBots\TrinityCore\src\modules\Playerbot\AI\Triggers\Trigger.h(82,43): warning C4100: „ai“: nicht referenzierter Parameter [c:\TrinityBots\TrinityCore\build\src\server\modules\Playerbot\playerbot.vcxproj]
  (Quelldatei „../../../../../src/modules/Playerbot/Commands/PlayerbotCommands.cpp“ wird kompiliert)
  
C:\TrinityBots\TrinityCore\src\modules\Playerbot\AI\Strategy\Strategy.h(65,34): warning C4100: „ai“: nicht referenzierter Parameter [c:\TrinityBots\TrinityCore\build\src\server\modules\Playerbot\playerbot.vcxproj]
  (Quelldatei „../../../../../src/modules/Playerbot/Commands/PlayerbotCommands.cpp“ wird kompiliert)
  
C:\TrinityBots\TrinityCore\src\modules\Playerbot\AI\Strategy\Strategy.h(86,36): warning C4100: „ai“: nicht referenzierter Parameter [c:\TrinityBots\TrinityCore\build\src\server\modules\Playerbot\playerbot.vcxproj]
  (Quelldatei „../../../../../src/modules/Playerbot/Commands/PlayerbotCommands.cpp“ wird kompiliert)
  
C:\TrinityBots\TrinityCore\src\modules\Playerbot\AI\Strategy\Strategy.h(87,38): warning C4100: „ai“: nicht referenzierter Parameter [c:\TrinityBots\TrinityCore\build\src\server\modules\Playerbot\playerbot.vcxproj]
  (Quelldatei „../../../../../src/modules/Playerbot/Commands/PlayerbotCommands.cpp“ wird kompiliert)
  
C:\TrinityBots\TrinityCore\src\modules\Playerbot\AI\Strategy\Strategy.h(93,51): warning C4100: „diff“: nicht referenzierter Parameter [c:\TrinityBots\TrinityCore\build\src\server\modules\Playerbot\playerbot.vcxproj]
  (Quelldatei „../../../../../src/modules/Playerbot/Commands/PlayerbotCommands.cpp“ wird kompiliert)
  
C:\TrinityBots\TrinityCore\src\modules\Playerbot\AI\Strategy\Strategy.h(93,40): warning C4100: „ai“: nicht referenzierter Parameter [c:\TrinityBots\TrinityCore\build\src\server\modules\Playerbot\playerbot.vcxproj]
  (Quelldatei „../../../../../src/modules/Playerbot/Commands/PlayerbotCommands.cpp“ wird kompiliert)
  
C:\TrinityBots\TrinityCore\src\modules\Playerbot\AI\BotAI.h(106,40): warning C4100: „diff“: nicht referenzierter Parameter [c:\TrinityBots\TrinityCore\build\src\server\modules\Playerbot\playerbot.vcxproj]
  (Quelldatei „../../../../../src/modules/Playerbot/Commands/PlayerbotCommands.cpp“ wird kompiliert)
  
C:\TrinityBots\TrinityCore\src\modules\Playerbot\Lifecycle\BotSpawner.h(143,23): warning C4099: "std::default_delete<Playerbot::BotSpawner>": Geben Sie den zuerst unter Verwendung von "struct" und jetzt unter Verwendung von "class" gesehenen Namen ein [c:\TrinityBots\TrinityCore\build\src\server\modules\Playerbot\playerbot.vcxproj]
  (Quelldatei „../../../../../src/modules/Playerbot/Commands/PlayerbotCommands.cpp“ wird kompiliert)
      C:\Program Files\Microsoft Visual Studio\2022\Enterprise\VC\Tools\MSVC\14.44.35207\include\memory(3301,8):
      Siehe Deklaration von "std::default_delete<Playerbot::BotSpawner>"
  
C:\TrinityBots\TrinityCore\src\modules\Playerbot\Commands\PlayerbotCommands.cpp(53,9): error C2440: "Initialisierung": "initializer list" kann nicht in "std::vector<Trinity::ChatCommands::ChatCommandBuilder,std::allocator<Trinity::ChatCommands::ChatCommandBuilder>>" konvertiert werden [c:\TrinityBots\TrinityCore\build\src\server\modules\Playerbot\playerbot.vcxproj]
      C:\TrinityBots\TrinityCore\src\modules\Playerbot\Commands\PlayerbotCommands.cpp(53,9):
      "std::vector<Trinity::ChatCommands::ChatCommandBuilder,std::allocator<Trinity::ChatCommands::ChatCommandBuilder>>::vector(std::initializer_list<_Ty>,const _Alloc &)" : Konvertierung von Argument 1 von "initializer list" in "std::initializer_list<_Ty>" nicht möglich
          with
          [
              _Ty=Trinity::ChatCommands::ChatCommandBuilder,
              _Alloc=std::allocator<Trinity::ChatCommands::ChatCommandBuilder>
          ]
          and
          [
              _Ty=Trinity::ChatCommands::ChatCommandBuilder
          ]
          C:\TrinityBots\TrinityCore\src\modules\Playerbot\Commands\PlayerbotCommands.cpp(53,9):
          Element "1": Keine Konvertierung von "initializer list" in "_Ty"
          with
          [
              _Ty=Trinity::ChatCommands::ChatCommandBuilder
          ]
          C:\TrinityBots\TrinityCore\src\modules\Playerbot\Commands\PlayerbotCommands.cpp(53,9):
          Element "2": Keine Konvertierung von "initializer list" in "_Ty"
          with
          [
              _Ty=Trinity::ChatCommands::ChatCommandBuilder
          ]
          C:\TrinityBots\TrinityCore\src\modules\Playerbot\Commands\PlayerbotCommands.cpp(53,9):
          Element "3": Keine Konvertierung von "initializer list" in "_Ty"
          with
          [
              _Ty=Trinity::ChatCommands::ChatCommandBuilder
          ]
          C:\TrinityBots\TrinityCore\src\modules\Playerbot\Commands\PlayerbotCommands.cpp(53,9):
          Element "4": Keine Konvertierung von "initializer list" in "_Ty"
          with
          [
              _Ty=Trinity::ChatCommands::ChatCommandBuilder
          ]
          C:\TrinityBots\TrinityCore\src\modules\Playerbot\Commands\PlayerbotCommands.cpp(53,9):
          Element "5": Keine Konvertierung von "initializer list" in "_Ty"
          with
          [
              _Ty=Trinity::ChatCommands::ChatCommandBuilder
          ]
          C:\TrinityBots\TrinityCore\src\modules\Playerbot\Commands\PlayerbotCommands.cpp(53,9):
          Element "6": Keine Konvertierung von "initializer list" in "_Ty"
          with
          [
              _Ty=Trinity::ChatCommands::ChatCommandBuilder
          ]
          C:\TrinityBots\TrinityCore\src\modules\Playerbot\Commands\PlayerbotCommands.cpp(53,9):
          Element "7": Keine Konvertierung von "initializer list" in "_Ty"
          with
          [
              _Ty=Trinity::ChatCommands::ChatCommandBuilder
          ]
          C:\TrinityBots\TrinityCore\src\modules\Playerbot\Commands\PlayerbotCommands.cpp(53,9):
          Element "8": Keine Konvertierung von "initializer list" in "_Ty"
          with
          [
              _Ty=Trinity::ChatCommands::ChatCommandBuilder
          ]
          C:\TrinityBots\TrinityCore\src\modules\Playerbot\Commands\PlayerbotCommands.cpp(53,9):
          Element "9": Keine Konvertierung von "initializer list" in "_Ty"
          with
          [
              _Ty=Trinity::ChatCommands::ChatCommandBuilder
          ]
          C:\TrinityBots\TrinityCore\src\modules\Playerbot\Commands\PlayerbotCommands.cpp(53,9):
          Element "10": Keine Konvertierung von "initializer list" in "_Ty"
          with
          [
              _Ty=Trinity::ChatCommands::ChatCommandBuilder
          ]
          C:\TrinityBots\TrinityCore\src\modules\Playerbot\Commands\PlayerbotCommands.cpp(53,9):
          Element "11": Keine Konvertierung von "initializer list" in "_Ty"
          with
          [
              _Ty=Trinity::ChatCommands::ChatCommandBuilder
          ]
          C:\TrinityBots\TrinityCore\src\modules\Playerbot\Commands\PlayerbotCommands.cpp(53,9):
          Element "12": Keine Konvertierung von "initializer list" in "_Ty"
          with
          [
              _Ty=Trinity::ChatCommands::ChatCommandBuilder
          ]
          C:\TrinityBots\TrinityCore\src\modules\Playerbot\Commands\PlayerbotCommands.cpp(53,9):
          bei Anpassung der Argumentliste "(initializer list)"
  
